#
# There is insufficient memory for the Java Runtime Environment to continue.
# Native memory allocation (mmap) failed to map 132120576 bytes for Failed to commit area from 0x000000008a000000 to 0x0000000091e00000 of length 132120576.
# Possible reasons:
#   The system is out of physical RAM or swap space
#   The process is running with CompressedOops enabled, and the Java Heap may be blocking the growth of the native heap
# Possible solutions:
#   Reduce memory load on the system
#   Increase physical memory or swap space
#   Check if swap backing store is full
#   Decrease Java heap size (-Xmx/-Xms)
#   Decrease number of Java threads
#   Decrease Java thread stack sizes (-Xss)
#   Set larger code cache with -XX:ReservedCodeCacheSize=
#   JVM is running with Unscaled Compressed Oops mode in which the Java heap is
#     placed in the first 4GB address space. The Java Heap base address is the
#     maximum limit for the native heap growth. Please use -XX:HeapBaseMinAddress
#     to set the Java Heap base and to place the Java Heap above 4GB virtual address.
# This output file may be truncated or incomplete.
#
#  Out of Memory Error (t:/workspace/open/src/hotspot/os/windows/os_windows.cpp:3221), pid=28904, tid=10892
#
# JRE version: Java(TM) SE Runtime Environment (10.0.1+10) (build 10.0.1+10)
# Java VM: Java HotSpot(TM) 64-Bit Server VM (10.0.1+10, mixed mode, tiered, compressed oops, g1 gc, windows-amd64)
# No core dump will be written. Minidumps are not enabled by default on client versions of Windows
#

---------------  S U M M A R Y ------------

Command Line: -ea -Dfile.encoding=Cp1252 org.testng.remote.RemoteTestNG -serport 55092 -protocol json -d D:\Selenium-Project\Sample-Test\test-output C:\Users\sanky\AppData\Local\Temp\testng-eclipse-268107819\testng-customsuite.xml

Host: Intel(R) Core(TM) i7-7700HQ CPU @ 2.80GHz, 8 cores, 7G,  Windows 10 , 64 bit Build 18362 (10.0.18362.329)
Time: Sat Mar 14 14:00:59 2020 India Standard Time elapsed time: 32 seconds (0d 0h 0m 32s)

---------------  T H R E A D  ---------------

Current thread (0x000001fdde554800):  VMThread "VM Thread" [stack: 0x000000bd21a00000,0x000000bd21b00000] [id=10892]

Stack: [0x000000bd21a00000,0x000000bd21b00000]
[error occurred during error reporting (printing stack bounds), id 0xe0000002]

Native frames: (J=compiled Java code, j=interpreted, Vv=VM code, C=native code)
V  [jvm.dll+0x5a0369]
V  [jvm.dll+0x6bcf81]
V  [jvm.dll+0x6be176]
V  [jvm.dll+0x6be765]
V  [jvm.dll+0x6be71b]
V  [jvm.dll+0x59fb63]
V  [jvm.dll+0x59ff68]
C  [ntdll.dll+0xa121f]
C  [ntdll.dll+0x6a289]
C  [ntdll.dll+0x9fe8e]
C  0x000001fdc7df0ead

VM_Operation (0x000000bd205fd210): G1IncCollectionPause, mode: safepoint, requested by thread 0x000001fdbca6c800


---------------  P R O C E S S  ---------------

Threads class SMR info:
_java_thread_list=0x000001fddf47cb80, length=19, elements={
0x000001fdbca6c800, 0x000001fdde55b000, 0x000001fdde55b800, 0x000001fdde56b000,
0x000001fdde56c000, 0x000001fdde570800, 0x000001fdde57d800, 0x000001fdde57e800,
0x000001fddef2b000, 0x000001fddef2b800, 0x000001fddf09a800, 0x000001fddf0a3000,
0x000001fddf959800, 0x000001fde040e000, 0x000001fddf96a000, 0x000001fde0401800,
0x000001fde040c800, 0x000001fddf86f800, 0x000001fddf488800
}

Java Threads: ( => current thread )
  0x000001fdbca6c800 JavaThread "main" [_thread_blocked, id=11976, stack(0x000000bd20500000,0x000000bd20600000)]
  0x000001fdde55b000 JavaThread "Reference Handler" daemon [_thread_blocked, id=27728, stack(0x000000bd21b00000,0x000000bd21c00000)]
  0x000001fdde55b800 JavaThread "Finalizer" daemon [_thread_blocked, id=22244, stack(0x000000bd21c00000,0x000000bd21d00000)]
  0x000001fdde56b000 JavaThread "Signal Dispatcher" daemon [_thread_blocked, id=29032, stack(0x000000bd21d00000,0x000000bd21e00000)]
  0x000001fdde56c000 JavaThread "Attach Listener" daemon [_thread_blocked, id=23244, stack(0x000000bd21e00000,0x000000bd21f00000)]
  0x000001fdde570800 JavaThread "C2 CompilerThread0" daemon [_thread_blocked, id=23160, stack(0x000000bd21f00000,0x000000bd22000000)]
  0x000001fdde57d800 JavaThread "C2 CompilerThread1" daemon [_thread_blocked, id=23512, stack(0x000000bd22000000,0x000000bd22100000)]
  0x000001fdde57e800 JavaThread "C2 CompilerThread2" daemon [_thread_blocked, id=26392, stack(0x000000bd22100000,0x000000bd22200000)]
  0x000001fddef2b000 JavaThread "C1 CompilerThread3" daemon [_thread_blocked, id=11736, stack(0x000000bd22200000,0x000000bd22300000)]
  0x000001fddef2b800 JavaThread "Sweeper thread" daemon [_thread_blocked, id=25660, stack(0x000000bd22300000,0x000000bd22400000)]
  0x000001fddf09a800 JavaThread "Service Thread" daemon [_thread_blocked, id=5408, stack(0x000000bd22400000,0x000000bd22500000)]
  0x000001fddf0a3000 JavaThread "Common-Cleaner" daemon [_thread_blocked, id=20040, stack(0x000000bd22500000,0x000000bd22600000)]
  0x000001fddf959800 JavaThread "ReaderThread" [_thread_in_native, id=27860, stack(0x000000bd22800000,0x000000bd22900000)]
  0x000001fde040e000 JavaThread "Exec Default Executor" daemon [_thread_in_native, id=17876, stack(0x000000bd22900000,0x000000bd22a00000)]
  0x000001fddf96a000 JavaThread "UrlChecker-2" daemon [_thread_blocked, id=29468, stack(0x000000bd22a00000,0x000000bd22b00000)]
  0x000001fde0401800 JavaThread "Exec Stream Pumper" daemon [_thread_in_native, id=25424, stack(0x000000bd22b00000,0x000000bd22c00000)]
  0x000001fde040c800 JavaThread "Exec Stream Pumper" daemon [_thread_in_native, id=29004, stack(0x000000bd22c00000,0x000000bd22d00000)]
  0x000001fddf86f800 JavaThread "OkHttp ConnectionPool" daemon [_thread_blocked, id=21096, stack(0x000000bd22e00000,0x000000bd22f00000)]
  0x000001fddf488800 JavaThread "Okio Watchdog" daemon [_thread_blocked, id=11372, stack(0x000000bd22f00000,0x000000bd23000000)]

Other Threads:
=>0x000001fdde554800 VMThread "VM Thread" [stack: 0x000000bd21a00000,0x000000bd21b00000] [id=10892]
  0x000001fddf0a3800 WatcherThread [stack: 0x000000bd22600000,0x000000bd22700000] [id=27396]
  0x000001fdbca87000 GCTaskThread "GC Thread#0" [stack: 0x000000bd20600000,0x000000bd20700000] [id=28764]
  0x000001fdbca88800 GCTaskThread "GC Thread#1" [stack: 0x000000bd20700000,0x000000bd20800000] [id=20292]
  0x000001fdbca8a000 GCTaskThread "GC Thread#2" [stack: 0x000000bd20800000,0x000000bd20900000] [id=29500]
  0x000001fdbca8c800 GCTaskThread "GC Thread#3" [stack: 0x000000bd20900000,0x000000bd20a00000] [id=11424]
  0x000001fdbca8d800 GCTaskThread "GC Thread#4" [stack: 0x000000bd20a00000,0x000000bd20b00000] [id=29536]
  0x000001fdbca91000 GCTaskThread "GC Thread#5" [stack: 0x000000bd20b00000,0x000000bd20c00000] [id=23644]
  0x000001fdbca92800 GCTaskThread "GC Thread#6" [stack: 0x000000bd20c00000,0x000000bd20d00000] [id=29548]
  0x000001fdbca93800 GCTaskThread "GC Thread#7" [stack: 0x000000bd20d00000,0x000000bd20e00000] [id=24976]
  0x000001fdbcaff000 ConcurrentGCThread "G1 Main Marker" [stack: 0x000000bd20e00000,0x000000bd20f00000] [id=27224]
  0x000001fdbcb00000 ConcurrentGCThread "G1 Conc#0" [stack: 0x000000bd20f00000,0x000000bd21000000] [id=22624]
  0x000001fdbcb02000 ConcurrentGCThread "G1 Conc#1" [stack: 0x000000bd21000000,0x000000bd21100000] [id=19612]
  0x000001fdbcb3e800 ConcurrentGCThread "G1 Refine#0" [stack: 0x000000bd21100000,0x000000bd21200000] [id=24436]
  0x000001fdde3cb800 ConcurrentGCThread "G1 Refine#1" [stack: 0x000000bd21200000,0x000000bd21300000] [id=25988]
  0x000001fdde3cd800 ConcurrentGCThread "G1 Refine#2" [stack: 0x000000bd21300000,0x000000bd21400000] [id=22492]
  0x000001fdde3d2000 ConcurrentGCThread "G1 Refine#3" [stack: 0x000000bd21400000,0x000000bd21500000] [id=16256]
  0x000001fdde3d6000 ConcurrentGCThread "G1 Refine#4" [stack: 0x000000bd21500000,0x000000bd21600000] [id=23896]
  0x000001fdde3d7000 ConcurrentGCThread "G1 Refine#5" [stack: 0x000000bd21600000,0x000000bd21700000] [id=8304]
  0x000001fdde3db800 ConcurrentGCThread "G1 Refine#6" [stack: 0x000000bd21700000,0x000000bd21800000] [id=21804]
  0x000001fdde3dc800 ConcurrentGCThread "G1 Refine#7" [stack: 0x000000bd21800000,0x000000bd21900000] [id=25616]
  0x000001fdde3de000 ConcurrentGCThread "G1 Young RemSet Sampling" [stack: 0x000000bd21900000,0x000000bd21a00000] [id=27996]

Threads with active compile tasks:
C2 CompilerThread02944       4       org.apache.xmlbeans.impl.store.Locale::loadNode (289 bytes)
C2 CompilerThread12946       4       org.apache.xmlbeans.impl.store.Locale::loadNodeChildren (28 bytes)
C2 CompilerThread22938   !   4       com.sun.org.apache.xerces.internal.impl.XMLDocumentFragmentScannerImpl$FragmentContentDriver::next (2277 bytes)

VM state:at safepoint (normal execution)

VM Mutex/Monitor currently owned by a thread:  ([mutex/lock_event])
[0x000001fdbca6b530] Threads_lock - owner thread: 0x000001fdde554800
[0x000001fdbca6b260] Heap_lock - owner thread: 0x000001fdbca6c800

Heap address: 0x0000000082200000, size: 2014 MB, Compressed Oops mode: 32-bit
Narrow klass base: 0x0000000000000000, Narrow klass shift: 3
Compressed class space size: 1073741824 Address: 0x0000000100000000

Heap:
 garbage-first heap   total 258048K, used 53501K [0x0000000082200000, 0x0000000100000000)
  region size 1024K, 1 young (1024K), 1 survivors (1024K)
 Metaspace       used 28104K, capacity 28631K, committed 29056K, reserved 1075200K
  class space    used 3009K, capacity 3199K, committed 3200K, reserved 1048576K
Heap Regions: E=young(eden), S=young(survivor), O=old, HS=humongous(starts), HC=humongous(continues), CS=collection set, F=free, A=archive, TS=gc time stamp, AC=allocation context, TAMS=top-at-mark-start (previous, next)
|   0|0x0000000082200000, 0x0000000082300000, 0x0000000082300000|100%|HS|  |TS  0|AC  0|TAMS 0x0000000082300000, 0x0000000082300000|
|   1|0x0000000082300000, 0x0000000082400000, 0x0000000082400000|100%| O|  |TS  0|AC  0|TAMS 0x0000000082400000, 0x0000000082400000|
|   2|0x0000000082400000, 0x0000000082500000, 0x0000000082500000|100%| O|  |TS  0|AC  0|TAMS 0x0000000082500000, 0x0000000082500000|
|   3|0x0000000082500000, 0x0000000082600000, 0x0000000082600000|100%| O|  |TS  1|AC  0|TAMS 0x0000000082562a00, 0x0000000082562a00|
|   4|0x0000000082600000, 0x0000000082700000, 0x0000000082700000|100%| O|  |TS  2|AC  0|TAMS 0x0000000082600000, 0x0000000082600000|
|   5|0x0000000082700000, 0x0000000082800000, 0x0000000082800000|100%|HS|  |TS  0|AC  0|TAMS 0x0000000082700000, 0x0000000082700000|
|   6|0x0000000082800000, 0x0000000082900000, 0x0000000082900000|100%| O|  |TS  1|AC  0|TAMS 0x0000000082800000, 0x0000000082800000|
|   7|0x0000000082900000, 0x0000000082a00000, 0x0000000082a00000|100%| O|  |TS  1|AC  0|TAMS 0x0000000082900000, 0x0000000082900000|
|   8|0x0000000082a00000, 0x0000000082b00000, 0x0000000082b00000|100%| O|  |TS  1|AC  0|TAMS 0x0000000082a00000, 0x0000000082a00000|
|   9|0x0000000082b00000, 0x0000000082c00000, 0x0000000082c00000|100%| O|  |TS  1|AC  0|TAMS 0x0000000082b00000, 0x0000000082b00000|
|  10|0x0000000082c00000, 0x0000000082d00000, 0x0000000082d00000|100%| O|  |TS  1|AC  0|TAMS 0x0000000082c00000, 0x0000000082c00000|
|  11|0x0000000082d00000, 0x0000000082e00000, 0x0000000082e00000|100%| O|  |TS  1|AC  0|TAMS 0x0000000082d00000, 0x0000000082d00000|
|  12|0x0000000082e00000, 0x0000000082f00000, 0x0000000082f00000|100%| O|  |TS  1|AC  0|TAMS 0x0000000082e00000, 0x0000000082e00000|
|  13|0x0000000082f00000, 0x0000000083000000, 0x0000000083000000|100%| O|  |TS  2|AC  0|TAMS 0x0000000082f00000, 0x0000000082f00000|
|  14|0x0000000083000000, 0x0000000083100000, 0x0000000083100000|100%| O|  |TS  2|AC  0|TAMS 0x0000000083000000, 0x0000000083000000|
|  15|0x0000000083100000, 0x0000000083200000, 0x0000000083200000|100%| O|  |TS  2|AC  0|TAMS 0x0000000083100000, 0x0000000083100000|
|  16|0x0000000083200000, 0x0000000083300000, 0x0000000083300000|100%| O|  |TS  2|AC  0|TAMS 0x0000000083200000, 0x0000000083200000|
|  17|0x0000000083300000, 0x0000000083400000, 0x0000000083400000|100%| O|  |TS  2|AC  0|TAMS 0x0000000083300000, 0x0000000083300000|
|  18|0x0000000083400000, 0x0000000083500000, 0x0000000083500000|100%| O|  |TS  2|AC  0|TAMS 0x0000000083400000, 0x0000000083400000|
|  19|0x0000000083500000, 0x0000000083600000, 0x0000000083600000|100%| O|  |TS  2|AC  0|TAMS 0x0000000083500000, 0x0000000083500000|
|  20|0x0000000083600000, 0x0000000083700000, 0x0000000083700000|100%| O|  |TS  3|AC  0|TAMS 0x0000000083600000, 0x0000000083600000|
|  21|0x0000000083700000, 0x0000000083800000, 0x0000000083800000|100%| O|  |TS  4|AC  0|TAMS 0x0000000083700000, 0x0000000083700000|
|  22|0x0000000083800000, 0x0000000083900000, 0x0000000083900000|100%|HS|  |TS  0|AC  0|TAMS 0x0000000083800000, 0x0000000083800000|
|  23|0x0000000083900000, 0x0000000083a00000, 0x0000000083a00000|100%| O|  |TS  3|AC  0|TAMS 0x0000000083900000, 0x0000000083900000|
|  24|0x0000000083a00000, 0x0000000083b00000, 0x0000000083b00000|100%| O|  |TS  3|AC  0|TAMS 0x0000000083a00000, 0x0000000083a00000|
|  25|0x0000000083b00000, 0x0000000083c00000, 0x0000000083c00000|100%| O|  |TS  3|AC  0|TAMS 0x0000000083b00000, 0x0000000083b00000|
|  26|0x0000000083c00000, 0x0000000083d00000, 0x0000000083d00000|100%| O|  |TS  3|AC  0|TAMS 0x0000000083c00000, 0x0000000083c00000|
|  27|0x0000000083d00000, 0x0000000083e00000, 0x0000000083e00000|100%| O|  |TS  3|AC  0|TAMS 0x0000000083d00000, 0x0000000083d00000|
|  28|0x0000000083e00000, 0x0000000083f00000, 0x0000000083f00000|100%| O|  |TS  3|AC  0|TAMS 0x0000000083e00000, 0x0000000083e00000|
|  29|0x0000000083f00000, 0x0000000084000000, 0x0000000084000000|100%| O|  |TS  3|AC  0|TAMS 0x0000000083f00000, 0x0000000083f00000|
|  30|0x0000000084000000, 0x0000000084100000, 0x0000000084100000|100%| O|  |TS  3|AC  0|TAMS 0x0000000084000000, 0x0000000084000000|
|  31|0x0000000084100000, 0x0000000084200000, 0x0000000084200000|100%| O|  |TS  4|AC  0|TAMS 0x0000000084100000, 0x0000000084100000|
|  32|0x0000000084200000, 0x0000000084300000, 0x0000000084300000|100%| O|  |TS  4|AC  0|TAMS 0x0000000084200000, 0x0000000084200000|
|  33|0x0000000084300000, 0x0000000084400000, 0x0000000084400000|100%| O|  |TS  4|AC  0|TAMS 0x0000000084300000, 0x0000000084300000|
|  34|0x0000000084400000, 0x0000000084500000, 0x0000000084500000|100%| O|  |TS  4|AC  0|TAMS 0x0000000084400000, 0x0000000084400000|
|  35|0x0000000084500000, 0x0000000084600000, 0x0000000084600000|100%| O|  |TS  4|AC  0|TAMS 0x0000000084500000, 0x0000000084500000|
|  36|0x0000000084600000, 0x0000000084700000, 0x0000000084700000|100%| O|  |TS  5|AC  0|TAMS 0x0000000084600000, 0x0000000084600000|
|  37|0x0000000084700000, 0x0000000084800000, 0x0000000084800000|100%| O|  |TS  5|AC  0|TAMS 0x0000000084700000, 0x0000000084700000|
|  38|0x0000000084800000, 0x0000000084900000, 0x0000000084900000|100%| O|  |TS  5|AC  0|TAMS 0x0000000084800000, 0x0000000084800000|
|  39|0x0000000084900000, 0x0000000084a00000, 0x0000000084a00000|100%| O|  |TS  6|AC  0|TAMS 0x0000000084900000, 0x0000000084900000|
|  40|0x0000000084a00000, 0x0000000084b00000, 0x0000000084b00000|100%| O|  |TS  7|AC  0|TAMS 0x0000000084a00000, 0x0000000084a00000|
|  41|0x0000000084b00000, 0x0000000084c00000, 0x0000000084c00000|100%|HS|  |TS  0|AC  0|TAMS 0x0000000084b00000, 0x0000000084b00000|
|  42|0x0000000084c00000, 0x0000000084d00000, 0x0000000084d00000|100%| O|  |TS  6|AC  0|TAMS 0x0000000084c00000, 0x0000000084c00000|
|  43|0x0000000084d00000, 0x0000000084e00000, 0x0000000084e00000|100%| O|  |TS  6|AC  0|TAMS 0x0000000084d00000, 0x0000000084d00000|
|  44|0x0000000084e00000, 0x0000000084f00000, 0x0000000084f00000|100%| O|  |TS  6|AC  0|TAMS 0x0000000084e00000, 0x0000000084e00000|
|  45|0x0000000084f00000, 0x0000000085000000, 0x0000000085000000|100%| O|  |TS  6|AC  0|TAMS 0x0000000084f00000, 0x0000000084f00000|
|  46|0x0000000085000000, 0x0000000085100000, 0x0000000085100000|100%| O|  |TS  6|AC  0|TAMS 0x0000000085000000, 0x0000000085000000|
|  47|0x0000000085100000, 0x0000000085200000, 0x0000000085200000|100%| O|  |TS  7|AC  0|TAMS 0x0000000085100000, 0x0000000085100000|
|  48|0x0000000085200000, 0x0000000085300000, 0x0000000085300000|100%| O|  |TS  7|AC  0|TAMS 0x0000000085200000, 0x0000000085200000|
|  49|0x0000000085300000, 0x0000000085400000, 0x0000000085400000|100%| O|  |TS  7|AC  0|TAMS 0x0000000085300000, 0x0000000085300000|
|  50|0x0000000085400000, 0x0000000085500000, 0x0000000085500000|100%| O|  |TS  7|AC  0|TAMS 0x0000000085400000, 0x0000000085400000|
|  51|0x0000000085500000, 0x000000008553f600, 0x0000000085600000| 24%| O|  |TS  7|AC  0|TAMS 0x0000000085500000, 0x0000000085500000|
|  52|0x0000000085600000, 0x0000000085600000, 0x0000000085700000|  0%| F|  |TS  0|AC  0|TAMS 0x0000000085600000, 0x0000000085600000|
|  53|0x0000000085700000, 0x0000000085700000, 0x0000000085800000|  0%| F|  |TS  0|AC  0|TAMS 0x0000000085700000, 0x0000000085700000|
|  54|0x0000000085800000, 0x0000000085800000, 0x0000000085900000|  0%| F|  |TS  0|AC  0|TAMS 0x0000000085800000, 0x0000000085800000|
|  55|0x0000000085900000, 0x0000000085900000, 0x0000000085a00000|  0%| F|  |TS  0|AC  0|TAMS 0x0000000085900000, 0x0000000085900000|
|  56|0x0000000085a00000, 0x0000000085a00000, 0x0000000085b00000|  0%| F|  |TS  0|AC  0|TAMS 0x0000000085a00000, 0x0000000085a00000|
|  57|0x0000000085b00000, 0x0000000085b00000, 0x0000000085c00000|  0%| F|  |TS  0|AC  0|TAMS 0x0000000085b00000, 0x0000000085b00000|
|  58|0x0000000085c00000, 0x0000000085c00000, 0x0000000085d00000|  0%| F|  |TS  0|AC  0|TAMS 0x0000000085c00000, 0x0000000085c00000|
|  59|0x0000000085d00000, 0x0000000085d00000, 0x0000000085e00000|  0%| F|  |TS  0|AC  0|TAMS 0x0000000085d00000, 0x0000000085d00000|
|  60|0x0000000085e00000, 0x0000000085e00000, 0x0000000085f00000|  0%| F|  |TS  0|AC  0|TAMS 0x0000000085e00000, 0x0000000085e00000|
|  61|0x0000000085f00000, 0x0000000085f00000, 0x0000000086000000|  0%| F|  |TS  0|AC  0|TAMS 0x0000000085f00000, 0x0000000085f00000|
|  62|0x0000000086000000, 0x0000000086000000, 0x0000000086100000|  0%| F|  |TS  0|AC  0|TAMS 0x0000000086000000, 0x0000000086000000|
|  63|0x0000000086100000, 0x0000000086100000, 0x0000000086200000|  0%| F|  |TS  0|AC  0|TAMS 0x0000000086100000, 0x0000000086100000|
|  64|0x0000000086200000, 0x0000000086200000, 0x0000000086300000|  0%| F|  |TS  0|AC  0|TAMS 0x0000000086200000, 0x0000000086200000|
|  65|0x0000000086300000, 0x0000000086300000, 0x0000000086400000|  0%| F|  |TS  2|AC  0|TAMS 0x0000000086300000, 0x0000000086300000|
|  66|0x0000000086400000, 0x0000000086400000, 0x0000000086500000|  0%| F|  |TS  2|AC  0|TAMS 0x0000000086400000, 0x0000000086400000|
|  67|0x0000000086500000, 0x0000000086500000, 0x0000000086600000|  0%| F|  |TS  2|AC  0|TAMS 0x0000000086500000, 0x0000000086500000|
|  68|0x0000000086600000, 0x0000000086600000, 0x0000000086700000|  0%| F|  |TS  2|AC  0|TAMS 0x0000000086600000, 0x0000000086600000|
|  69|0x0000000086700000, 0x0000000086700000, 0x0000000086800000|  0%| F|  |TS  2|AC  0|TAMS 0x0000000086700000, 0x0000000086700000|
|  70|0x0000000086800000, 0x0000000086800000, 0x0000000086900000|  0%| F|  |TS  2|AC  0|TAMS 0x0000000086800000, 0x0000000086800000|
|  71|0x0000000086900000, 0x0000000086900000, 0x0000000086a00000|  0%| F|  |TS  2|AC  0|TAMS 0x0000000086900000, 0x0000000086900000|
|  72|0x0000000086a00000, 0x0000000086a00000, 0x0000000086b00000|  0%| F|  |TS  1|AC  0|TAMS 0x0000000086a00000, 0x0000000086a00000|
|  73|0x0000000086b00000, 0x0000000086b00000, 0x0000000086c00000|  0%| F|  |TS  1|AC  0|TAMS 0x0000000086b00000, 0x0000000086b00000|
|  74|0x0000000086c00000, 0x0000000086c00000, 0x0000000086d00000|  0%| F|  |TS  1|AC  0|TAMS 0x0000000086c00000, 0x0000000086c00000|
|  75|0x0000000086d00000, 0x0000000086d00000, 0x0000000086e00000|  0%| F|  |TS  1|AC  0|TAMS 0x0000000086d00000, 0x0000000086d00000|
|  76|0x0000000086e00000, 0x0000000086e00000, 0x0000000086f00000|  0%| F|  |TS  1|AC  0|TAMS 0x0000000086e00000, 0x0000000086e00000|
|  77|0x0000000086f00000, 0x0000000086f00000, 0x0000000087000000|  0%| F|  |TS  1|AC  0|TAMS 0x0000000086f00000, 0x0000000086f00000|
|  78|0x0000000087000000, 0x0000000087000000, 0x0000000087100000|  0%| F|  |TS  1|AC  0|TAMS 0x0000000087000000, 0x0000000087000000|
|  79|0x0000000087100000, 0x0000000087100000, 0x0000000087200000|  0%| F|  |TS  1|AC  0|TAMS 0x0000000087100000, 0x0000000087100000|
|  80|0x0000000087200000, 0x0000000087200000, 0x0000000087300000|  0%| F|  |TS  1|AC  0|TAMS 0x0000000087200000, 0x0000000087200000|
|  81|0x0000000087300000, 0x0000000087300000, 0x0000000087400000|  0%| F|  |TS  1|AC  0|TAMS 0x0000000087300000, 0x0000000087300000|
|  82|0x0000000087400000, 0x0000000087400000, 0x0000000087500000|  0%| F|  |TS  4|AC  0|TAMS 0x0000000087400000, 0x0000000087400000|
|  83|0x0000000087500000, 0x0000000087500000, 0x0000000087600000|  0%| F|  |TS  4|AC  0|TAMS 0x0000000087500000, 0x0000000087500000|
|  84|0x0000000087600000, 0x0000000087600000, 0x0000000087700000|  0%| F|  |TS  4|AC  0|TAMS 0x0000000087600000, 0x0000000087600000|
|  85|0x0000000087700000, 0x0000000087700000, 0x0000000087800000|  0%| F|  |TS  4|AC  0|TAMS 0x0000000087700000, 0x0000000087700000|
|  86|0x0000000087800000, 0x0000000087800000, 0x0000000087900000|  0%| F|  |TS  4|AC  0|TAMS 0x0000000087800000, 0x0000000087800000|
|  87|0x0000000087900000, 0x0000000087900000, 0x0000000087a00000|  0%| F|  |TS  3|AC  0|TAMS 0x0000000087900000, 0x0000000087900000|
|  88|0x0000000087a00000, 0x0000000087a00000, 0x0000000087b00000|  0%| F|  |TS  3|AC  0|TAMS 0x0000000087a00000, 0x0000000087a00000|
|  89|0x0000000087b00000, 0x0000000087b00000, 0x0000000087c00000|  0%| F|  |TS  3|AC  0|TAMS 0x0000000087b00000, 0x0000000087b00000|
|  90|0x0000000087c00000, 0x0000000087c00000, 0x0000000087d00000|  0%| F|  |TS  3|AC  0|TAMS 0x0000000087c00000, 0x0000000087c00000|
|  91|0x0000000087d00000, 0x0000000087d00000, 0x0000000087e00000|  0%| F|  |TS  3|AC  0|TAMS 0x0000000087d00000, 0x0000000087d00000|
|  92|0x0000000087e00000, 0x0000000087e00000, 0x0000000087f00000|  0%| F|  |TS  3|AC  0|TAMS 0x0000000087e00000, 0x0000000087e00000|
|  93|0x0000000087f00000, 0x0000000087f00000, 0x0000000088000000|  0%| F|  |TS  3|AC  0|TAMS 0x0000000087f00000, 0x0000000087f00000|
|  94|0x0000000088000000, 0x0000000088000000, 0x0000000088100000|  0%| F|  |TS  3|AC  0|TAMS 0x0000000088000000, 0x0000000088000000|
|  95|0x0000000088100000, 0x0000000088100000, 0x0000000088200000|  0%| F|  |TS  3|AC  0|TAMS 0x0000000088100000, 0x0000000088100000|
|  96|0x0000000088200000, 0x0000000088200000, 0x0000000088300000|  0%| F|  |TS  3|AC  0|TAMS 0x0000000088200000, 0x0000000088200000|
|  97|0x0000000088300000, 0x0000000088300000, 0x0000000088400000|  0%| F|  |TS  3|AC  0|TAMS 0x0000000088300000, 0x0000000088300000|
|  98|0x0000000088400000, 0x0000000088400000, 0x0000000088500000|  0%| F|  |TS  3|AC  0|TAMS 0x0000000088400000, 0x0000000088400000|
|  99|0x0000000088500000, 0x0000000088500000, 0x0000000088600000|  0%| F|  |TS  3|AC  0|TAMS 0x0000000088500000, 0x0000000088500000|
| 100|0x0000000088600000, 0x0000000088600000, 0x0000000088700000|  0%| F|  |TS  3|AC  0|TAMS 0x0000000088600000, 0x0000000088600000|
| 101|0x0000000088700000, 0x0000000088700000, 0x0000000088800000|  0%| F|  |TS  3|AC  0|TAMS 0x0000000088700000, 0x0000000088700000|
| 102|0x0000000088800000, 0x0000000088800000, 0x0000000088900000|  0%| F|  |TS  3|AC  0|TAMS 0x0000000088800000, 0x0000000088800000|
| 103|0x0000000088900000, 0x0000000088900000, 0x0000000088a00000|  0%| F|  |TS  3|AC  0|TAMS 0x0000000088900000, 0x0000000088900000|
| 104|0x0000000088a00000, 0x0000000088a00000, 0x0000000088b00000|  0%| F|  |TS  3|AC  0|TAMS 0x0000000088a00000, 0x0000000088a00000|
| 105|0x0000000088b00000, 0x0000000088b00000, 0x0000000088c00000|  0%| F|  |TS  3|AC  0|TAMS 0x0000000088b00000, 0x0000000088b00000|
| 106|0x0000000088c00000, 0x0000000088c00000, 0x0000000088d00000|  0%| F|  |TS  3|AC  0|TAMS 0x0000000088c00000, 0x0000000088c00000|
| 107|0x0000000088d00000, 0x0000000088d00000, 0x0000000088e00000|  0%| F|  |TS  3|AC  0|TAMS 0x0000000088d00000, 0x0000000088d00000|
| 108|0x0000000088e00000, 0x0000000088e00000, 0x0000000088f00000|  0%| F|  |TS  3|AC  0|TAMS 0x0000000088e00000, 0x0000000088e00000|
| 109|0x0000000088f00000, 0x0000000088f00000, 0x0000000089000000|  0%| F|  |TS  3|AC  0|TAMS 0x0000000088f00000, 0x0000000088f00000|
| 110|0x0000000089000000, 0x0000000089000000, 0x0000000089100000|  0%| F|  |TS  3|AC  0|TAMS 0x0000000089000000, 0x0000000089000000|
| 111|0x0000000089100000, 0x0000000089100000, 0x0000000089200000|  0%| F|  |TS  3|AC  0|TAMS 0x0000000089100000, 0x0000000089100000|
| 112|0x0000000089200000, 0x0000000089200000, 0x0000000089300000|  0%| F|  |TS  3|AC  0|TAMS 0x0000000089200000, 0x0000000089200000|
| 113|0x0000000089300000, 0x0000000089300000, 0x0000000089400000|  0%| F|  |TS  6|AC  0|TAMS 0x0000000089300000, 0x0000000089300000|
| 114|0x0000000089400000, 0x0000000089400000, 0x0000000089500000|  0%| F|  |TS  6|AC  0|TAMS 0x0000000089400000, 0x0000000089400000|
| 115|0x0000000089500000, 0x0000000089500000, 0x0000000089600000|  0%| F|  |TS  5|AC  0|TAMS 0x0000000089500000, 0x0000000089500000|
| 116|0x0000000089600000, 0x0000000089600000, 0x0000000089700000|  0%| F|  |TS  7|AC  0|TAMS 0x0000000089600000, 0x0000000089600000|
| 117|0x0000000089700000, 0x0000000089700000, 0x0000000089800000|  0%| F|  |TS  7|AC  0|TAMS 0x0000000089700000, 0x0000000089700000|
| 118|0x0000000089800000, 0x0000000089800000, 0x0000000089900000|  0%| F|  |TS  6|AC  0|TAMS 0x0000000089800000, 0x0000000089800000|
| 119|0x0000000089900000, 0x0000000089900000, 0x0000000089a00000|  0%| F|  |TS  6|AC  0|TAMS 0x0000000089900000, 0x0000000089900000|
| 120|0x0000000089a00000, 0x0000000089a00000, 0x0000000089b00000|  0%| F|  |TS  6|AC  0|TAMS 0x0000000089a00000, 0x0000000089a00000|
| 121|0x0000000089b00000, 0x0000000089c00000, 0x0000000089c00000|100%| S|CS|TS  7|AC  0|TAMS 0x0000000089b00000, 0x0000000089b00000|
| 122|0x0000000089c00000, 0x0000000089c00000, 0x0000000089d00000|  0%| F|  |TS  7|AC  0|TAMS 0x0000000089c00000, 0x0000000089c00000|
| 123|0x0000000089d00000, 0x0000000089d00000, 0x0000000089e00000|  0%| F|  |TS  7|AC  0|TAMS 0x0000000089d00000, 0x0000000089d00000|
| 124|0x0000000089e00000, 0x0000000089e00000, 0x0000000089f00000|  0%| F|  |TS  7|AC  0|TAMS 0x0000000089e00000, 0x0000000089e00000|
| 125|0x0000000089f00000, 0x0000000089f00000, 0x000000008a000000|  0%| F|  |TS  7|AC  0|TAMS 0x0000000089f00000, 0x0000000089f00000|

Card table byte_map: [0x000001fdd7400000,0x000001fdd77f0000] byte_map_base: 0x000001fdd6fef000

Marking Bits (Prev, Next): (CMBitMap*) 0x000001fdbcafe088, (CMBitMap*) 0x000001fdbcafe050
 Prev Bits: [0x000001fdd9b60000, 0x000001fddbad8000)
 Next Bits: [0x000001fdd7be0000, 0x000001fdd9b58000)

Polling page: 0x000001fdba860000

CodeHeap 'non-profiled nmethods': size=120000Kb used=2131Kb max_used=2131Kb free=117868Kb
 bounds [0x000001fdcf8c0000, 0x000001fdcfb30000, 0x000001fdd6df0000]
CodeHeap 'profiled nmethods': size=120000Kb used=6067Kb max_used=6067Kb free=113932Kb
 bounds [0x000001fdc8390000, 0x000001fdc8980000, 0x000001fdcf8c0000]
CodeHeap 'non-nmethods': size=5760Kb used=1161Kb max_used=1258Kb free=4598Kb
 bounds [0x000001fdc7df0000, 0x000001fdc8060000, 0x000001fdc8390000]
 total_blobs=4354 nmethods=2869 adapters=411
 compilation: enabled

Compilation events (10 events):
Event: 31.782 Thread 0x000001fdde57e800 nmethod 2936% 0x000001fdcfaca210 code [0x000001fdcfaca520, 0x000001fdcfacab40]
Event: 31.782 Thread 0x000001fdde57e800 2938   !   4       com.sun.org.apache.xerces.internal.impl.XMLDocumentFragmentScannerImpl$FragmentContentDriver::next (2277 bytes)
Event: 32.477 Thread 0x000001fdde570800 nmethod 2940 0x000001fdcfacb290 code [0x000001fdcfacb4a0, 0x000001fdcfacccd8]
Event: 32.478 Thread 0x000001fdde570800 2944       4       org.apache.xmlbeans.impl.store.Locale::loadNode (289 bytes)
Event: 32.481 Thread 0x000001fdde57d800 nmethod 2937 0x000001fdcfacd290 code [0x000001fdcfacd5a0, 0x000001fdcfad15b8]
Event: 32.481 Thread 0x000001fdde57d800 2941       4       com.sun.org.apache.xerces.internal.impl.XMLNSDocumentScannerImpl::scanAttribute (824 bytes)
Event: 32.509 Thread 0x000001fdde57d800 nmethod 2941 0x000001fdcfad2310 code [0x000001fdcfad2600, 0x000001fdcfad3780]
Event: 32.509 Thread 0x000001fdde57d800 2942       4       com.sun.org.apache.xerces.internal.impl.XMLDocumentFragmentScannerImpl::getString (76 bytes)
Event: 32.513 Thread 0x000001fdde57d800 nmethod 2942 0x000001fdcfad4690 code [0x000001fdcfad4840, 0x000001fdcfad4a68]
Event: 32.513 Thread 0x000001fdde57d800 2946       4       org.apache.xmlbeans.impl.store.Locale::loadNodeChildren (28 bytes)

GC Heap History (10 events):
Event: 28.986 GC heap after
{Heap after GC invocations=5 (full 0):
 garbage-first heap   total 129024K, used 22620K [0x0000000082200000, 0x0000000100000000)
  region size 1024K, 2 young (2048K), 2 survivors (2048K)
 Metaspace       used 27679K, capacity 28209K, committed 28800K, reserved 1075200K
  class space    used 2945K, capacity 3166K, committed 3200K, reserved 1048576K
}
Event: 30.379 GC heap before
{Heap before GC invocations=5 (full 0):
 garbage-first heap   total 129024K, used 62556K [0x0000000082200000, 0x0000000100000000)
  region size 1024K, 39 young (39936K), 2 survivors (2048K)
 Metaspace       used 28072K, capacity 28561K, committed 29056K, reserved 1075200K
  class space    used 3008K, capacity 3198K, committed 3200K, reserved 1048576K
}
Event: 30.710 GC heap after
{Heap after GC invocations=6 (full 0):
 garbage-first heap   total 129024K, used 36170K [0x0000000082200000, 0x0000000100000000)
  region size 1024K, 5 young (5120K), 5 survivors (5120K)
 Metaspace       used 28072K, capacity 28561K, committed 29056K, reserved 1075200K
  class space    used 3008K, capacity 3198K, committed 3200K, reserved 1048576K
}
Event: 31.118 GC heap before
{Heap before GC invocations=6 (full 0):
 garbage-first heap   total 129024K, used 43338K [0x0000000082200000, 0x0000000100000000)
  region size 1024K, 12 young (12288K), 5 survivors (5120K)
 Metaspace       used 28073K, capacity 28561K, committed 29056K, reserved 1075200K
  class space    used 3008K, capacity 3198K, committed 3200K, reserved 1048576K
}
Event: 31.396 GC heap after
{Heap after GC invocations=7 (full 0):
 garbage-first heap   total 129024K, used 39100K [0x0000000082200000, 0x0000000100000000)
  region size 1024K, 2 young (2048K), 2 survivors (2048K)
 Metaspace       used 28073K, capacity 28561K, committed 29056K, reserved 1075200K
  class space    used 3008K, capacity 3198K, committed 3200K, reserved 1048576K
}
Event: 31.434 GC heap before
{Heap before GC invocations=7 (full 0):
 garbage-first heap   total 129024K, used 48316K [0x0000000082200000, 0x0000000100000000)
  region size 1024K, 11 young (11264K), 2 survivors (2048K)
 Metaspace       used 28073K, capacity 28561K, committed 29056K, reserved 1075200K
  class space    used 3008K, capacity 3198K, committed 3200K, reserved 1048576K
}
Event: 31.621 GC heap after
{Heap after GC invocations=8 (full 0):
 garbage-first heap   total 129024K, used 42128K [0x0000000082200000, 0x0000000100000000)
  region size 1024K, 2 young (2048K), 2 survivors (2048K)
 Metaspace       used 28073K, capacity 28561K, committed 29056K, reserved 1075200K
  class space    used 3008K, capacity 3198K, committed 3200K, reserved 1048576K
}
Event: 31.803 GC heap before
{Heap before GC invocations=8 (full 0):
 garbage-first heap   total 129024K, used 52368K [0x0000000082200000, 0x0000000100000000)
  region size 1024K, 10 young (10240K), 2 survivors (2048K)
 Metaspace       used 28104K, capacity 28631K, committed 29056K, reserved 1075200K
  class space    used 3009K, capacity 3199K, committed 3200K, reserved 1048576K
}
Event: 32.476 GC heap after
{Heap after GC invocations=9 (full 0):
 garbage-first heap   total 129024K, used 49307K [0x0000000082200000, 0x0000000100000000)
  region size 1024K, 2 young (2048K), 2 survivors (2048K)
 Metaspace       used 28104K, capacity 28631K, committed 29056K, reserved 1075200K
  class space    used 3009K, capacity 3199K, committed 3200K, reserved 1048576K
}
Event: 32.546 GC heap before
{Heap before GC invocations=9 (full 0):
 garbage-first heap   total 129024K, used 53403K [0x0000000082200000, 0x0000000100000000)
  region size 1024K, 6 young (6144K), 2 survivors (2048K)
 Metaspace       used 28104K, capacity 28631K, committed 29056K, reserved 1075200K
  class space    used 3009K, capacity 3199K, committed 3200K, reserved 1048576K
}

Deoptimization events (10 events):
Event: 31.630 Thread 0x000001fdbca6c800 Uncommon trap: reason=bimorphic_or_optimized_type_check action=maybe_recompile pc=0x000001fdcfa637f0 method=org.apache.xmlbeans.impl.values.XmlObjectBase.get_wscanon_text()Ljava/lang/String; @ 27 c2
Event: 31.630 Thread 0x000001fdbca6c800 Uncommon trap: reason=bimorphic_or_optimized_type_check action=maybe_recompile pc=0x000001fdcfa637f0 method=org.apache.xmlbeans.impl.values.XmlObjectBase.get_wscanon_text()Ljava/lang/String; @ 27 c2
Event: 31.631 Thread 0x000001fdbca6c800 Uncommon trap: reason=class_check action=maybe_recompile pc=0x000001fdcfa40a30 method=org.apache.xmlbeans.impl.store.Xobj.compute_flags()I @ 29 c2
Event: 31.631 Thread 0x000001fdbca6c800 Uncommon trap: reason=unstable_if action=reinterpret pc=0x000001fdcfa01d90 method=java.lang.Integer.compare(II)I @ 2 c2
Event: 31.767 Thread 0x000001fdbca6c800 Uncommon trap: reason=class_check action=maybe_recompile pc=0x000001fdcfa9c280 method=org.apache.xmlbeans.impl.store.Locale.loadNode(Lorg/w3c/dom/Node;Lorg/apache/xmlbeans/impl/store/Locale$LoadContext;)V @ 1 c2
Event: 31.767 Thread 0x000001fdbca6c800 Uncommon trap: reason=class_check action=maybe_recompile pc=0x000001fdcfa9c280 method=org.apache.xmlbeans.impl.store.Locale.loadNode(Lorg/w3c/dom/Node;Lorg/apache/xmlbeans/impl/store/Locale$LoadContext;)V @ 1 c2
Event: 31.767 Thread 0x000001fdbca6c800 Uncommon trap: reason=class_check action=maybe_recompile pc=0x000001fdcfa9c280 method=org.apache.xmlbeans.impl.store.Locale.loadNode(Lorg/w3c/dom/Node;Lorg/apache/xmlbeans/impl/store/Locale$LoadContext;)V @ 1 c2
Event: 31.767 Thread 0x000001fdbca6c800 Uncommon trap: reason=class_check action=maybe_recompile pc=0x000001fdcfa9c280 method=org.apache.xmlbeans.impl.store.Locale.loadNode(Lorg/w3c/dom/Node;Lorg/apache/xmlbeans/impl/store/Locale$LoadContext;)V @ 1 c2
Event: 31.770 Thread 0x000001fdbca6c800 Uncommon trap: reason=unstable_if action=reinterpret pc=0x000001fdcfab09f8 method=org.apache.xmlbeans.impl.store.Locale.isXmlns(Ljavax/xml/namespace/QName;)Z @ 20 c2
Event: 31.770 Thread 0x000001fdbca6c800 Uncommon trap: reason=class_check action=maybe_recompile pc=0x000001fdcfa40a30 method=org.apache.xmlbeans.impl.store.Xobj.compute_flags()I @ 29 c2

Classes redefined (0 events):
No events

Internal exceptions (10 events):
Event: 26.198 Thread 0x000001fdbca6c800 Exception <a 'java/security/PrivilegedActionException'{0x0000000088f4e308}> (0x0000000088f4e308) thrown at [t:/workspace/open/src/hotspot/share/prims/jvm.cpp, line 1345]
Event: 26.198 Thread 0x000001fdbca6c800 Exception <a 'java/security/PrivilegedActionException'{0x0000000088f4eb28}> (0x0000000088f4eb28) thrown at [t:/workspace/open/src/hotspot/share/prims/jvm.cpp, line 1345]
Event: 26.200 Thread 0x000001fdbca6c800 Exception <a 'java/security/PrivilegedActionException'{0x0000000088f579f8}> (0x0000000088f579f8) thrown at [t:/workspace/open/src/hotspot/share/prims/jvm.cpp, line 1345]
Event: 26.200 Thread 0x000001fdbca6c800 Exception <a 'java/security/PrivilegedActionException'{0x0000000088f58218}> (0x0000000088f58218) thrown at [t:/workspace/open/src/hotspot/share/prims/jvm.cpp, line 1345]
Event: 26.201 Thread 0x000001fdbca6c800 Exception <a 'java/security/PrivilegedActionException'{0x0000000088f5c950}> (0x0000000088f5c950) thrown at [t:/workspace/open/src/hotspot/share/prims/jvm.cpp, line 1345]
Event: 26.201 Thread 0x000001fdbca6c800 Exception <a 'java/security/PrivilegedActionException'{0x0000000088f5d170}> (0x0000000088f5d170) thrown at [t:/workspace/open/src/hotspot/share/prims/jvm.cpp, line 1345]
Event: 26.203 Thread 0x000001fdbca6c800 Exception <a 'java/security/PrivilegedActionException'{0x0000000088f66240}> (0x0000000088f66240) thrown at [t:/workspace/open/src/hotspot/share/prims/jvm.cpp, line 1345]
Event: 26.203 Thread 0x000001fdbca6c800 Exception <a 'java/security/PrivilegedActionException'{0x0000000088f66a60}> (0x0000000088f66a60) thrown at [t:/workspace/open/src/hotspot/share/prims/jvm.cpp, line 1345]
Event: 28.570 Thread 0x000001fdbca6c800 Exception <a 'java/lang/NoSuchMethodError'{0x0000000086dfcd70}: java.lang.Object.lambda$union$1(Ljava/util/regex/Pattern$CharPredicate;I)Z> (0x0000000086dfcd70) thrown at [t:/workspace/open/src/hotspot/share/interpreter/linkResolver.cpp, line 741]
Event: 29.585 Thread 0x000001fdbca6c800 Implicit null exception at 0x000001fdcf9ad035 to 0x000001fdcf9af438

Events (10 events):
Event: 31.770 Thread 0x000001fdbca6c800 Uncommon trap: trap_request=0xffffffde fr.pc=0x000001fdcfa40a30 relative=0x00000000000050b0
Event: 31.770 Executing VM operation: RevokeBias
Event: 31.770 Executing VM operation: RevokeBias done
Event: 31.770 Thread 0x000001fdbca6c800 DEOPT PACKING pc=0x000001fdcfa40a30 sp=0x000000bd205fda90
Event: 31.770 Thread 0x000001fdbca6c800 DEOPT UNPACKING pc=0x000001fdc7e18a2f sp=0x000000bd205fd998 mode 2
Event: 31.783 Thread 0x000001fdbca6c800 DEOPT PACKING pc=0x000001fdc8924ca7 sp=0x000000bd205fd6e0
Event: 31.783 Thread 0x000001fdbca6c800 DEOPT UNPACKING pc=0x000001fdc7e1884e sp=0x000000bd205fcbb8 mode 0
Event: 31.803 Executing VM operation: G1IncCollectionPause
Event: 32.476 Executing VM operation: G1IncCollectionPause done
Event: 32.546 Executing VM operation: G1IncCollectionPause


Dynamic libraries:
0x00007ff6ce490000 - 0x00007ff6ce4ce000 	C:\Program Files\Java\jdk-10.0.1\bin\javaw.exe
0x00007fff8fea0000 - 0x00007fff90090000 	C:\WINDOWS\SYSTEM32\ntdll.dll
0x00007fff8e7e0000 - 0x00007fff8e892000 	C:\WINDOWS\System32\KERNEL32.DLL
0x00007fff8dca0000 - 0x00007fff8df43000 	C:\WINDOWS\System32\KERNELBASE.dll
0x00007fff8df50000 - 0x00007fff8dff3000 	C:\WINDOWS\System32\ADVAPI32.dll
0x00007fff8e000000 - 0x00007fff8e09e000 	C:\WINDOWS\System32\msvcrt.dll
0x00007fff8e180000 - 0x00007fff8e217000 	C:\WINDOWS\System32\sechost.dll
0x00007fff8fb60000 - 0x00007fff8fc80000 	C:\WINDOWS\System32\RPCRT4.dll
0x00007fff8e950000 - 0x00007fff8eae4000 	C:\WINDOWS\System32\USER32.dll
0x00007fff8cfd0000 - 0x00007fff8cff1000 	C:\WINDOWS\System32\win32u.dll
0x00007fff8ef90000 - 0x00007fff8efb6000 	C:\WINDOWS\System32\GDI32.dll
0x00007fff8da50000 - 0x00007fff8dbe4000 	C:\WINDOWS\System32\gdi32full.dll
0x00007fff8d150000 - 0x00007fff8d1ee000 	C:\WINDOWS\System32\msvcp_win.dll
0x00007fff8ce30000 - 0x00007fff8cf2a000 	C:\WINDOWS\System32\ucrtbase.dll
0x00007fff7b030000 - 0x00007fff7b2b5000 	C:\WINDOWS\WinSxS\amd64_microsoft.windows.common-controls_6595b64144ccf1df_6.0.18362.719_none_e6c7b883130c6729\COMCTL32.dll
0x00007fff8ec50000 - 0x00007fff8ef86000 	C:\WINDOWS\System32\combase.dll
0x00007fff8d1f0000 - 0x00007fff8d270000 	C:\WINDOWS\System32\bcryptPrimitives.dll
0x00007fff85140000 - 0x00007fff8514a000 	C:\WINDOWS\SYSTEM32\VERSION.dll
0x00007fff8f870000 - 0x00007fff8f89e000 	C:\WINDOWS\System32\IMM32.DLL
0x00007fff682c0000 - 0x00007fff683af000 	C:\Program Files\Java\jdk-10.0.1\bin\msvcr120.dll
0x00007fff68100000 - 0x00007fff681a6000 	C:\Program Files\Java\jdk-10.0.1\bin\msvcp120.dll
0x00000000699c0000 - 0x000000006a430000 	C:\Program Files\Java\jdk-10.0.1\bin\server\jvm.dll
0x00007fff8fad0000 - 0x00007fff8fad8000 	C:\WINDOWS\System32\PSAPI.DLL
0x00007fff89680000 - 0x00007fff896a4000 	C:\WINDOWS\SYSTEM32\WINMM.dll
0x00007fff78fa0000 - 0x00007fff78fa9000 	C:\WINDOWS\SYSTEM32\WSOCK32.dll
0x00007fff8fc80000 - 0x00007fff8fcef000 	C:\WINDOWS\System32\WS2_32.dll
0x00007fff89600000 - 0x00007fff8962d000 	C:\WINDOWS\SYSTEM32\WINMMBASE.dll
0x00007fff8cf30000 - 0x00007fff8cf7a000 	C:\WINDOWS\System32\cfgmgr32.dll
0x00007fff88f40000 - 0x00007fff88f4f000 	C:\Program Files\Java\jdk-10.0.1\bin\verify.dll
0x00007fff8b620000 - 0x00007fff8b814000 	C:\WINDOWS\SYSTEM32\DBGHELP.DLL
0x00007fff6df70000 - 0x00007fff6df9a000 	C:\WINDOWS\SYSTEM32\dbgcore.DLL
0x00007fff685f0000 - 0x00007fff68617000 	C:\Program Files\Java\jdk-10.0.1\bin\java.dll
0x00007fff689d0000 - 0x00007fff689e6000 	C:\Program Files\Java\jdk-10.0.1\bin\zip.dll
0x00007fff88f30000 - 0x00007fff88f3a000 	C:\Program Files\Java\jdk-10.0.1\bin\jimage.dll
0x00007fff8f030000 - 0x00007fff8f715000 	C:\WINDOWS\System32\SHELL32.dll
0x00007fff8e8a0000 - 0x00007fff8e949000 	C:\WINDOWS\System32\shcore.dll
0x00007fff8d270000 - 0x00007fff8d9f0000 	C:\WINDOWS\System32\windows.storage.dll
0x00007fff8cd70000 - 0x00007fff8cd93000 	C:\WINDOWS\System32\profapi.dll
0x00007fff8cdc0000 - 0x00007fff8ce0a000 	C:\WINDOWS\System32\powrprof.dll
0x00007fff8cd60000 - 0x00007fff8cd70000 	C:\WINDOWS\System32\UMPDC.dll
0x00007fff8fda0000 - 0x00007fff8fdf2000 	C:\WINDOWS\System32\shlwapi.dll
0x00007fff8cda0000 - 0x00007fff8cdb1000 	C:\WINDOWS\System32\kernel.appcore.dll
0x00007fff8cfb0000 - 0x00007fff8cfc7000 	C:\WINDOWS\System32\cryptsp.dll
0x00007fff68240000 - 0x00007fff6825a000 	C:\Program Files\Java\jdk-10.0.1\bin\net.dll
0x00007fff7aa50000 - 0x00007fff7ab41000 	C:\WINDOWS\SYSTEM32\WINHTTP.dll
0x00007fff8c570000 - 0x00007fff8c5d7000 	C:\WINDOWS\system32\mswsock.dll
0x00007fff68220000 - 0x00007fff68231000 	C:\Program Files\Java\jdk-10.0.1\bin\nio.dll
0x00007fff8c2c0000 - 0x00007fff8c38a000 	C:\WINDOWS\SYSTEM32\DNSAPI.dll
0x00007fff8f720000 - 0x00007fff8f728000 	C:\WINDOWS\System32\NSI.dll
0x00007fff8c280000 - 0x00007fff8c2ba000 	C:\WINDOWS\SYSTEM32\IPHLPAPI.DLL
0x00007fff84eb0000 - 0x00007fff84eba000 	C:\Windows\System32\rasadhlp.dll
0x00007fff82950000 - 0x00007fff829c7000 	C:\WINDOWS\System32\fwpuclnt.dll
0x00007fff8cf80000 - 0x00007fff8cfa6000 	C:\WINDOWS\System32\bcrypt.dll
0x00007fff8c0e0000 - 0x00007fff8c113000 	C:\WINDOWS\system32\rsaenh.dll
0x00007fff8cc80000 - 0x00007fff8cca5000 	C:\WINDOWS\SYSTEM32\USERENV.dll
0x00007fff8c740000 - 0x00007fff8c74c000 	C:\WINDOWS\SYSTEM32\CRYPTBASE.dll
0x00007fff83e60000 - 0x00007fff83e76000 	C:\WINDOWS\SYSTEM32\dhcpcsvc6.DLL
0x00007fff84390000 - 0x00007fff843ac000 	C:\WINDOWS\SYSTEM32\dhcpcsvc.DLL
0x00007fff680d0000 - 0x00007fff680f3000 	C:\Program Files\Java\jdk-10.0.1\bin\sunec.dll
0x00007fff86a80000 - 0x00007fff86a8b000 	C:\Program Files\Java\jdk-10.0.1\bin\sunmscapi.dll
0x00007fff8d000000 - 0x00007fff8d149000 	C:\WINDOWS\System32\CRYPT32.dll
0x00007fff8ce10000 - 0x00007fff8ce22000 	C:\WINDOWS\System32\MSASN1.dll

dbghelp: loaded successfully - version: 4.0.5 - missing functions: none
symbol engine: initialized successfully - sym options: 0x614 - pdb path: .;C:\Program Files\Java\jdk-10.0.1\bin;C:\WINDOWS\SYSTEM32;C:\WINDOWS\WinSxS\amd64_microsoft.windows.common-controls_6595b64144ccf1df_6.0.18362.719_none_e6c7b883130c6729;C:\Program Files\Java\jdk-10.0.1\bin\server

VM Arguments:
jvm_args: -ea -Dfile.encoding=Cp1252 
java_command: org.testng.remote.RemoteTestNG -serport 55092 -protocol json -d D:\Selenium-Project\Sample-Test\test-output C:\Users\sanky\AppData\Local\Temp\testng-eclipse-268107819\testng-customsuite.xml
java_class_path (initial): C:\Users\sanky\eclipse\jee-photon\eclipse\configuration\org.eclipse.osgi\999\0\.cp\lib\testng-remote.jar;D:\Selenium-Project\Sample-Test\target\test-classes;D:\Selenium-Project\Sample-Test\target\classes;C:\Users\sanky\.m2\repository\junit\junit\4.12\junit-4.12.jar;C:\Users\sanky\.m2\repository\org\hamcrest\hamcrest-core\1.3\hamcrest-core-1.3.jar;C:\Users\sanky\.m2\repository\org\seleniumhq\selenium\selenium-java\4.0.0-alpha-1\selenium-java-4.0.0-alpha-1.jar;C:\Users\sanky\.m2\repository\org\seleniumhq\selenium\selenium-edge-driver\4.0.0-alpha-1\selenium-edge-driver-4.0.0-alpha-1.jar;C:\Users\sanky\.m2\repository\org\seleniumhq\selenium\selenium-firefox-xpi-driver\4.0.0-alpha-1\selenium-firefox-xpi-driver-4.0.0-alpha-1.jar;C:\Users\sanky\.m2\repository\org\seleniumhq\selenium\selenium-firefox-driver\4.0.0-alpha-1\selenium-firefox-driver-4.0.0-alpha-1.jar;C:\Users\sanky\.m2\repository\org\seleniumhq\selenium\selenium-ie-driver\4.0.0-alpha-1\selenium-ie-driver-4.0.0-alpha-1.jar;C:\Users\sanky\.m2\repository\org\seleniumhq\selenium\selenium-opera-driver\4.0.0-alpha-1\selenium-opera-driver-4.0.0-alpha-1.jar;C:\Users\sanky\.m2\repository\org\seleniumhq\selenium\selenium-safari-driver\4.0.0-alpha-1\selenium-safari-driver-4.0.0-alpha-1.jar;C:\Users\sanky\.m2\repository\org\seleniumhq\selenium\selenium-support\4.0.0-alpha-1\selenium-support-4.0.0-alpha-1.jar;C:\Users\sanky\.m2\repository\org\testng\testng\6.14.3\testng-6.14.3.jar;C:\Users\sanky\.m2\repository\com\beust\jcommander\1.72\jcommander-1.72.jar;C:\Users\sanky\.m2\repository\org\apache-extras\beanshell\bsh\2.0b6\bsh-2.0b6.jar;C:\Users\sanky\.m2\repository\org\apache\poi\poi\3.17\poi-3.17.jar;C:\Users\sanky\.m2\repository\commons-codec\commons-codec\1.10\commons-codec-1.10.jar;C:\Users\sanky\.m2\repository\org\apache\commons\commons-collections4\4.1\commons-collections4-4.1.jar;C:\Users\sanky\.m2\repository\org\apache\poi\poi-ooxml\3.17\poi-ooxml-3.17.jar;C:\Users\sanky\.m2\repository\or
Launcher Type: SUN_STANDARD

Logging:
Log output configuration:
#0: stdout all=warning uptime,level,tags
#1: stderr all=off uptime,level,tags

Environment Variables:
JAVA_HOME=C:\Program Files\Java\jdk-10.0.1
PATH=C:/Program Files/Java/jre1.8.0_191/bin/server;C:/Program Files/Java/jre1.8.0_191/bin;C:/Program Files/Java/jre1.8.0_191/lib/amd64;C:\Program Files (x86)\Common Files\Oracle\Java\javapath;C:\Program Files (x86)\Intel\iCLS Client\;C:\Program Files\Intel\iCLS Client\;C:\Windows\system32;C:\Windows;C:\Windows\System32\Wbem;C:\Windows\System32\WindowsPowerShell\v1.0\;C:\Program Files (x86)\Intel\Intel(R) Management Engine Components\DAL;C:\Program Files\Intel\Intel(R) Management Engine Components\DAL;C:\Program Files (x86)\Intel\Intel(R) Management Engine Components\IPT;C:\Program Files\Intel\Intel(R) Management Engine Components\IPT;C:\Program Files (x86)\NVIDIA Corporation\PhysX\Common;C:\WINDOWS\system32;C:\WINDOWS;C:\WINDOWS\System32\Wbem;C:\WINDOWS\System32\WindowsPowerShell\v1.0\;C:\WINDOWS\System32\OpenSSH\;C:\Program Files\nodejs\;C:\Program Files\Java\jdk-10.0.1\bin;C:\Users\sanky\AppData\Local\Android\Sdk\tools;C:\Users\sanky\AppData\Local\Android\Sdk\platform-tools;C:\Users\sanky\AppData\Local\Android\Sdk\bin;C:\Program Files\apache-maven\apache-maven-3.5.4\bin;C:\apache-maven-3.6.0\bin;C:\Program Files\Intel\WiFi\bin\;C:\Program Files\Common Files\Intel\WirelessCommon\;C:\Users\sanky\AppData\Local\Microsoft\WindowsApps;C:\Users\sanky\AppData\Roaming\npm;C:\Users\sanky\AppData\Local\Android\Sdk\tools;C:\Users\sanky\AppData\Local\Android\Sdk\platform-tools;C:\Users\sanky\AppData\Local\Android\Sdk\bin;C:\Program Files\Java\jdk-10.0.1\bin;C:\Program Files\nodejs\node_modules\npm\bin;C:\Users\sanky\AppData\Local\GitHubDesktop\bin;C:\Users\sanky\Desktop;
USERNAME=sanky
OS=Windows_NT
PROCESSOR_IDENTIFIER=Intel64 Family 6 Model 158 Stepping 9, GenuineIntel



---------------  S Y S T E M  ---------------

OS: Windows 10 , 64 bit Build 18362 (10.0.18362.329)

CPU:total 8 (initial active 8) (4 cores per cpu, 2 threads per core) family 6 model 158 stepping 9, cmov, cx8, fxsr, mmx, sse, sse2, sse3, ssse3, sse4.1, sse4.2, popcnt, avx, avx2, aes, clmul, erms, 3dnowpref, lzcnt, ht, tsc, tscinvbit, bmi1, bmi2, adx, fma

Memory: 4k page, physical 8247248k(323276k free), swap 21973452k(5336k free)

vm_info: Java HotSpot(TM) 64-Bit Server VM (10.0.1+10) for windows-amd64 JRE (10.0.1+10), built on Mar 27 2018 02:27:48 by "mach5one" with MS VC++ 12.0 (VS2013)

END.
