#
# There is insufficient memory for the Java Runtime Environment to continue.
# Native memory allocation (mmap) failed to map 65536 bytes for Failed to commit area from 0x00000147e5070000 to 0x00000147e5080000 of length 65536.
# Possible reasons:
#   The system is out of physical RAM or swap space
#   The process is running with CompressedOops enabled, and the Java Heap may be blocking the growth of the native heap
# Possible solutions:
#   Reduce memory load on the system
#   Increase physical memory or swap space
#   Check if swap backing store is full
#   Decrease Java heap size (-Xmx/-Xms)
#   Decrease number of Java threads
#   Decrease Java thread stack sizes (-Xss)
#   Set larger code cache with -XX:ReservedCodeCacheSize=
#   JVM is running with Unscaled Compressed Oops mode in which the Java heap is
#     placed in the first 4GB address space. The Java Heap base address is the
#     maximum limit for the native heap growth. Please use -XX:HeapBaseMinAddress
#     to set the Java Heap base and to place the Java Heap above 4GB virtual address.
# This output file may be truncated or incomplete.
#
#  Out of Memory Error (t:/workspace/open/src/hotspot/os/windows/os_windows.cpp:3221), pid=18652, tid=26812
#
# JRE version: Java(TM) SE Runtime Environment (10.0.1+10) (build 10.0.1+10)
# Java VM: Java HotSpot(TM) 64-Bit Server VM (10.0.1+10, mixed mode, tiered, compressed oops, g1 gc, windows-amd64)
# No core dump will be written. Minidumps are not enabled by default on client versions of Windows
#

---------------  S U M M A R Y ------------

Command Line: -ea -Dfile.encoding=Cp1252 org.testng.remote.RemoteTestNG -serport 54796 -protocol json -d D:\Selenium-Project\Sample-Test\test-output C:\Users\sanky\AppData\Local\Temp\testng-eclipse--143496884\testng-customsuite.xml

Host: Intel(R) Core(TM) i7-7700HQ CPU @ 2.80GHz, 8 cores, 7G,  Windows 10 , 64 bit Build 18362 (10.0.18362.329)
Time: Sat Mar 14 13:59:43 2020 India Standard Time elapsed time: 31 seconds (0d 0h 0m 31s)

---------------  T H R E A D  ---------------

Current thread (0x00000147e8d0b000):  VMThread "VM Thread" [stack: 0x0000001fb6a00000,0x0000001fb6b00000] [id=26812]

Stack: [0x0000001fb6a00000,0x0000001fb6b00000]
[error occurred during error reporting (printing stack bounds), id 0xe0000002]

Native frames: (J=compiled Java code, j=interpreted, Vv=VM code, C=native code)
V  [jvm.dll+0x5a0369]
V  [jvm.dll+0x6bcf81]
V  [jvm.dll+0x6be176]
V  [jvm.dll+0x6be765]
V  [jvm.dll+0x6be71b]
V  [jvm.dll+0x59fb63]
V  [jvm.dll+0x59ff68]
C  [ntdll.dll+0xa121f]
C  [ntdll.dll+0x6a289]
C  [ntdll.dll+0x9fe8e]
C  0x00000147d24b0ead

VM_Operation (0x0000001fb55fd9a0): G1IncCollectionPause, mode: safepoint, requested by thread 0x00000147c712c800


---------------  P R O C E S S  ---------------

Threads class SMR info:
_java_thread_list=0x00000147e99fcf30, length=19, elements={
0x00000147c712c800, 0x00000147e8d11800, 0x00000147e8d1a800, 0x00000147e8d23000,
0x00000147e8d23800, 0x00000147e9673800, 0x00000147e8d28800, 0x00000147e8d2b800,
0x00000147e8d2c000, 0x00000147e8d2d000, 0x00000147e983f800, 0x00000147e9848000,
0x00000147e9c8d800, 0x00000147ea917000, 0x00000147ea91c800, 0x00000147ea937800,
0x00000147ea938000, 0x00000147ea079000, 0x00000147e99fe000
}

Java Threads: ( => current thread )
  0x00000147c712c800 JavaThread "main" [_thread_blocked, id=9596, stack(0x0000001fb5500000,0x0000001fb5600000)]
  0x00000147e8d11800 JavaThread "Reference Handler" daemon [_thread_blocked, id=28644, stack(0x0000001fb6b00000,0x0000001fb6c00000)]
  0x00000147e8d1a800 JavaThread "Finalizer" daemon [_thread_blocked, id=28428, stack(0x0000001fb6c00000,0x0000001fb6d00000)]
  0x00000147e8d23000 JavaThread "Signal Dispatcher" daemon [_thread_blocked, id=1844, stack(0x0000001fb6d00000,0x0000001fb6e00000)]
  0x00000147e8d23800 JavaThread "Attach Listener" daemon [_thread_blocked, id=28748, stack(0x0000001fb6e00000,0x0000001fb6f00000)]
  0x00000147e9673800 JavaThread "C2 CompilerThread0" daemon [_thread_blocked, id=23168, stack(0x0000001fb6f00000,0x0000001fb7000000)]
  0x00000147e8d28800 JavaThread "C2 CompilerThread1" daemon [_thread_blocked, id=13072, stack(0x0000001fb7000000,0x0000001fb7100000)]
  0x00000147e8d2b800 JavaThread "C2 CompilerThread2" daemon [_thread_blocked, id=24680, stack(0x0000001fb7100000,0x0000001fb7200000)]
  0x00000147e8d2c000 JavaThread "C1 CompilerThread3" daemon [_thread_blocked, id=26520, stack(0x0000001fb7200000,0x0000001fb7300000)]
  0x00000147e8d2d000 JavaThread "Sweeper thread" daemon [_thread_blocked, id=2864, stack(0x0000001fb7300000,0x0000001fb7400000)]
  0x00000147e983f800 JavaThread "Service Thread" daemon [_thread_blocked, id=11260, stack(0x0000001fb7400000,0x0000001fb7500000)]
  0x00000147e9848000 JavaThread "Common-Cleaner" daemon [_thread_blocked, id=24384, stack(0x0000001fb7500000,0x0000001fb7600000)]
  0x00000147e9c8d800 JavaThread "ReaderThread" [_thread_in_native, id=18956, stack(0x0000001fb7800000,0x0000001fb7900000)]
  0x00000147ea917000 JavaThread "Exec Default Executor" daemon [_thread_in_native, id=21848, stack(0x0000001fb7900000,0x0000001fb7a00000)]
  0x00000147ea91c800 JavaThread "UrlChecker-2" daemon [_thread_blocked, id=29132, stack(0x0000001fb7a00000,0x0000001fb7b00000)]
  0x00000147ea937800 JavaThread "Exec Stream Pumper" daemon [_thread_in_native, id=23972, stack(0x0000001fb7b00000,0x0000001fb7c00000)]
  0x00000147ea938000 JavaThread "Exec Stream Pumper" daemon [_thread_in_native, id=24016, stack(0x0000001fb7c00000,0x0000001fb7d00000)]
  0x00000147ea079000 JavaThread "OkHttp ConnectionPool" daemon [_thread_blocked, id=25388, stack(0x0000001fb7e00000,0x0000001fb7f00000)]
  0x00000147e99fe000 JavaThread "Okio Watchdog" daemon [_thread_blocked, id=8716, stack(0x0000001fb7f00000,0x0000001fb8000000)]

Other Threads:
=>0x00000147e8d0b000 VMThread "VM Thread" [stack: 0x0000001fb6a00000,0x0000001fb6b00000] [id=26812]
  0x00000147e9848800 WatcherThread [stack: 0x0000001fb7600000,0x0000001fb7700000] [id=29012]
  0x00000147c7146800 GCTaskThread "GC Thread#0" [stack: 0x0000001fb5600000,0x0000001fb5700000] [id=10868]
  0x00000147c7147800 GCTaskThread "GC Thread#1" [stack: 0x0000001fb5700000,0x0000001fb5800000] [id=24924]
  0x00000147c7149000 GCTaskThread "GC Thread#2" [stack: 0x0000001fb5800000,0x0000001fb5900000] [id=21764]
  0x00000147c714b800 GCTaskThread "GC Thread#3" [stack: 0x0000001fb5900000,0x0000001fb5a00000] [id=11460]
  0x00000147c714c800 GCTaskThread "GC Thread#4" [stack: 0x0000001fb5a00000,0x0000001fb5b00000] [id=6124]
  0x00000147c7150000 GCTaskThread "GC Thread#5" [stack: 0x0000001fb5b00000,0x0000001fb5c00000] [id=1040]
  0x00000147c7151000 GCTaskThread "GC Thread#6" [stack: 0x0000001fb5c00000,0x0000001fb5d00000] [id=28064]
  0x00000147c7152800 GCTaskThread "GC Thread#7" [stack: 0x0000001fb5d00000,0x0000001fb5e00000] [id=11864]
  0x00000147c71bc000 ConcurrentGCThread "G1 Main Marker" [stack: 0x0000001fb5e00000,0x0000001fb5f00000] [id=25556]
  0x00000147c71be000 ConcurrentGCThread "G1 Conc#0" [stack: 0x0000001fb5f00000,0x0000001fb6000000] [id=12120]
  0x00000147c71bf000 ConcurrentGCThread "G1 Conc#1" [stack: 0x0000001fb6000000,0x0000001fb6100000] [id=18788]
  0x00000147e8b78800 ConcurrentGCThread "G1 Refine#0" [stack: 0x0000001fb6100000,0x0000001fb6200000] [id=25508]
  0x00000147e8b79000 ConcurrentGCThread "G1 Refine#1" [stack: 0x0000001fb6200000,0x0000001fb6300000] [id=19864]
  0x00000147e8b7c000 ConcurrentGCThread "G1 Refine#2" [stack: 0x0000001fb6300000,0x0000001fb6400000] [id=12432]
  0x00000147e8b7e000 ConcurrentGCThread "G1 Refine#3" [stack: 0x0000001fb6400000,0x0000001fb6500000] [id=28980]
  0x00000147e8b81000 ConcurrentGCThread "G1 Refine#4" [stack: 0x0000001fb6500000,0x0000001fb6600000] [id=1848]
  0x00000147e8b84000 ConcurrentGCThread "G1 Refine#5" [stack: 0x0000001fb6600000,0x0000001fb6700000] [id=14048]
  0x00000147e8b8f800 ConcurrentGCThread "G1 Refine#6" [stack: 0x0000001fb6700000,0x0000001fb6800000] [id=7120]
  0x00000147e8b92800 ConcurrentGCThread "G1 Refine#7" [stack: 0x0000001fb6800000,0x0000001fb6900000] [id=29608]
  0x00000147e8ba3000 ConcurrentGCThread "G1 Young RemSet Sampling" [stack: 0x0000001fb6900000,0x0000001fb6a00000] [id=29516]

Threads with active compile tasks:
C1 CompilerThread33440       3       org.apache.xmlbeans.impl.store.Cur::moveNode (519 bytes)

VM state:at safepoint (normal execution)

VM Mutex/Monitor currently owned by a thread:  ([mutex/lock_event])
[0x00000147c712a250] Threads_lock - owner thread: 0x00000147e8d0b000
[0x00000147c712a2e0] Heap_lock - owner thread: 0x00000147c712c800

Heap address: 0x0000000082200000, size: 2014 MB, Compressed Oops mode: 32-bit
Narrow klass base: 0x0000000000000000, Narrow klass shift: 3
Compressed class space size: 1073741824 Address: 0x0000000100000000

Heap:
 garbage-first heap   total 1063936K, used 173368K [0x0000000082200000, 0x0000000100000000)
  region size 1024K, 18 young (18432K), 18 survivors (18432K)
 Metaspace       used 28928K, capacity 29506K, committed 29696K, reserved 1075200K
  class space    used 3086K, capacity 3305K, committed 3328K, reserved 1048576K
Heap Regions: E=young(eden), S=young(survivor), O=old, HS=humongous(starts), HC=humongous(continues), CS=collection set, F=free, A=archive, TS=gc time stamp, AC=allocation context, TAMS=top-at-mark-start (previous, next)
|   0|0x0000000082200000, 0x0000000082300000, 0x0000000082300000|100%|HS|  |TS  0|AC  0|TAMS 0x0000000082300000, 0x0000000082300000|
|   1|0x0000000082300000, 0x0000000082400000, 0x0000000082400000|100%| O|  |TS  0|AC  0|TAMS 0x0000000082400000, 0x0000000082400000|
|   2|0x0000000082400000, 0x0000000082500000, 0x0000000082500000|100%| O|  |TS  0|AC  0|TAMS 0x0000000082500000, 0x0000000082500000|
|   3|0x0000000082500000, 0x0000000082600000, 0x0000000082600000|100%| O|  |TS  0|AC  0|TAMS 0x0000000082600000, 0x0000000082600000|
|   4|0x0000000082600000, 0x0000000082700000, 0x0000000082700000|100%| O|  |TS  0|AC  0|TAMS 0x0000000082700000, 0x0000000082700000|
|   5|0x0000000082700000, 0x0000000082700000, 0x0000000082800000|  0%| F|  |TS  5|AC  0|TAMS 0x0000000082700000, 0x0000000082700000|
|   6|0x0000000082800000, 0x0000000082900000, 0x0000000082900000|100%| O|  |TS  0|AC  0|TAMS 0x0000000082900000, 0x0000000082900000|
|   7|0x0000000082900000, 0x0000000082a00000, 0x0000000082a00000|100%| O|  |TS  0|AC  0|TAMS 0x0000000082a00000, 0x0000000082a00000|
|   8|0x0000000082a00000, 0x0000000082a00000, 0x0000000082b00000|  0%| F|  |TS  5|AC  0|TAMS 0x0000000082a00000, 0x0000000082a00000|
|   9|0x0000000082b00000, 0x0000000082c00000, 0x0000000082c00000|100%| O|  |TS  0|AC  0|TAMS 0x0000000082c00000, 0x0000000082c00000|
|  10|0x0000000082c00000, 0x0000000082d00000, 0x0000000082d00000|100%| O|  |TS  0|AC  0|TAMS 0x0000000082d00000, 0x0000000082d00000|
|  11|0x0000000082d00000, 0x0000000082e00000, 0x0000000082e00000|100%| O|  |TS  0|AC  0|TAMS 0x0000000082e00000, 0x0000000082e00000|
|  12|0x0000000082e00000, 0x0000000082f00000, 0x0000000082f00000|100%| O|  |TS  1|AC  0|TAMS 0x0000000082e00000, 0x0000000082e00000|
|  13|0x0000000082f00000, 0x0000000083000000, 0x0000000083000000|100%| O|  |TS  0|AC  0|TAMS 0x0000000083000000, 0x0000000083000000|
|  14|0x0000000083000000, 0x0000000083100000, 0x0000000083100000|100%| O|  |TS  0|AC  0|TAMS 0x0000000083100000, 0x0000000083100000|
|  15|0x0000000083100000, 0x0000000083200000, 0x0000000083200000|100%| O|  |TS  0|AC  0|TAMS 0x0000000083200000, 0x0000000083200000|
|  16|0x0000000083200000, 0x0000000083200000, 0x0000000083300000|  0%| F|  |TS  5|AC  0|TAMS 0x0000000083200000, 0x0000000083200000|
|  17|0x0000000083300000, 0x0000000083400000, 0x0000000083400000|100%| O|  |TS  0|AC  0|TAMS 0x0000000083400000, 0x0000000083400000|
|  18|0x0000000083400000, 0x0000000083500000, 0x0000000083500000|100%|HS|  |TS  0|AC  0|TAMS 0x0000000083500000, 0x0000000083500000|
|  19|0x0000000083500000, 0x0000000083600000, 0x0000000083600000|100%| O|  |TS  0|AC  0|TAMS 0x0000000083600000, 0x0000000083600000|
|  20|0x0000000083600000, 0x0000000083700000, 0x0000000083700000|100%| O|  |TS  1|AC  0|TAMS 0x0000000083600000, 0x0000000083600000|
|  21|0x0000000083700000, 0x0000000083800000, 0x0000000083800000|100%| O|  |TS  1|AC  0|TAMS 0x0000000083700000, 0x0000000083700000|
|  22|0x0000000083800000, 0x0000000083900000, 0x0000000083900000|100%| O|  |TS  1|AC  0|TAMS 0x0000000083800000, 0x0000000083800000|
|  23|0x0000000083900000, 0x0000000083a00000, 0x0000000083a00000|100%| O|  |TS  1|AC  0|TAMS 0x0000000083900000, 0x0000000083900000|
|  24|0x0000000083a00000, 0x0000000083b00000, 0x0000000083b00000|100%|HS|  |TS  2|AC  0|TAMS 0x0000000083a00000, 0x0000000083a00000|
|  25|0x0000000083b00000, 0x0000000083c00000, 0x0000000083c00000|100%| O|  |TS  1|AC  0|TAMS 0x0000000083b00000, 0x0000000083b00000|
|  26|0x0000000083c00000, 0x0000000083d00000, 0x0000000083d00000|100%| O|  |TS  1|AC  0|TAMS 0x0000000083c00000, 0x0000000083c00000|
|  27|0x0000000083d00000, 0x0000000083e00000, 0x0000000083e00000|100%| O|  |TS  1|AC  0|TAMS 0x0000000083d00000, 0x0000000083d00000|
|  28|0x0000000083e00000, 0x0000000083f00000, 0x0000000083f00000|100%| O|  |TS  1|AC  0|TAMS 0x0000000083e00000, 0x0000000083e00000|
|  29|0x0000000083f00000, 0x0000000084000000, 0x0000000084000000|100%| O|  |TS  1|AC  0|TAMS 0x0000000083f00000, 0x0000000083f00000|
|  30|0x0000000084000000, 0x0000000084100000, 0x0000000084100000|100%|HS|  |TS  3|AC  0|TAMS 0x0000000084000000, 0x0000000084000000|
|  31|0x0000000084100000, 0x0000000084100000, 0x0000000084200000|  0%| F|  |TS  5|AC  0|TAMS 0x0000000084100000, 0x0000000084100000|
|  32|0x0000000084200000, 0x0000000084300000, 0x0000000084300000|100%| O|  |TS  0|AC  0|TAMS 0x0000000084300000, 0x0000000084300000|
|  33|0x0000000084300000, 0x0000000084400000, 0x0000000084400000|100%| O|  |TS  3|AC  0|TAMS 0x0000000084300000, 0x0000000084300000|
|  34|0x0000000084400000, 0x0000000084500000, 0x0000000084500000|100%| O|  |TS  0|AC  0|TAMS 0x0000000084500000, 0x0000000084500000|
|  35|0x0000000084500000, 0x0000000084600000, 0x0000000084600000|100%| O|  |TS  0|AC  0|TAMS 0x0000000084600000, 0x0000000084600000|
|  36|0x0000000084600000, 0x0000000084700000, 0x0000000084700000|100%| O|  |TS  0|AC  0|TAMS 0x0000000084700000, 0x0000000084700000|
|  37|0x0000000084700000, 0x0000000084800000, 0x0000000084800000|100%| O|  |TS  1|AC  0|TAMS 0x0000000084700000, 0x0000000084700000|
|  38|0x0000000084800000, 0x0000000084900000, 0x0000000084900000|100%| O|  |TS  1|AC  0|TAMS 0x0000000084800000, 0x0000000084800000|
|  39|0x0000000084900000, 0x0000000084a00000, 0x0000000084a00000|100%| O|  |TS  1|AC  0|TAMS 0x0000000084900000, 0x0000000084900000|
|  40|0x0000000084a00000, 0x0000000084b00000, 0x0000000084b00000|100%| O|  |TS  1|AC  0|TAMS 0x0000000084a00000, 0x0000000084a00000|
|  41|0x0000000084b00000, 0x0000000084c00000, 0x0000000084c00000|100%| O|  |TS  1|AC  0|TAMS 0x0000000084b00000, 0x0000000084b00000|
|  42|0x0000000084c00000, 0x0000000084d00000, 0x0000000084d00000|100%| O|  |TS  3|AC  0|TAMS 0x0000000084c00000, 0x0000000084c00000|
|  43|0x0000000084d00000, 0x0000000084e00000, 0x0000000084e00000|100%| O|  |TS  3|AC  0|TAMS 0x0000000084d00000, 0x0000000084d00000|
|  44|0x0000000084e00000, 0x0000000084f00000, 0x0000000084f00000|100%| O|  |TS  1|AC  0|TAMS 0x0000000084e00000, 0x0000000084e00000|
|  45|0x0000000084f00000, 0x0000000085000000, 0x0000000085000000|100%| O|  |TS  3|AC  0|TAMS 0x0000000084f00000, 0x0000000084f00000|
|  46|0x0000000085000000, 0x0000000085100000, 0x0000000085100000|100%| O|  |TS  3|AC  0|TAMS 0x0000000085000000, 0x0000000085000000|
|  47|0x0000000085100000, 0x0000000085200000, 0x0000000085200000|100%| O|  |TS  2|AC  0|TAMS 0x0000000085100000, 0x0000000085100000|
|  48|0x0000000085200000, 0x0000000085300000, 0x0000000085300000|100%| O|  |TS  2|AC  0|TAMS 0x0000000085200000, 0x0000000085200000|
|  49|0x0000000085300000, 0x0000000085400000, 0x0000000085400000|100%| O|  |TS  2|AC  0|TAMS 0x0000000085300000, 0x0000000085300000|
|  50|0x0000000085400000, 0x0000000085500000, 0x0000000085500000|100%| O|  |TS  2|AC  0|TAMS 0x0000000085400000, 0x0000000085400000|
|  51|0x0000000085500000, 0x0000000085600000, 0x0000000085600000|100%| O|  |TS  2|AC  0|TAMS 0x0000000085500000, 0x0000000085500000|
|  52|0x0000000085600000, 0x0000000085700000, 0x0000000085700000|100%| O|  |TS  2|AC  0|TAMS 0x0000000085600000, 0x0000000085600000|
|  53|0x0000000085700000, 0x0000000085800000, 0x0000000085800000|100%| O|  |TS  2|AC  0|TAMS 0x0000000085700000, 0x0000000085700000|
|  54|0x0000000085800000, 0x0000000085900000, 0x0000000085900000|100%| O|  |TS  2|AC  0|TAMS 0x0000000085800000, 0x0000000085800000|
|  55|0x0000000085900000, 0x0000000085a00000, 0x0000000085a00000|100%| O|  |TS  2|AC  0|TAMS 0x0000000085900000, 0x0000000085900000|
|  56|0x0000000085a00000, 0x0000000085b00000, 0x0000000085b00000|100%| O|  |TS  2|AC  0|TAMS 0x0000000085a00000, 0x0000000085a00000|
|  57|0x0000000085b00000, 0x0000000085c00000, 0x0000000085c00000|100%| O|  |TS  3|AC  0|TAMS 0x0000000085b00000, 0x0000000085b00000|
|  58|0x0000000085c00000, 0x0000000085d00000, 0x0000000085d00000|100%| O|  |TS  2|AC  0|TAMS 0x0000000085c00000, 0x0000000085c00000|
|  59|0x0000000085d00000, 0x0000000085e00000, 0x0000000085e00000|100%| O|  |TS  3|AC  0|TAMS 0x0000000085d00000, 0x0000000085d00000|
|  60|0x0000000085e00000, 0x0000000085f00000, 0x0000000085f00000|100%| O|  |TS  3|AC  0|TAMS 0x0000000085e00000, 0x0000000085e00000|
|  61|0x0000000085f00000, 0x0000000086000000, 0x0000000086000000|100%| O|  |TS  3|AC  0|TAMS 0x0000000085f00000, 0x0000000085f00000|
|  62|0x0000000086000000, 0x0000000086100000, 0x0000000086100000|100%| O|  |TS  0|AC  0|TAMS 0x0000000086100000, 0x0000000086100000|
|  63|0x0000000086100000, 0x0000000086200000, 0x0000000086200000|100%| O|  |TS  3|AC  0|TAMS 0x0000000086100000, 0x0000000086100000|
|  64|0x0000000086200000, 0x0000000086300000, 0x0000000086300000|100%| O|  |TS  3|AC  0|TAMS 0x0000000086200000, 0x0000000086200000|
|  65|0x0000000086300000, 0x0000000086400000, 0x0000000086400000|100%| O|  |TS  3|AC  0|TAMS 0x0000000086300000, 0x0000000086300000|
|  66|0x0000000086400000, 0x0000000086500000, 0x0000000086500000|100%| O|  |TS  3|AC  0|TAMS 0x0000000086400000, 0x0000000086400000|
|  67|0x0000000086500000, 0x0000000086600000, 0x0000000086600000|100%| O|  |TS  3|AC  0|TAMS 0x0000000086500000, 0x0000000086500000|
|  68|0x0000000086600000, 0x0000000086700000, 0x0000000086700000|100%| O|  |TS  3|AC  0|TAMS 0x0000000086600000, 0x0000000086600000|
|  69|0x0000000086700000, 0x0000000086800000, 0x0000000086800000|100%| O|  |TS  0|AC  0|TAMS 0x0000000086800000, 0x0000000086800000|
|  70|0x0000000086800000, 0x0000000086900000, 0x0000000086900000|100%| O|  |TS  3|AC  0|TAMS 0x0000000086800000, 0x0000000086800000|
|  71|0x0000000086900000, 0x0000000086a00000, 0x0000000086a00000|100%| O|  |TS  3|AC  0|TAMS 0x0000000086900000, 0x0000000086900000|
|  72|0x0000000086a00000, 0x0000000086b00000, 0x0000000086b00000|100%| O|  |TS  3|AC  0|TAMS 0x0000000086a00000, 0x0000000086a00000|
|  73|0x0000000086b00000, 0x0000000086c00000, 0x0000000086c00000|100%| O|  |TS  3|AC  0|TAMS 0x0000000086b00000, 0x0000000086b00000|
|  74|0x0000000086c00000, 0x0000000086d00000, 0x0000000086d00000|100%| O|  |TS  3|AC  0|TAMS 0x0000000086c00000, 0x0000000086c00000|
|  75|0x0000000086d00000, 0x0000000086d00000, 0x0000000086e00000|  0%| F|  |TS  5|AC  0|TAMS 0x0000000086d00000, 0x0000000086d00000|
|  76|0x0000000086e00000, 0x0000000086f00000, 0x0000000086f00000|100%|HS|  |TS  0|AC  0|TAMS 0x0000000086e00000, 0x0000000086e00000|
|  77|0x0000000086f00000, 0x0000000087000000, 0x0000000087000000|100%| O|  |TS  0|AC  0|TAMS 0x0000000087000000, 0x0000000087000000|
|  78|0x0000000087000000, 0x0000000087100000, 0x0000000087100000|100%| O|  |TS  0|AC  0|TAMS 0x0000000087100000, 0x0000000087100000|
|  79|0x0000000087100000, 0x0000000087200000, 0x0000000087200000|100%| O|  |TS  4|AC  0|TAMS 0x0000000087100000, 0x0000000087100000|
|  80|0x0000000087200000, 0x0000000087300000, 0x0000000087300000|100%| O|  |TS  4|AC  0|TAMS 0x0000000087200000, 0x0000000087200000|
|  81|0x0000000087300000, 0x0000000087400000, 0x0000000087400000|100%| O|  |TS  4|AC  0|TAMS 0x0000000087300000, 0x0000000087300000|
|  82|0x0000000087400000, 0x0000000087500000, 0x0000000087500000|100%| O|  |TS  4|AC  0|TAMS 0x0000000087400000, 0x0000000087400000|
|  83|0x0000000087500000, 0x0000000087600000, 0x0000000087600000|100%| O|  |TS  4|AC  0|TAMS 0x0000000087500000, 0x0000000087500000|
|  84|0x0000000087600000, 0x0000000087700000, 0x0000000087700000|100%| O|  |TS  4|AC  0|TAMS 0x0000000087600000, 0x0000000087600000|
|  85|0x0000000087700000, 0x0000000087800000, 0x0000000087800000|100%| O|  |TS  4|AC  0|TAMS 0x0000000087700000, 0x0000000087700000|
|  86|0x0000000087800000, 0x0000000087900000, 0x0000000087900000|100%|HS|  |TS  0|AC  0|TAMS 0x0000000087900000, 0x0000000087900000|
|  87|0x0000000087900000, 0x0000000087a00000, 0x0000000087a00000|100%| O|  |TS  0|AC  0|TAMS 0x0000000087a00000, 0x0000000087a00000|
|  88|0x0000000087a00000, 0x0000000087b00000, 0x0000000087b00000|100%| O|  |TS  0|AC  0|TAMS 0x0000000087b00000, 0x0000000087b00000|
|  89|0x0000000087b00000, 0x0000000087c00000, 0x0000000087c00000|100%| O|  |TS  4|AC  0|TAMS 0x0000000087b00000, 0x0000000087b00000|
|  90|0x0000000087c00000, 0x0000000087d00000, 0x0000000087d00000|100%| O|  |TS  4|AC  0|TAMS 0x0000000087c00000, 0x0000000087c00000|
|  91|0x0000000087d00000, 0x0000000087e00000, 0x0000000087e00000|100%| O|  |TS  0|AC  0|TAMS 0x0000000087e00000, 0x0000000087e00000|
|  92|0x0000000087e00000, 0x0000000087f00000, 0x0000000087f00000|100%| O|  |TS  0|AC  0|TAMS 0x0000000087f00000, 0x0000000087f00000|
|  93|0x0000000087f00000, 0x0000000088000000, 0x0000000088000000|100%| O|  |TS  0|AC  0|TAMS 0x0000000088000000, 0x0000000088000000|
|  94|0x0000000088000000, 0x0000000088100000, 0x0000000088100000|100%| O|  |TS  0|AC  0|TAMS 0x0000000088100000, 0x0000000088100000|
|  95|0x0000000088100000, 0x0000000088200000, 0x0000000088200000|100%| O|  |TS  0|AC  0|TAMS 0x0000000088200000, 0x0000000088200000|
|  96|0x0000000088200000, 0x0000000088300000, 0x0000000088300000|100%| O|  |TS  0|AC  0|TAMS 0x0000000088300000, 0x0000000088300000|
|  97|0x0000000088300000, 0x0000000088400000, 0x0000000088400000|100%| O|  |TS  0|AC  0|TAMS 0x0000000088400000, 0x0000000088400000|
|  98|0x0000000088400000, 0x0000000088500000, 0x0000000088500000|100%| O|  |TS  0|AC  0|TAMS 0x0000000088500000, 0x0000000088500000|
|  99|0x0000000088500000, 0x0000000088600000, 0x0000000088600000|100%| O|  |TS  0|AC  0|TAMS 0x0000000088600000, 0x0000000088600000|
| 100|0x0000000088600000, 0x0000000088700000, 0x0000000088700000|100%| O|  |TS  0|AC  0|TAMS 0x0000000088700000, 0x0000000088700000|
| 101|0x0000000088700000, 0x0000000088800000, 0x0000000088800000|100%| O|  |TS  0|AC  0|TAMS 0x0000000088800000, 0x0000000088800000|
| 102|0x0000000088800000, 0x0000000088900000, 0x0000000088900000|100%| O|  |TS  0|AC  0|TAMS 0x0000000088900000, 0x0000000088900000|
| 103|0x0000000088900000, 0x0000000088a00000, 0x0000000088a00000|100%| O|  |TS  0|AC  0|TAMS 0x0000000088a00000, 0x0000000088a00000|
| 104|0x0000000088a00000, 0x0000000088b00000, 0x0000000088b00000|100%| O|  |TS  0|AC  0|TAMS 0x0000000088b00000, 0x0000000088b00000|
| 105|0x0000000088b00000, 0x0000000088c00000, 0x0000000088c00000|100%| O|  |TS  0|AC  0|TAMS 0x0000000088c00000, 0x0000000088c00000|
| 106|0x0000000088c00000, 0x0000000088d00000, 0x0000000088d00000|100%| O|  |TS  0|AC  0|TAMS 0x0000000088d00000, 0x0000000088d00000|
| 107|0x0000000088d00000, 0x0000000088e00000, 0x0000000088e00000|100%| O|  |TS  0|AC  0|TAMS 0x0000000088e00000, 0x0000000088e00000|
| 108|0x0000000088e00000, 0x0000000088f00000, 0x0000000088f00000|100%| O|  |TS  0|AC  0|TAMS 0x0000000088f00000, 0x0000000088f00000|
| 109|0x0000000088f00000, 0x0000000089000000, 0x0000000089000000|100%| O|  |TS  0|AC  0|TAMS 0x0000000089000000, 0x0000000089000000|
| 110|0x0000000089000000, 0x0000000089100000, 0x0000000089100000|100%| O|  |TS  0|AC  0|TAMS 0x0000000089100000, 0x0000000089100000|
| 111|0x0000000089100000, 0x0000000089200000, 0x0000000089200000|100%| O|  |TS  0|AC  0|TAMS 0x0000000089200000, 0x0000000089200000|
| 112|0x0000000089200000, 0x0000000089300000, 0x0000000089300000|100%| O|  |TS  0|AC  0|TAMS 0x0000000089300000, 0x0000000089300000|
| 113|0x0000000089300000, 0x0000000089400000, 0x0000000089400000|100%| O|  |TS  0|AC  0|TAMS 0x0000000089400000, 0x0000000089400000|
| 114|0x0000000089400000, 0x0000000089500000, 0x0000000089500000|100%| O|  |TS  0|AC  0|TAMS 0x0000000089500000, 0x0000000089500000|
| 115|0x0000000089500000, 0x0000000089600000, 0x0000000089600000|100%| O|  |TS  0|AC  0|TAMS 0x0000000089600000, 0x0000000089600000|
| 116|0x0000000089600000, 0x0000000089700000, 0x0000000089700000|100%| O|  |TS  0|AC  0|TAMS 0x0000000089700000, 0x0000000089700000|
| 117|0x0000000089700000, 0x0000000089800000, 0x0000000089800000|100%| O|  |TS  1|AC  0|TAMS 0x00000000897e8200, 0x00000000897e8200|
| 118|0x0000000089800000, 0x0000000089900000, 0x0000000089900000|100%| O|  |TS  4|AC  0|TAMS 0x0000000089800000, 0x0000000089800000|
| 119|0x0000000089900000, 0x0000000089a00000, 0x0000000089a00000|100%|HS|  |TS  0|AC  0|TAMS 0x0000000089900000, 0x0000000089900000|
| 120|0x0000000089a00000, 0x0000000089b00000, 0x0000000089b00000|100%| O|  |TS  4|AC  0|TAMS 0x0000000089a00000, 0x0000000089a00000|
| 121|0x0000000089b00000, 0x0000000089c00000, 0x0000000089c00000|100%| O|  |TS  4|AC  0|TAMS 0x0000000089b00000, 0x0000000089b00000|
| 122|0x0000000089c00000, 0x0000000089d00000, 0x0000000089d00000|100%| O|  |TS  4|AC  0|TAMS 0x0000000089c00000, 0x0000000089c00000|
| 123|0x0000000089d00000, 0x0000000089e00000, 0x0000000089e00000|100%| O|  |TS  4|AC  0|TAMS 0x0000000089d00000, 0x0000000089d00000|
| 124|0x0000000089e00000, 0x0000000089f00000, 0x0000000089f00000|100%| O|  |TS  4|AC  0|TAMS 0x0000000089e00000, 0x0000000089e00000|
| 125|0x0000000089f00000, 0x000000008a000000, 0x000000008a000000|100%| O|  |TS  4|AC  0|TAMS 0x0000000089f00000, 0x0000000089f00000|
| 126|0x000000008a000000, 0x000000008a100000, 0x000000008a100000|100%| O|  |TS  4|AC  0|TAMS 0x000000008a000000, 0x000000008a000000|
| 127|0x000000008a100000, 0x000000008a200000, 0x000000008a200000|100%| O|  |TS  4|AC  0|TAMS 0x000000008a100000, 0x000000008a100000|
| 128|0x000000008a200000, 0x000000008a300000, 0x000000008a300000|100%| O|  |TS  4|AC  0|TAMS 0x000000008a200000, 0x000000008a200000|
| 129|0x000000008a300000, 0x000000008a400000, 0x000000008a400000|100%| O|  |TS  4|AC  0|TAMS 0x000000008a300000, 0x000000008a300000|
| 130|0x000000008a400000, 0x000000008a500000, 0x000000008a500000|100%| O|  |TS  4|AC  0|TAMS 0x000000008a400000, 0x000000008a400000|
| 131|0x000000008a500000, 0x000000008a600000, 0x000000008a600000|100%| O|  |TS  4|AC  0|TAMS 0x000000008a500000, 0x000000008a500000|
| 132|0x000000008a600000, 0x000000008a700000, 0x000000008a700000|100%| O|  |TS  4|AC  0|TAMS 0x000000008a600000, 0x000000008a600000|
| 133|0x000000008a700000, 0x000000008a800000, 0x000000008a800000|100%| O|  |TS  4|AC  0|TAMS 0x000000008a700000, 0x000000008a700000|
| 134|0x000000008a800000, 0x000000008a900000, 0x000000008a900000|100%| O|  |TS  5|AC  0|TAMS 0x000000008a800000, 0x000000008a800000|
| 135|0x000000008a900000, 0x000000008aa00000, 0x000000008aa00000|100%|HS|  |TS  0|AC  0|TAMS 0x000000008a900000, 0x000000008a900000|
| 136|0x000000008aa00000, 0x000000008ab00000, 0x000000008ab00000|100%| O|  |TS  5|AC  0|TAMS 0x000000008aa00000, 0x000000008aa00000|
| 137|0x000000008ab00000, 0x000000008ac00000, 0x000000008ac00000|100%| O|  |TS  5|AC  0|TAMS 0x000000008ab00000, 0x000000008ab00000|
| 138|0x000000008ac00000, 0x000000008ad00000, 0x000000008ad00000|100%| O|  |TS  5|AC  0|TAMS 0x000000008ac00000, 0x000000008ac00000|
| 139|0x000000008ad00000, 0x000000008ae00000, 0x000000008ae00000|100%| O|  |TS  5|AC  0|TAMS 0x000000008ad00000, 0x000000008ad00000|
| 140|0x000000008ae00000, 0x000000008af00000, 0x000000008af00000|100%| O|  |TS  5|AC  0|TAMS 0x000000008ae00000, 0x000000008ae00000|
| 141|0x000000008af00000, 0x000000008b000000, 0x000000008b000000|100%| O|  |TS  5|AC  0|TAMS 0x000000008af00000, 0x000000008af00000|
| 142|0x000000008b000000, 0x000000008b100000, 0x000000008b100000|100%| O|  |TS  5|AC  0|TAMS 0x000000008b000000, 0x000000008b000000|
| 143|0x000000008b100000, 0x000000008b200000, 0x000000008b200000|100%| O|  |TS  5|AC  0|TAMS 0x000000008b100000, 0x000000008b100000|
| 144|0x000000008b200000, 0x000000008b300000, 0x000000008b300000|100%| O|  |TS  5|AC  0|TAMS 0x000000008b200000, 0x000000008b200000|
| 145|0x000000008b300000, 0x000000008b400000, 0x000000008b400000|100%| O|  |TS  5|AC  0|TAMS 0x000000008b300000, 0x000000008b300000|
| 146|0x000000008b400000, 0x000000008b500000, 0x000000008b500000|100%| O|  |TS  5|AC  0|TAMS 0x000000008b400000, 0x000000008b400000|
| 147|0x000000008b500000, 0x000000008b600000, 0x000000008b600000|100%| O|  |TS  5|AC  0|TAMS 0x000000008b500000, 0x000000008b500000|
| 148|0x000000008b600000, 0x000000008b700000, 0x000000008b700000|100%| O|  |TS  5|AC  0|TAMS 0x000000008b600000, 0x000000008b600000|
| 149|0x000000008b700000, 0x000000008b800000, 0x000000008b800000|100%| O|  |TS  5|AC  0|TAMS 0x000000008b700000, 0x000000008b700000|
| 150|0x000000008b800000, 0x000000008b900000, 0x000000008b900000|100%| O|  |TS  5|AC  0|TAMS 0x000000008b800000, 0x000000008b800000|
| 151|0x000000008b900000, 0x000000008ba00000, 0x000000008ba00000|100%| O|  |TS  5|AC  0|TAMS 0x000000008b900000, 0x000000008b900000|
| 152|0x000000008ba00000, 0x000000008bb00000, 0x000000008bb00000|100%| O|  |TS  5|AC  0|TAMS 0x000000008ba00000, 0x000000008ba00000|
| 153|0x000000008bb00000, 0x000000008bc00000, 0x000000008bc00000|100%| O|  |TS  5|AC  0|TAMS 0x000000008bb00000, 0x000000008bb00000|
| 154|0x000000008bc00000, 0x000000008bd00000, 0x000000008bd00000|100%| O|  |TS  5|AC  0|TAMS 0x000000008bc00000, 0x000000008bc00000|
| 155|0x000000008bd00000, 0x000000008be00000, 0x000000008be00000|100%| O|  |TS  5|AC  0|TAMS 0x000000008bd00000, 0x000000008bd00000|
| 156|0x000000008be00000, 0x000000008be80000, 0x000000008bf00000| 50%| O|  |TS  5|AC  0|TAMS 0x000000008be00000, 0x000000008be00000|
| 157|0x000000008bf00000, 0x000000008bf00000, 0x000000008c000000|  0%| F|  |TS  0|AC  0|TAMS 0x000000008bf00000, 0x000000008bf00000|
| 158|0x000000008c000000, 0x000000008c000000, 0x000000008c100000|  0%| F|  |TS  0|AC  0|TAMS 0x000000008c000000, 0x000000008c000000|
| 159|0x000000008c100000, 0x000000008c100000, 0x000000008c200000|  0%| F|  |TS  0|AC  0|TAMS 0x000000008c100000, 0x000000008c100000|
| 160|0x000000008c200000, 0x000000008c200000, 0x000000008c300000|  0%| F|  |TS  0|AC  0|TAMS 0x000000008c200000, 0x000000008c200000|
| 161|0x000000008c300000, 0x000000008c300000, 0x000000008c400000|  0%| F|  |TS  0|AC  0|TAMS 0x000000008c300000, 0x000000008c300000|
| 162|0x000000008c400000, 0x000000008c400000, 0x000000008c500000|  0%| F|  |TS  0|AC  0|TAMS 0x000000008c400000, 0x000000008c400000|
| 163|0x000000008c500000, 0x000000008c500000, 0x000000008c600000|  0%| F|  |TS  0|AC  0|TAMS 0x000000008c500000, 0x000000008c500000|
| 164|0x000000008c600000, 0x000000008c600000, 0x000000008c700000|  0%| F|  |TS  0|AC  0|TAMS 0x000000008c600000, 0x000000008c600000|
| 165|0x000000008c700000, 0x000000008c700000, 0x000000008c800000|  0%| F|  |TS  0|AC  0|TAMS 0x000000008c700000, 0x000000008c700000|
| 166|0x000000008c800000, 0x000000008c800000, 0x000000008c900000|  0%| F|  |TS  0|AC  0|TAMS 0x000000008c800000, 0x000000008c800000|
| 167|0x000000008c900000, 0x000000008c900000, 0x000000008ca00000|  0%| F|  |TS  0|AC  0|TAMS 0x000000008c900000, 0x000000008c900000|
| 168|0x000000008ca00000, 0x000000008ca00000, 0x000000008cb00000|  0%| F|  |TS  0|AC  0|TAMS 0x000000008ca00000, 0x000000008ca00000|
| 169|0x000000008cb00000, 0x000000008cb00000, 0x000000008cc00000|  0%| F|  |TS  0|AC  0|TAMS 0x000000008cb00000, 0x000000008cb00000|
| 170|0x000000008cc00000, 0x000000008cc00000, 0x000000008cd00000|  0%| F|  |TS  0|AC  0|TAMS 0x000000008cc00000, 0x000000008cc00000|
| 171|0x000000008cd00000, 0x000000008cd00000, 0x000000008ce00000|  0%| F|  |TS  2|AC  0|TAMS 0x000000008cd00000, 0x000000008cd00000|
| 172|0x000000008ce00000, 0x000000008ce00000, 0x000000008cf00000|  0%| F|  |TS  2|AC  0|TAMS 0x000000008ce00000, 0x000000008ce00000|
| 173|0x000000008cf00000, 0x000000008cf00000, 0x000000008d000000|  0%| F|  |TS  1|AC  0|TAMS 0x000000008cf00000, 0x000000008cf00000|
| 174|0x000000008d000000, 0x000000008d000000, 0x000000008d100000|  0%| F|  |TS  1|AC  0|TAMS 0x000000008d000000, 0x000000008d000000|
| 175|0x000000008d100000, 0x000000008d100000, 0x000000008d200000|  0%| F|  |TS  1|AC  0|TAMS 0x000000008d100000, 0x000000008d100000|
| 176|0x000000008d200000, 0x000000008d200000, 0x000000008d300000|  0%| F|  |TS  1|AC  0|TAMS 0x000000008d200000, 0x000000008d200000|
| 177|0x000000008d300000, 0x000000008d300000, 0x000000008d400000|  0%| F|  |TS  2|AC  0|TAMS 0x000000008d300000, 0x000000008d300000|
| 178|0x000000008d400000, 0x000000008d400000, 0x000000008d500000|  0%| F|  |TS  2|AC  0|TAMS 0x000000008d400000, 0x000000008d400000|
| 179|0x000000008d500000, 0x000000008d500000, 0x000000008d600000|  0%| F|  |TS  1|AC  0|TAMS 0x000000008d500000, 0x000000008d500000|
| 180|0x000000008d600000, 0x000000008d600000, 0x000000008d700000|  0%| F|  |TS  1|AC  0|TAMS 0x000000008d600000, 0x000000008d600000|
| 181|0x000000008d700000, 0x000000008d700000, 0x000000008d800000|  0%| F|  |TS  1|AC  0|TAMS 0x000000008d700000, 0x000000008d700000|
| 182|0x000000008d800000, 0x000000008d800000, 0x000000008d900000|  0%| F|  |TS  1|AC  0|TAMS 0x000000008d800000, 0x000000008d800000|
| 183|0x000000008d900000, 0x000000008d900000, 0x000000008da00000|  0%| F|  |TS  1|AC  0|TAMS 0x000000008d900000, 0x000000008d900000|
| 184|0x000000008da00000, 0x000000008da00000, 0x000000008db00000|  0%| F|  |TS  1|AC  0|TAMS 0x000000008da00000, 0x000000008da00000|
| 185|0x000000008db00000, 0x000000008db00000, 0x000000008dc00000|  0%| F|  |TS  1|AC  0|TAMS 0x000000008db00000, 0x000000008db00000|
| 186|0x000000008dc00000, 0x000000008dc00000, 0x000000008dd00000|  0%| F|  |TS  1|AC  0|TAMS 0x000000008dc00000, 0x000000008dc00000|
| 187|0x000000008dd00000, 0x000000008dd00000, 0x000000008de00000|  0%| F|  |TS  1|AC  0|TAMS 0x000000008dd00000, 0x000000008dd00000|
| 188|0x000000008de00000, 0x000000008de00000, 0x000000008df00000|  0%| F|  |TS  1|AC  0|TAMS 0x000000008de00000, 0x000000008de00000|
| 189|0x000000008df00000, 0x000000008df00000, 0x000000008e000000|  0%| F|  |TS  1|AC  0|TAMS 0x000000008df00000, 0x000000008df00000|
| 190|0x000000008e000000, 0x000000008e000000, 0x000000008e100000|  0%| F|  |TS  1|AC  0|TAMS 0x000000008e000000, 0x000000008e000000|
| 191|0x000000008e100000, 0x000000008e100000, 0x000000008e200000|  0%| F|  |TS  1|AC  0|TAMS 0x000000008e100000, 0x000000008e100000|
| 192|0x000000008e200000, 0x000000008e200000, 0x000000008e300000|  0%| F|  |TS  1|AC  0|TAMS 0x000000008e200000, 0x000000008e200000|
| 193|0x000000008e300000, 0x000000008e300000, 0x000000008e400000|  0%| F|  |TS  1|AC  0|TAMS 0x000000008e300000, 0x000000008e300000|
| 194|0x000000008e400000, 0x000000008e400000, 0x000000008e500000|  0%| F|  |TS  1|AC  0|TAMS 0x000000008e400000, 0x000000008e400000|
| 195|0x000000008e500000, 0x000000008e500000, 0x000000008e600000|  0%| F|  |TS  1|AC  0|TAMS 0x000000008e500000, 0x000000008e500000|
| 196|0x000000008e600000, 0x000000008e600000, 0x000000008e700000|  0%| F|  |TS  1|AC  0|TAMS 0x000000008e600000, 0x000000008e600000|
| 197|0x000000008e700000, 0x000000008e700000, 0x000000008e800000|  0%| F|  |TS  1|AC  0|TAMS 0x000000008e700000, 0x000000008e700000|
| 198|0x000000008e800000, 0x000000008e800000, 0x000000008e900000|  0%| F|  |TS  1|AC  0|TAMS 0x000000008e800000, 0x000000008e800000|
| 199|0x000000008e900000, 0x000000008e900000, 0x000000008ea00000|  0%| F|  |TS  1|AC  0|TAMS 0x000000008e900000, 0x000000008e900000|
| 200|0x000000008ea00000, 0x000000008ea00000, 0x000000008eb00000|  0%| F|  |TS  1|AC  0|TAMS 0x000000008ea00000, 0x000000008ea00000|
| 201|0x000000008eb00000, 0x000000008eb00000, 0x000000008ec00000|  0%| F|  |TS  1|AC  0|TAMS 0x000000008eb00000, 0x000000008eb00000|
| 202|0x000000008ec00000, 0x000000008ec00000, 0x000000008ed00000|  0%| F|  |TS  1|AC  0|TAMS 0x000000008ec00000, 0x000000008ec00000|
| 203|0x000000008ed00000, 0x000000008ed00000, 0x000000008ee00000|  0%| F|  |TS  1|AC  0|TAMS 0x000000008ed00000, 0x000000008ed00000|
| 204|0x000000008ee00000, 0x000000008ee00000, 0x000000008ef00000|  0%| F|  |TS  1|AC  0|TAMS 0x000000008ee00000, 0x000000008ee00000|
| 205|0x000000008ef00000, 0x000000008ef00000, 0x000000008f000000|  0%| F|  |TS  1|AC  0|TAMS 0x000000008ef00000, 0x000000008ef00000|
| 206|0x000000008f000000, 0x000000008f000000, 0x000000008f100000|  0%| F|  |TS  1|AC  0|TAMS 0x000000008f000000, 0x000000008f000000|
| 207|0x000000008f100000, 0x000000008f100000, 0x000000008f200000|  0%| F|  |TS  1|AC  0|TAMS 0x000000008f100000, 0x000000008f100000|
| 208|0x000000008f200000, 0x000000008f200000, 0x000000008f300000|  0%| F|  |TS  1|AC  0|TAMS 0x000000008f200000, 0x000000008f200000|
| 209|0x000000008f300000, 0x000000008f300000, 0x000000008f400000|  0%| F|  |TS  1|AC  0|TAMS 0x000000008f300000, 0x000000008f300000|
| 210|0x000000008f400000, 0x000000008f400000, 0x000000008f500000|  0%| F|  |TS  1|AC  0|TAMS 0x000000008f400000, 0x000000008f400000|
| 211|0x000000008f500000, 0x000000008f500000, 0x000000008f600000|  0%| F|  |TS  1|AC  0|TAMS 0x000000008f500000, 0x000000008f500000|
| 212|0x000000008f600000, 0x000000008f600000, 0x000000008f700000|  0%| F|  |TS  1|AC  0|TAMS 0x000000008f600000, 0x000000008f600000|
| 213|0x000000008f700000, 0x000000008f700000, 0x000000008f800000|  0%| F|  |TS  1|AC  0|TAMS 0x000000008f700000, 0x000000008f700000|
| 214|0x000000008f800000, 0x000000008f800000, 0x000000008f900000|  0%| F|  |TS  1|AC  0|TAMS 0x000000008f800000, 0x000000008f800000|
| 215|0x000000008f900000, 0x000000008f900000, 0x000000008fa00000|  0%| F|  |TS  1|AC  0|TAMS 0x000000008f900000, 0x000000008f900000|
| 216|0x000000008fa00000, 0x000000008fa00000, 0x000000008fb00000|  0%| F|  |TS  1|AC  0|TAMS 0x000000008fa00000, 0x000000008fa00000|
| 217|0x000000008fb00000, 0x000000008fb00000, 0x000000008fc00000|  0%| F|  |TS  1|AC  0|TAMS 0x000000008fb00000, 0x000000008fb00000|
| 218|0x000000008fc00000, 0x000000008fc00000, 0x000000008fd00000|  0%| F|  |TS  1|AC  0|TAMS 0x000000008fc00000, 0x000000008fc00000|
| 219|0x000000008fd00000, 0x000000008fd00000, 0x000000008fe00000|  0%| F|  |TS  1|AC  0|TAMS 0x000000008fd00000, 0x000000008fd00000|
| 220|0x000000008fe00000, 0x000000008fe00000, 0x000000008ff00000|  0%| F|  |TS  1|AC  0|TAMS 0x000000008fe00000, 0x000000008fe00000|
| 221|0x000000008ff00000, 0x000000008ff00000, 0x0000000090000000|  0%| F|  |TS  1|AC  0|TAMS 0x000000008ff00000, 0x000000008ff00000|
| 222|0x0000000090000000, 0x0000000090000000, 0x0000000090100000|  0%| F|  |TS  1|AC  0|TAMS 0x0000000090000000, 0x0000000090000000|
| 223|0x0000000090100000, 0x0000000090100000, 0x0000000090200000|  0%| F|  |TS  1|AC  0|TAMS 0x0000000090100000, 0x0000000090100000|
| 224|0x0000000090200000, 0x0000000090200000, 0x0000000090300000|  0%| F|  |TS  1|AC  0|TAMS 0x0000000090200000, 0x0000000090200000|
| 225|0x0000000090300000, 0x0000000090300000, 0x0000000090400000|  0%| F|  |TS  1|AC  0|TAMS 0x0000000090300000, 0x0000000090300000|
| 226|0x0000000090400000, 0x0000000090400000, 0x0000000090500000|  0%| F|  |TS  1|AC  0|TAMS 0x0000000090400000, 0x0000000090400000|
| 227|0x0000000090500000, 0x0000000090500000, 0x0000000090600000|  0%| F|  |TS  1|AC  0|TAMS 0x0000000090500000, 0x0000000090500000|
| 228|0x0000000090600000, 0x0000000090600000, 0x0000000090700000|  0%| F|  |TS  1|AC  0|TAMS 0x0000000090600000, 0x0000000090600000|
| 229|0x0000000090700000, 0x0000000090700000, 0x0000000090800000|  0%| F|  |TS  1|AC  0|TAMS 0x0000000090700000, 0x0000000090700000|
| 230|0x0000000090800000, 0x0000000090800000, 0x0000000090900000|  0%| F|  |TS  1|AC  0|TAMS 0x0000000090800000, 0x0000000090800000|
| 231|0x0000000090900000, 0x0000000090900000, 0x0000000090a00000|  0%| F|  |TS  1|AC  0|TAMS 0x0000000090900000, 0x0000000090900000|
| 232|0x0000000090a00000, 0x0000000090a00000, 0x0000000090b00000|  0%| F|  |TS  1|AC  0|TAMS 0x0000000090a00000, 0x0000000090a00000|
| 233|0x0000000090b00000, 0x0000000090b00000, 0x0000000090c00000|  0%| F|  |TS  1|AC  0|TAMS 0x0000000090b00000, 0x0000000090b00000|
| 234|0x0000000090c00000, 0x0000000090c00000, 0x0000000090d00000|  0%| F|  |TS  1|AC  0|TAMS 0x0000000090c00000, 0x0000000090c00000|
| 235|0x0000000090d00000, 0x0000000090d00000, 0x0000000090e00000|  0%| F|  |TS  1|AC  0|TAMS 0x0000000090d00000, 0x0000000090d00000|
| 236|0x0000000090e00000, 0x0000000090e00000, 0x0000000090f00000|  0%| F|  |TS  1|AC  0|TAMS 0x0000000090e00000, 0x0000000090e00000|
| 237|0x0000000090f00000, 0x0000000090f00000, 0x0000000091000000|  0%| F|  |TS  1|AC  0|TAMS 0x0000000090f00000, 0x0000000090f00000|
| 238|0x0000000091000000, 0x0000000091000000, 0x0000000091100000|  0%| F|  |TS  1|AC  0|TAMS 0x0000000091000000, 0x0000000091000000|
| 239|0x0000000091100000, 0x0000000091100000, 0x0000000091200000|  0%| F|  |TS  1|AC  0|TAMS 0x0000000091100000, 0x0000000091100000|
| 240|0x0000000091200000, 0x0000000091200000, 0x0000000091300000|  0%| F|  |TS  1|AC  0|TAMS 0x0000000091200000, 0x0000000091200000|
| 241|0x0000000091300000, 0x0000000091300000, 0x0000000091400000|  0%| F|  |TS  1|AC  0|TAMS 0x0000000091300000, 0x0000000091300000|
| 242|0x0000000091400000, 0x0000000091400000, 0x0000000091500000|  0%| F|  |TS  1|AC  0|TAMS 0x0000000091400000, 0x0000000091400000|
| 243|0x0000000091500000, 0x0000000091500000, 0x0000000091600000|  0%| F|  |TS  1|AC  0|TAMS 0x0000000091500000, 0x0000000091500000|
| 244|0x0000000091600000, 0x0000000091600000, 0x0000000091700000|  0%| F|  |TS  1|AC  0|TAMS 0x0000000091600000, 0x0000000091600000|
| 245|0x0000000091700000, 0x0000000091700000, 0x0000000091800000|  0%| F|  |TS  1|AC  0|TAMS 0x0000000091700000, 0x0000000091700000|
| 246|0x0000000091800000, 0x0000000091800000, 0x0000000091900000|  0%| F|  |TS  1|AC  0|TAMS 0x0000000091800000, 0x0000000091800000|
| 247|0x0000000091900000, 0x0000000091900000, 0x0000000091a00000|  0%| F|  |TS  1|AC  0|TAMS 0x0000000091900000, 0x0000000091900000|
| 248|0x0000000091a00000, 0x0000000091a00000, 0x0000000091b00000|  0%| F|  |TS  1|AC  0|TAMS 0x0000000091a00000, 0x0000000091a00000|
| 249|0x0000000091b00000, 0x0000000091b00000, 0x0000000091c00000|  0%| F|  |TS  1|AC  0|TAMS 0x0000000091b00000, 0x0000000091b00000|
| 250|0x0000000091c00000, 0x0000000091c00000, 0x0000000091d00000|  0%| F|  |TS  1|AC  0|TAMS 0x0000000091c00000, 0x0000000091c00000|
| 251|0x0000000091d00000, 0x0000000091d00000, 0x0000000091e00000|  0%| F|  |TS  1|AC  0|TAMS 0x0000000091d00000, 0x0000000091d00000|
| 252|0x0000000091e00000, 0x0000000091e00000, 0x0000000091f00000|  0%| F|  |TS  1|AC  0|TAMS 0x0000000091e00000, 0x0000000091e00000|
| 253|0x0000000091f00000, 0x0000000091f00000, 0x0000000092000000|  0%| F|  |TS  1|AC  0|TAMS 0x0000000091f00000, 0x0000000091f00000|
| 254|0x0000000092000000, 0x0000000092000000, 0x0000000092100000|  0%| F|  |TS  1|AC  0|TAMS 0x0000000092000000, 0x0000000092000000|
| 255|0x0000000092100000, 0x0000000092100000, 0x0000000092200000|  0%| F|  |TS  1|AC  0|TAMS 0x0000000092100000, 0x0000000092100000|
| 256|0x0000000092200000, 0x0000000092200000, 0x0000000092300000|  0%| F|  |TS  1|AC  0|TAMS 0x0000000092200000, 0x0000000092200000|
| 257|0x0000000092300000, 0x0000000092300000, 0x0000000092400000|  0%| F|  |TS  1|AC  0|TAMS 0x0000000092300000, 0x0000000092300000|
| 258|0x0000000092400000, 0x0000000092400000, 0x0000000092500000|  0%| F|  |TS  1|AC  0|TAMS 0x0000000092400000, 0x0000000092400000|
| 259|0x0000000092500000, 0x0000000092500000, 0x0000000092600000|  0%| F|  |TS  1|AC  0|TAMS 0x0000000092500000, 0x0000000092500000|
| 260|0x0000000092600000, 0x0000000092600000, 0x0000000092700000|  0%| F|  |TS  1|AC  0|TAMS 0x0000000092600000, 0x0000000092600000|
| 261|0x0000000092700000, 0x0000000092700000, 0x0000000092800000|  0%| F|  |TS  1|AC  0|TAMS 0x0000000092700000, 0x0000000092700000|
| 262|0x0000000092800000, 0x0000000092800000, 0x0000000092900000|  0%| F|  |TS  1|AC  0|TAMS 0x0000000092800000, 0x0000000092800000|
| 263|0x0000000092900000, 0x0000000092900000, 0x0000000092a00000|  0%| F|  |TS  1|AC  0|TAMS 0x0000000092900000, 0x0000000092900000|
| 264|0x0000000092a00000, 0x0000000092a00000, 0x0000000092b00000|  0%| F|  |TS  1|AC  0|TAMS 0x0000000092a00000, 0x0000000092a00000|
| 265|0x0000000092b00000, 0x0000000092b00000, 0x0000000092c00000|  0%| F|  |TS  1|AC  0|TAMS 0x0000000092b00000, 0x0000000092b00000|
| 266|0x0000000092c00000, 0x0000000092c00000, 0x0000000092d00000|  0%| F|  |TS  1|AC  0|TAMS 0x0000000092c00000, 0x0000000092c00000|
| 267|0x0000000092d00000, 0x0000000092d00000, 0x0000000092e00000|  0%| F|  |TS  1|AC  0|TAMS 0x0000000092d00000, 0x0000000092d00000|
| 268|0x0000000092e00000, 0x0000000092e00000, 0x0000000092f00000|  0%| F|  |TS  1|AC  0|TAMS 0x0000000092e00000, 0x0000000092e00000|
| 269|0x0000000092f00000, 0x0000000092f00000, 0x0000000093000000|  0%| F|  |TS  1|AC  0|TAMS 0x0000000092f00000, 0x0000000092f00000|
| 270|0x0000000093000000, 0x0000000093000000, 0x0000000093100000|  0%| F|  |TS  1|AC  0|TAMS 0x0000000093000000, 0x0000000093000000|
| 271|0x0000000093100000, 0x0000000093100000, 0x0000000093200000|  0%| F|  |TS  1|AC  0|TAMS 0x0000000093100000, 0x0000000093100000|
| 272|0x0000000093200000, 0x0000000093200000, 0x0000000093300000|  0%| F|  |TS  1|AC  0|TAMS 0x0000000093200000, 0x0000000093200000|
| 273|0x0000000093300000, 0x0000000093300000, 0x0000000093400000|  0%| F|  |TS  1|AC  0|TAMS 0x0000000093300000, 0x0000000093300000|
| 274|0x0000000093400000, 0x0000000093400000, 0x0000000093500000|  0%| F|  |TS  1|AC  0|TAMS 0x0000000093400000, 0x0000000093400000|
| 275|0x0000000093500000, 0x0000000093500000, 0x0000000093600000|  0%| F|  |TS  1|AC  0|TAMS 0x0000000093500000, 0x0000000093500000|
| 276|0x0000000093600000, 0x0000000093600000, 0x0000000093700000|  0%| F|  |TS  1|AC  0|TAMS 0x0000000093600000, 0x0000000093600000|
| 277|0x0000000093700000, 0x0000000093700000, 0x0000000093800000|  0%| F|  |TS  1|AC  0|TAMS 0x0000000093700000, 0x0000000093700000|
| 278|0x0000000093800000, 0x00000000938ce0b0, 0x0000000093900000| 80%| S|CS|TS  5|AC  0|TAMS 0x0000000093800000, 0x0000000093800000|
| 279|0x0000000093900000, 0x0000000093a00000, 0x0000000093a00000|100%| S|CS|TS  5|AC  0|TAMS 0x0000000093900000, 0x0000000093900000|
| 280|0x0000000093a00000, 0x0000000093b00000, 0x0000000093b00000|100%| S|CS|TS  5|AC  0|TAMS 0x0000000093a00000, 0x0000000093a00000|
| 281|0x0000000093b00000, 0x0000000093c00000, 0x0000000093c00000|100%| S|CS|TS  5|AC  0|TAMS 0x0000000093b00000, 0x0000000093b00000|
| 282|0x0000000093c00000, 0x0000000093d00000, 0x0000000093d00000|100%| S|CS|TS  5|AC  0|TAMS 0x0000000093c00000, 0x0000000093c00000|
| 283|0x0000000093d00000, 0x0000000093e00000, 0x0000000093e00000|100%| S|CS|TS  5|AC  0|TAMS 0x0000000093d00000, 0x0000000093d00000|
| 284|0x0000000093e00000, 0x0000000093f00000, 0x0000000093f00000|100%| S|CS|TS  5|AC  0|TAMS 0x0000000093e00000, 0x0000000093e00000|
| 285|0x0000000093f00000, 0x0000000093f00000, 0x0000000094000000|  0%| F|  |TS  5|AC  0|TAMS 0x0000000093f00000, 0x0000000093f00000|
| 286|0x0000000094000000, 0x0000000094000000, 0x0000000094100000|  0%| F|  |TS  5|AC  0|TAMS 0x0000000094000000, 0x0000000094000000|
| 287|0x0000000094100000, 0x0000000094100000, 0x0000000094200000|  0%| F|  |TS  5|AC  0|TAMS 0x0000000094100000, 0x0000000094100000|
| 288|0x0000000094200000, 0x0000000094200000, 0x0000000094300000|  0%| F|  |TS  5|AC  0|TAMS 0x0000000094200000, 0x0000000094200000|
| 289|0x0000000094300000, 0x0000000094300000, 0x0000000094400000|  0%| F|  |TS  5|AC  0|TAMS 0x0000000094300000, 0x0000000094300000|
| 290|0x0000000094400000, 0x0000000094400000, 0x0000000094500000|  0%| F|  |TS  5|AC  0|TAMS 0x0000000094400000, 0x0000000094400000|
| 291|0x0000000094500000, 0x0000000094500000, 0x0000000094600000|  0%| F|  |TS  5|AC  0|TAMS 0x0000000094500000, 0x0000000094500000|
| 292|0x0000000094600000, 0x0000000094600000, 0x0000000094700000|  0%| F|  |TS  5|AC  0|TAMS 0x0000000094600000, 0x0000000094600000|
| 293|0x0000000094700000, 0x0000000094700000, 0x0000000094800000|  0%| F|  |TS  5|AC  0|TAMS 0x0000000094700000, 0x0000000094700000|
| 294|0x0000000094800000, 0x0000000094800000, 0x0000000094900000|  0%| F|  |TS  5|AC  0|TAMS 0x0000000094800000, 0x0000000094800000|
| 295|0x0000000094900000, 0x0000000094900000, 0x0000000094a00000|  0%| F|  |TS  5|AC  0|TAMS 0x0000000094900000, 0x0000000094900000|
| 296|0x0000000094a00000, 0x0000000094a00000, 0x0000000094b00000|  0%| F|  |TS  5|AC  0|TAMS 0x0000000094a00000, 0x0000000094a00000|
| 297|0x0000000094b00000, 0x0000000094b00000, 0x0000000094c00000|  0%| F|  |TS  5|AC  0|TAMS 0x0000000094b00000, 0x0000000094b00000|
| 298|0x0000000094c00000, 0x0000000094c00000, 0x0000000094d00000|  0%| F|  |TS  5|AC  0|TAMS 0x0000000094c00000, 0x0000000094c00000|
| 299|0x0000000094d00000, 0x0000000094d00000, 0x0000000094e00000|  0%| F|  |TS  5|AC  0|TAMS 0x0000000094d00000, 0x0000000094d00000|
| 300|0x0000000094e00000, 0x0000000094e00000, 0x0000000094f00000|  0%| F|  |TS  5|AC  0|TAMS 0x0000000094e00000, 0x0000000094e00000|
| 301|0x0000000094f00000, 0x0000000094f00000, 0x0000000095000000|  0%| F|  |TS  5|AC  0|TAMS 0x0000000094f00000, 0x0000000094f00000|
| 302|0x0000000095000000, 0x0000000095000000, 0x0000000095100000|  0%| F|  |TS  5|AC  0|TAMS 0x0000000095000000, 0x0000000095000000|
| 303|0x0000000095100000, 0x0000000095200000, 0x0000000095200000|100%| S|CS|TS  5|AC  0|TAMS 0x0000000095100000, 0x0000000095100000|
| 304|0x0000000095200000, 0x0000000095300000, 0x0000000095300000|100%| S|CS|TS  5|AC  0|TAMS 0x0000000095200000, 0x0000000095200000|
| 305|0x0000000095300000, 0x0000000095400000, 0x0000000095400000|100%| S|CS|TS  5|AC  0|TAMS 0x0000000095300000, 0x0000000095300000|
| 306|0x0000000095400000, 0x0000000095500000, 0x0000000095500000|100%| S|CS|TS  5|AC  0|TAMS 0x0000000095400000, 0x0000000095400000|
| 307|0x0000000095500000, 0x0000000095600000, 0x0000000095600000|100%| S|CS|TS  5|AC  0|TAMS 0x0000000095500000, 0x0000000095500000|
| 308|0x0000000095600000, 0x0000000095700000, 0x0000000095700000|100%| S|CS|TS  5|AC  0|TAMS 0x0000000095600000, 0x0000000095600000|
| 309|0x0000000095700000, 0x0000000095800000, 0x0000000095800000|100%| S|CS|TS  5|AC  0|TAMS 0x0000000095700000, 0x0000000095700000|
| 310|0x0000000095800000, 0x0000000095900000, 0x0000000095900000|100%| S|CS|TS  5|AC  0|TAMS 0x0000000095800000, 0x0000000095800000|
| 311|0x0000000095900000, 0x0000000095a00000, 0x0000000095a00000|100%| S|CS|TS  5|AC  0|TAMS 0x0000000095900000, 0x0000000095900000|
| 312|0x0000000095a00000, 0x0000000095b00000, 0x0000000095b00000|100%| S|CS|TS  5|AC  0|TAMS 0x0000000095a00000, 0x0000000095a00000|
| 313|0x0000000095b00000, 0x0000000095c00000, 0x0000000095c00000|100%| S|CS|TS  5|AC  0|TAMS 0x0000000095b00000, 0x0000000095b00000|
| 314|0x0000000095c00000, 0x0000000095c00000, 0x0000000095d00000|  0%| F|  |TS  5|AC  0|TAMS 0x0000000095c00000, 0x0000000095c00000|
| 315|0x0000000095d00000, 0x0000000095d00000, 0x0000000095e00000|  0%| F|  |TS  5|AC  0|TAMS 0x0000000095d00000, 0x0000000095d00000|
| 316|0x0000000095e00000, 0x0000000095e00000, 0x0000000095f00000|  0%| F|  |TS  5|AC  0|TAMS 0x0000000095e00000, 0x0000000095e00000|
| 317|0x0000000095f00000, 0x0000000095f00000, 0x0000000096000000|  0%| F|  |TS  5|AC  0|TAMS 0x0000000095f00000, 0x0000000095f00000|
| 318|0x0000000096000000, 0x0000000096000000, 0x0000000096100000|  0%| F|  |TS  5|AC  0|TAMS 0x0000000096000000, 0x0000000096000000|
| 319|0x0000000096100000, 0x0000000096100000, 0x0000000096200000|  0%| F|  |TS  5|AC  0|TAMS 0x0000000096100000, 0x0000000096100000|
| 320|0x0000000096200000, 0x0000000096200000, 0x0000000096300000|  0%| F|  |TS  5|AC  0|TAMS 0x0000000096200000, 0x0000000096200000|
| 321|0x0000000096300000, 0x0000000096300000, 0x0000000096400000|  0%| F|  |TS  5|AC  0|TAMS 0x0000000096300000, 0x0000000096300000|
| 322|0x0000000096400000, 0x0000000096400000, 0x0000000096500000|  0%| F|  |TS  5|AC  0|TAMS 0x0000000096400000, 0x0000000096400000|
| 323|0x0000000096500000, 0x0000000096500000, 0x0000000096600000|  0%| F|  |TS  5|AC  0|TAMS 0x0000000096500000, 0x0000000096500000|
| 324|0x0000000096600000, 0x0000000096600000, 0x0000000096700000|  0%| F|  |TS  5|AC  0|TAMS 0x0000000096600000, 0x0000000096600000|
| 325|0x0000000096700000, 0x0000000096700000, 0x0000000096800000|  0%| F|  |TS  5|AC  0|TAMS 0x0000000096700000, 0x0000000096700000|
| 326|0x0000000096800000, 0x0000000096800000, 0x0000000096900000|  0%| F|  |TS  5|AC  0|TAMS 0x0000000096800000, 0x0000000096800000|
| 327|0x0000000096900000, 0x0000000096900000, 0x0000000096a00000|  0%| F|  |TS  5|AC  0|TAMS 0x0000000096900000, 0x0000000096900000|
| 328|0x0000000096a00000, 0x0000000096a00000, 0x0000000096b00000|  0%| F|  |TS  5|AC  0|TAMS 0x0000000096a00000, 0x0000000096a00000|
| 329|0x0000000096b00000, 0x0000000096b00000, 0x0000000096c00000|  0%| F|  |TS  5|AC  0|TAMS 0x0000000096b00000, 0x0000000096b00000|
| 330|0x0000000096c00000, 0x0000000096c00000, 0x0000000096d00000|  0%| F|  |TS  5|AC  0|TAMS 0x0000000096c00000, 0x0000000096c00000|
| 331|0x0000000096d00000, 0x0000000096d00000, 0x0000000096e00000|  0%| F|  |TS  5|AC  0|TAMS 0x0000000096d00000, 0x0000000096d00000|
| 332|0x0000000096e00000, 0x0000000096e00000, 0x0000000096f00000|  0%| F|  |TS  5|AC  0|TAMS 0x0000000096e00000, 0x0000000096e00000|
| 333|0x0000000096f00000, 0x0000000096f00000, 0x0000000097000000|  0%| F|  |TS  5|AC  0|TAMS 0x0000000096f00000, 0x0000000096f00000|
| 334|0x0000000097000000, 0x0000000097000000, 0x0000000097100000|  0%| F|  |TS  5|AC  0|TAMS 0x0000000097000000, 0x0000000097000000|
| 335|0x0000000097100000, 0x0000000097100000, 0x0000000097200000|  0%| F|  |TS  5|AC  0|TAMS 0x0000000097100000, 0x0000000097100000|
| 336|0x0000000097200000, 0x0000000097200000, 0x0000000097300000|  0%| F|  |TS  5|AC  0|TAMS 0x0000000097200000, 0x0000000097200000|
| 337|0x0000000097300000, 0x0000000097300000, 0x0000000097400000|  0%| F|  |TS  5|AC  0|TAMS 0x0000000097300000, 0x0000000097300000|
| 338|0x0000000097400000, 0x0000000097400000, 0x0000000097500000|  0%| F|  |TS  5|AC  0|TAMS 0x0000000097400000, 0x0000000097400000|
| 339|0x0000000097500000, 0x0000000097500000, 0x0000000097600000|  0%| F|  |TS  5|AC  0|TAMS 0x0000000097500000, 0x0000000097500000|
| 340|0x0000000097600000, 0x0000000097600000, 0x0000000097700000|  0%| F|  |TS  5|AC  0|TAMS 0x0000000097600000, 0x0000000097600000|
| 341|0x0000000097700000, 0x0000000097700000, 0x0000000097800000|  0%| F|  |TS  5|AC  0|TAMS 0x0000000097700000, 0x0000000097700000|
| 342|0x0000000097800000, 0x0000000097800000, 0x0000000097900000|  0%| F|  |TS  5|AC  0|TAMS 0x0000000097800000, 0x0000000097800000|
| 343|0x0000000097900000, 0x0000000097900000, 0x0000000097a00000|  0%| F|  |TS  5|AC  0|TAMS 0x0000000097900000, 0x0000000097900000|
| 344|0x0000000097a00000, 0x0000000097a00000, 0x0000000097b00000|  0%| F|  |TS  5|AC  0|TAMS 0x0000000097a00000, 0x0000000097a00000|
| 345|0x0000000097b00000, 0x0000000097b00000, 0x0000000097c00000|  0%| F|  |TS  5|AC  0|TAMS 0x0000000097b00000, 0x0000000097b00000|
| 346|0x0000000097c00000, 0x0000000097c00000, 0x0000000097d00000|  0%| F|  |TS  5|AC  0|TAMS 0x0000000097c00000, 0x0000000097c00000|
| 347|0x0000000097d00000, 0x0000000097d00000, 0x0000000097e00000|  0%| F|  |TS  5|AC  0|TAMS 0x0000000097d00000, 0x0000000097d00000|
| 348|0x0000000097e00000, 0x0000000097e00000, 0x0000000097f00000|  0%| F|  |TS  5|AC  0|TAMS 0x0000000097e00000, 0x0000000097e00000|
| 349|0x0000000097f00000, 0x0000000097f00000, 0x0000000098000000|  0%| F|  |TS  5|AC  0|TAMS 0x0000000097f00000, 0x0000000097f00000|
| 350|0x0000000098000000, 0x0000000098000000, 0x0000000098100000|  0%| F|  |TS  5|AC  0|TAMS 0x0000000098000000, 0x0000000098000000|
| 351|0x0000000098100000, 0x0000000098100000, 0x0000000098200000|  0%| F|  |TS  5|AC  0|TAMS 0x0000000098100000, 0x0000000098100000|
| 352|0x0000000098200000, 0x0000000098200000, 0x0000000098300000|  0%| F|  |TS  5|AC  0|TAMS 0x0000000098200000, 0x0000000098200000|
| 353|0x0000000098300000, 0x0000000098300000, 0x0000000098400000|  0%| F|  |TS  5|AC  0|TAMS 0x0000000098300000, 0x0000000098300000|
| 354|0x0000000098400000, 0x0000000098400000, 0x0000000098500000|  0%| F|  |TS  5|AC  0|TAMS 0x0000000098400000, 0x0000000098400000|
| 355|0x0000000098500000, 0x0000000098500000, 0x0000000098600000|  0%| F|  |TS  5|AC  0|TAMS 0x0000000098500000, 0x0000000098500000|
| 356|0x0000000098600000, 0x0000000098600000, 0x0000000098700000|  0%| F|  |TS  5|AC  0|TAMS 0x0000000098600000, 0x0000000098600000|
| 357|0x0000000098700000, 0x0000000098700000, 0x0000000098800000|  0%| F|  |TS  5|AC  0|TAMS 0x0000000098700000, 0x0000000098700000|
| 358|0x0000000098800000, 0x0000000098800000, 0x0000000098900000|  0%| F|  |TS  5|AC  0|TAMS 0x0000000098800000, 0x0000000098800000|
| 359|0x0000000098900000, 0x0000000098900000, 0x0000000098a00000|  0%| F|  |TS  5|AC  0|TAMS 0x0000000098900000, 0x0000000098900000|
| 360|0x0000000098a00000, 0x0000000098a00000, 0x0000000098b00000|  0%| F|  |TS  5|AC  0|TAMS 0x0000000098a00000, 0x0000000098a00000|
| 361|0x0000000098b00000, 0x0000000098b00000, 0x0000000098c00000|  0%| F|  |TS  5|AC  0|TAMS 0x0000000098b00000, 0x0000000098b00000|
| 362|0x0000000098c00000, 0x0000000098c00000, 0x0000000098d00000|  0%| F|  |TS  5|AC  0|TAMS 0x0000000098c00000, 0x0000000098c00000|
| 363|0x0000000098d00000, 0x0000000098d00000, 0x0000000098e00000|  0%| F|  |TS  5|AC  0|TAMS 0x0000000098d00000, 0x0000000098d00000|
| 364|0x0000000098e00000, 0x0000000098e00000, 0x0000000098f00000|  0%| F|  |TS  5|AC  0|TAMS 0x0000000098e00000, 0x0000000098e00000|
| 365|0x0000000098f00000, 0x0000000098f00000, 0x0000000099000000|  0%| F|  |TS  5|AC  0|TAMS 0x0000000098f00000, 0x0000000098f00000|
| 366|0x0000000099000000, 0x0000000099000000, 0x0000000099100000|  0%| F|  |TS  5|AC  0|TAMS 0x0000000099000000, 0x0000000099000000|
| 367|0x0000000099100000, 0x0000000099100000, 0x0000000099200000|  0%| F|  |TS  5|AC  0|TAMS 0x0000000099100000, 0x0000000099100000|
| 368|0x0000000099200000, 0x0000000099200000, 0x0000000099300000|  0%| F|  |TS  5|AC  0|TAMS 0x0000000099200000, 0x0000000099200000|
| 369|0x0000000099300000, 0x0000000099300000, 0x0000000099400000|  0%| F|  |TS  5|AC  0|TAMS 0x0000000099300000, 0x0000000099300000|
| 370|0x0000000099400000, 0x0000000099400000, 0x0000000099500000|  0%| F|  |TS  5|AC  0|TAMS 0x0000000099400000, 0x0000000099400000|
| 371|0x0000000099500000, 0x0000000099500000, 0x0000000099600000|  0%| F|  |TS  5|AC  0|TAMS 0x0000000099500000, 0x0000000099500000|
| 372|0x0000000099600000, 0x0000000099600000, 0x0000000099700000|  0%| F|  |TS  5|AC  0|TAMS 0x0000000099600000, 0x0000000099600000|
| 373|0x0000000099700000, 0x0000000099700000, 0x0000000099800000|  0%| F|  |TS  5|AC  0|TAMS 0x0000000099700000, 0x0000000099700000|
| 374|0x0000000099800000, 0x0000000099800000, 0x0000000099900000|  0%| F|  |TS  5|AC  0|TAMS 0x0000000099800000, 0x0000000099800000|
| 375|0x0000000099900000, 0x0000000099900000, 0x0000000099a00000|  0%| F|  |TS  5|AC  0|TAMS 0x0000000099900000, 0x0000000099900000|
| 376|0x0000000099a00000, 0x0000000099a00000, 0x0000000099b00000|  0%| F|  |TS  5|AC  0|TAMS 0x0000000099a00000, 0x0000000099a00000|
| 377|0x0000000099b00000, 0x0000000099b00000, 0x0000000099c00000|  0%| F|  |TS  5|AC  0|TAMS 0x0000000099b00000, 0x0000000099b00000|
| 378|0x0000000099c00000, 0x0000000099c00000, 0x0000000099d00000|  0%| F|  |TS  5|AC  0|TAMS 0x0000000099c00000, 0x0000000099c00000|
| 379|0x0000000099d00000, 0x0000000099d00000, 0x0000000099e00000|  0%| F|  |TS  5|AC  0|TAMS 0x0000000099d00000, 0x0000000099d00000|
| 380|0x0000000099e00000, 0x0000000099e00000, 0x0000000099f00000|  0%| F|  |TS  5|AC  0|TAMS 0x0000000099e00000, 0x0000000099e00000|
| 381|0x0000000099f00000, 0x0000000099f00000, 0x000000009a000000|  0%| F|  |TS  5|AC  0|TAMS 0x0000000099f00000, 0x0000000099f00000|
| 382|0x000000009a000000, 0x000000009a000000, 0x000000009a100000|  0%| F|  |TS  5|AC  0|TAMS 0x000000009a000000, 0x000000009a000000|
| 383|0x000000009a100000, 0x000000009a100000, 0x000000009a200000|  0%| F|  |TS  5|AC  0|TAMS 0x000000009a100000, 0x000000009a100000|
| 384|0x000000009a200000, 0x000000009a200000, 0x000000009a300000|  0%| F|  |TS  5|AC  0|TAMS 0x000000009a200000, 0x000000009a200000|
| 385|0x000000009a300000, 0x000000009a300000, 0x000000009a400000|  0%| F|  |TS  5|AC  0|TAMS 0x000000009a300000, 0x000000009a300000|
| 386|0x000000009a400000, 0x000000009a400000, 0x000000009a500000|  0%| F|  |TS  5|AC  0|TAMS 0x000000009a400000, 0x000000009a400000|
| 387|0x000000009a500000, 0x000000009a500000, 0x000000009a600000|  0%| F|  |TS  5|AC  0|TAMS 0x000000009a500000, 0x000000009a500000|
| 388|0x000000009a600000, 0x000000009a600000, 0x000000009a700000|  0%| F|  |TS  5|AC  0|TAMS 0x000000009a600000, 0x000000009a600000|
| 389|0x000000009a700000, 0x000000009a700000, 0x000000009a800000|  0%| F|  |TS  5|AC  0|TAMS 0x000000009a700000, 0x000000009a700000|
| 390|0x000000009a800000, 0x000000009a800000, 0x000000009a900000|  0%| F|  |TS  5|AC  0|TAMS 0x000000009a800000, 0x000000009a800000|
| 391|0x000000009a900000, 0x000000009a900000, 0x000000009aa00000|  0%| F|  |TS  5|AC  0|TAMS 0x000000009a900000, 0x000000009a900000|
| 392|0x000000009aa00000, 0x000000009aa00000, 0x000000009ab00000|  0%| F|  |TS  5|AC  0|TAMS 0x000000009aa00000, 0x000000009aa00000|
| 393|0x000000009ab00000, 0x000000009ab00000, 0x000000009ac00000|  0%| F|  |TS  5|AC  0|TAMS 0x000000009ab00000, 0x000000009ab00000|
| 394|0x000000009ac00000, 0x000000009ac00000, 0x000000009ad00000|  0%| F|  |TS  5|AC  0|TAMS 0x000000009ac00000, 0x000000009ac00000|
| 395|0x000000009ad00000, 0x000000009ad00000, 0x000000009ae00000|  0%| F|  |TS  5|AC  0|TAMS 0x000000009ad00000, 0x000000009ad00000|
| 396|0x000000009ae00000, 0x000000009ae00000, 0x000000009af00000|  0%| F|  |TS  5|AC  0|TAMS 0x000000009ae00000, 0x000000009ae00000|
| 397|0x000000009af00000, 0x000000009af00000, 0x000000009b000000|  0%| F|  |TS  5|AC  0|TAMS 0x000000009af00000, 0x000000009af00000|
| 398|0x000000009b000000, 0x000000009b000000, 0x000000009b100000|  0%| F|  |TS  5|AC  0|TAMS 0x000000009b000000, 0x000000009b000000|
| 399|0x000000009b100000, 0x000000009b100000, 0x000000009b200000|  0%| F|  |TS  5|AC  0|TAMS 0x000000009b100000, 0x000000009b100000|
| 400|0x000000009b200000, 0x000000009b200000, 0x000000009b300000|  0%| F|  |TS  5|AC  0|TAMS 0x000000009b200000, 0x000000009b200000|
| 401|0x000000009b300000, 0x000000009b300000, 0x000000009b400000|  0%| F|  |TS  5|AC  0|TAMS 0x000000009b300000, 0x000000009b300000|
| 402|0x000000009b400000, 0x000000009b400000, 0x000000009b500000|  0%| F|  |TS  5|AC  0|TAMS 0x000000009b400000, 0x000000009b400000|
| 403|0x000000009b500000, 0x000000009b500000, 0x000000009b600000|  0%| F|  |TS  5|AC  0|TAMS 0x000000009b500000, 0x000000009b500000|
| 404|0x000000009b600000, 0x000000009b600000, 0x000000009b700000|  0%| F|  |TS  5|AC  0|TAMS 0x000000009b600000, 0x000000009b600000|
| 405|0x000000009b700000, 0x000000009b700000, 0x000000009b800000|  0%| F|  |TS  5|AC  0|TAMS 0x000000009b700000, 0x000000009b700000|
| 406|0x000000009b800000, 0x000000009b800000, 0x000000009b900000|  0%| F|  |TS  5|AC  0|TAMS 0x000000009b800000, 0x000000009b800000|
| 407|0x000000009b900000, 0x000000009b900000, 0x000000009ba00000|  0%| F|  |TS  5|AC  0|TAMS 0x000000009b900000, 0x000000009b900000|
| 408|0x000000009ba00000, 0x000000009ba00000, 0x000000009bb00000|  0%| F|  |TS  5|AC  0|TAMS 0x000000009ba00000, 0x000000009ba00000|
| 409|0x000000009bb00000, 0x000000009bb00000, 0x000000009bc00000|  0%| F|  |TS  5|AC  0|TAMS 0x000000009bb00000, 0x000000009bb00000|
| 410|0x000000009bc00000, 0x000000009bc00000, 0x000000009bd00000|  0%| F|  |TS  5|AC  0|TAMS 0x000000009bc00000, 0x000000009bc00000|
| 411|0x000000009bd00000, 0x000000009bd00000, 0x000000009be00000|  0%| F|  |TS  5|AC  0|TAMS 0x000000009bd00000, 0x000000009bd00000|
| 412|0x000000009be00000, 0x000000009be00000, 0x000000009bf00000|  0%| F|  |TS  5|AC  0|TAMS 0x000000009be00000, 0x000000009be00000|
| 413|0x000000009bf00000, 0x000000009bf00000, 0x000000009c000000|  0%| F|  |TS  5|AC  0|TAMS 0x000000009bf00000, 0x000000009bf00000|
| 414|0x000000009c000000, 0x000000009c000000, 0x000000009c100000|  0%| F|  |TS  5|AC  0|TAMS 0x000000009c000000, 0x000000009c000000|
| 415|0x000000009c100000, 0x000000009c100000, 0x000000009c200000|  0%| F|  |TS  5|AC  0|TAMS 0x000000009c100000, 0x000000009c100000|
| 416|0x000000009c200000, 0x000000009c200000, 0x000000009c300000|  0%| F|  |TS  5|AC  0|TAMS 0x000000009c200000, 0x000000009c200000|
| 417|0x000000009c300000, 0x000000009c300000, 0x000000009c400000|  0%| F|  |TS  5|AC  0|TAMS 0x000000009c300000, 0x000000009c300000|
| 418|0x000000009c400000, 0x000000009c400000, 0x000000009c500000|  0%| F|  |TS  5|AC  0|TAMS 0x000000009c400000, 0x000000009c400000|
| 419|0x000000009c500000, 0x000000009c500000, 0x000000009c600000|  0%| F|  |TS  5|AC  0|TAMS 0x000000009c500000, 0x000000009c500000|
| 420|0x000000009c600000, 0x000000009c600000, 0x000000009c700000|  0%| F|  |TS  5|AC  0|TAMS 0x000000009c600000, 0x000000009c600000|
| 421|0x000000009c700000, 0x000000009c700000, 0x000000009c800000|  0%| F|  |TS  5|AC  0|TAMS 0x000000009c700000, 0x000000009c700000|
| 422|0x000000009c800000, 0x000000009c800000, 0x000000009c900000|  0%| F|  |TS  5|AC  0|TAMS 0x000000009c800000, 0x000000009c800000|
| 423|0x000000009c900000, 0x000000009c900000, 0x000000009ca00000|  0%| F|  |TS  5|AC  0|TAMS 0x000000009c900000, 0x000000009c900000|
| 424|0x000000009ca00000, 0x000000009ca00000, 0x000000009cb00000|  0%| F|  |TS  5|AC  0|TAMS 0x000000009ca00000, 0x000000009ca00000|
| 425|0x000000009cb00000, 0x000000009cb00000, 0x000000009cc00000|  0%| F|  |TS  5|AC  0|TAMS 0x000000009cb00000, 0x000000009cb00000|
| 426|0x000000009cc00000, 0x000000009cc00000, 0x000000009cd00000|  0%| F|  |TS  5|AC  0|TAMS 0x000000009cc00000, 0x000000009cc00000|
| 427|0x000000009cd00000, 0x000000009cd00000, 0x000000009ce00000|  0%| F|  |TS  5|AC  0|TAMS 0x000000009cd00000, 0x000000009cd00000|
| 428|0x000000009ce00000, 0x000000009ce00000, 0x000000009cf00000|  0%| F|  |TS  5|AC  0|TAMS 0x000000009ce00000, 0x000000009ce00000|
| 429|0x000000009cf00000, 0x000000009cf00000, 0x000000009d000000|  0%| F|  |TS  5|AC  0|TAMS 0x000000009cf00000, 0x000000009cf00000|
| 430|0x000000009d000000, 0x000000009d000000, 0x000000009d100000|  0%| F|  |TS  5|AC  0|TAMS 0x000000009d000000, 0x000000009d000000|
| 431|0x000000009d100000, 0x000000009d100000, 0x000000009d200000|  0%| F|  |TS  5|AC  0|TAMS 0x000000009d100000, 0x000000009d100000|
| 432|0x000000009d200000, 0x000000009d200000, 0x000000009d300000|  0%| F|  |TS  5|AC  0|TAMS 0x000000009d200000, 0x000000009d200000|
| 433|0x000000009d300000, 0x000000009d300000, 0x000000009d400000|  0%| F|  |TS  5|AC  0|TAMS 0x000000009d300000, 0x000000009d300000|
| 434|0x000000009d400000, 0x000000009d400000, 0x000000009d500000|  0%| F|  |TS  5|AC  0|TAMS 0x000000009d400000, 0x000000009d400000|
| 435|0x000000009d500000, 0x000000009d500000, 0x000000009d600000|  0%| F|  |TS  5|AC  0|TAMS 0x000000009d500000, 0x000000009d500000|
| 436|0x000000009d600000, 0x000000009d600000, 0x000000009d700000|  0%| F|  |TS  5|AC  0|TAMS 0x000000009d600000, 0x000000009d600000|
| 437|0x000000009d700000, 0x000000009d700000, 0x000000009d800000|  0%| F|  |TS  5|AC  0|TAMS 0x000000009d700000, 0x000000009d700000|
| 438|0x000000009d800000, 0x000000009d800000, 0x000000009d900000|  0%| F|  |TS  5|AC  0|TAMS 0x000000009d800000, 0x000000009d800000|
| 439|0x000000009d900000, 0x000000009d900000, 0x000000009da00000|  0%| F|  |TS  5|AC  0|TAMS 0x000000009d900000, 0x000000009d900000|
| 440|0x000000009da00000, 0x000000009da00000, 0x000000009db00000|  0%| F|  |TS  5|AC  0|TAMS 0x000000009da00000, 0x000000009da00000|
| 441|0x000000009db00000, 0x000000009db00000, 0x000000009dc00000|  0%| F|  |TS  5|AC  0|TAMS 0x000000009db00000, 0x000000009db00000|
| 442|0x000000009dc00000, 0x000000009dc00000, 0x000000009dd00000|  0%| F|  |TS  5|AC  0|TAMS 0x000000009dc00000, 0x000000009dc00000|
| 443|0x000000009dd00000, 0x000000009dd00000, 0x000000009de00000|  0%| F|  |TS  5|AC  0|TAMS 0x000000009dd00000, 0x000000009dd00000|

Card table byte_map: [0x00000147e1bd0000,0x00000147e1fc0000] byte_map_base: 0x00000147e17bf000

Marking Bits (Prev, Next): (CMBitMap*) 0x00000147c71bb1c0, (CMBitMap*) 0x00000147c71bb1f8
 Prev Bits: [0x00000147e23b0000, 0x00000147e4328000)
 Next Bits: [0x00000147e4330000, 0x00000147e62a8000)

Polling page: 0x00000147c4fc0000

CodeHeap 'non-profiled nmethods': size=120000Kb used=2595Kb max_used=2595Kb free=117405Kb
 bounds [0x00000147d9f80000, 0x00000147da210000, 0x00000147e14b0000]
CodeHeap 'profiled nmethods': size=120000Kb used=7180Kb max_used=7180Kb free=112819Kb
 bounds [0x00000147d2a50000, 0x00000147d3160000, 0x00000147d9f80000]
CodeHeap 'non-nmethods': size=5760Kb used=1171Kb max_used=1225Kb free=4588Kb
 bounds [0x00000147d24b0000, 0x00000147d2720000, 0x00000147d2a50000]
 total_blobs=5038 nmethods=3399 adapters=425
 compilation: enabled

Compilation events (10 events):
Event: 30.234 Thread 0x00000147e8d2c000 nmethod 3435 0x00000147d3150a90 code [0x00000147d3150c60, 0x00000147d3150e30]
Event: 30.234 Thread 0x00000147e8d2c000 3433       3       org.apache.xmlbeans.impl.store.Saver::iterateMappings (49 bytes)
Event: 30.234 Thread 0x00000147e8d2c000 nmethod 3433 0x00000147d3150f90 code [0x00000147d31511a0, 0x00000147d31516b0]
Event: 30.235 Thread 0x00000147e8d2c000 3437       3       com.sun.org.apache.xerces.internal.utils.XMLSecurityManager::getIndex (58 bytes)
Event: 30.235 Thread 0x00000147e8d2c000 nmethod 3437 0x00000147d3151910 code [0x00000147d3151b20, 0x00000147d3152170]
Event: 30.235 Thread 0x00000147e8d2c000 3438       3       java.lang.AbstractStringBuilder::setLength (66 bytes)
Event: 30.235 Thread 0x00000147e8d2c000 nmethod 3438 0x00000147d3152390 code [0x00000147d31525a0, 0x00000147d3152ac0]
Event: 30.235 Thread 0x00000147e8d2c000 3439       3       com.sun.org.apache.xerces.internal.utils.XMLSecurityManager::getLimit (10 bytes)
Event: 30.236 Thread 0x00000147e8d2c000 nmethod 3439 0x00000147d3152c90 code [0x00000147d3152e40, 0x00000147d3152fd8]
Event: 30.325 Thread 0x00000147e8d2c000 3440       3       org.apache.xmlbeans.impl.store.Cur::moveNode (519 bytes)

GC Heap History (10 events):
Event: 27.694 GC heap after
{Heap after GC invocations=23 (full 0):
 garbage-first heap   total 208896K, used 124832K [0x0000000082200000, 0x0000000100000000)
  region size 1024K, 4 young (4096K), 4 survivors (4096K)
 Metaspace       used 28678K, capacity 29198K, committed 29696K, reserved 1075200K
  class space    used 3069K, capacity 3275K, committed 3328K, reserved 1048576K
}
Event: 27.792 GC heap before
{Heap before GC invocations=24 (full 0):
 garbage-first heap   total 208896K, used 104352K [0x0000000082200000, 0x0000000100000000)
  region size 1024K, 29 young (29696K), 4 survivors (4096K)
 Metaspace       used 28691K, capacity 29198K, committed 29696K, reserved 1075200K
  class space    used 3069K, capacity 3275K, committed 3328K, reserved 1048576K
}
Event: 27.889 GC heap after
{Heap after GC invocations=25 (full 0):
 garbage-first heap   total 454656K, used 94208K [0x0000000082200000, 0x0000000100000000)
  region size 1024K, 4 young (4096K), 4 survivors (4096K)
 Metaspace       used 28691K, capacity 29198K, committed 29696K, reserved 1075200K
  class space    used 3069K, capacity 3275K, committed 3328K, reserved 1048576K
}
Event: 28.076 GC heap before
{Heap before GC invocations=25 (full 0):
 garbage-first heap   total 454656K, used 112640K [0x0000000082200000, 0x0000000100000000)
  region size 1024K, 22 young (22528K), 4 survivors (4096K)
 Metaspace       used 28691K, capacity 29198K, committed 29696K, reserved 1075200K
  class space    used 3069K, capacity 3275K, committed 3328K, reserved 1048576K
}
Event: 28.095 GC heap after
{Heap after GC invocations=26 (full 0):
 garbage-first heap   total 454656K, used 87407K [0x0000000082200000, 0x0000000100000000)
  region size 1024K, 3 young (3072K), 3 survivors (3072K)
 Metaspace       used 28691K, capacity 29198K, committed 29696K, reserved 1075200K
  class space    used 3069K, capacity 3275K, committed 3328K, reserved 1048576K
}
Event: 28.873 GC heap before
{Heap before GC invocations=26 (full 0):
 garbage-first heap   total 454656K, used 199023K [0x0000000082200000, 0x0000000100000000)
  region size 1024K, 106 young (108544K), 3 survivors (3072K)
 Metaspace       used 28734K, capacity 29204K, committed 29696K, reserved 1075200K
  class space    used 3070K, capacity 3276K, committed 3328K, reserved 1048576K
}
Event: 28.933 GC heap after
{Heap after GC invocations=27 (full 0):
 garbage-first heap   total 454656K, used 120832K [0x0000000082200000, 0x0000000100000000)
  region size 1024K, 14 young (14336K), 14 survivors (14336K)
 Metaspace       used 28734K, capacity 29204K, committed 29696K, reserved 1075200K
  class space    used 3070K, capacity 3276K, committed 3328K, reserved 1048576K
}
Event: 29.626 GC heap before
{Heap before GC invocations=27 (full 0):
 garbage-first heap   total 454656K, used 257024K [0x0000000082200000, 0x0000000100000000)
  region size 1024K, 141 young (144384K), 14 survivors (14336K)
 Metaspace       used 28769K, capacity 29268K, committed 29696K, reserved 1075200K
  class space    used 3070K, capacity 3276K, committed 3328K, reserved 1048576K
}
Event: 29.679 GC heap after
{Heap after GC invocations=28 (full 0):
 garbage-first heap   total 454656K, used 151386K [0x0000000082200000, 0x0000000100000000)
  region size 1024K, 18 young (18432K), 18 survivors (18432K)
 Metaspace       used 28769K, capacity 29268K, committed 29696K, reserved 1075200K
  class space    used 3070K, capacity 3276K, committed 3328K, reserved 1048576K
}
Event: 30.327 GC heap before
{Heap before GC invocations=28 (full 0):
 garbage-first heap   total 454656K, used 290650K [0x0000000082200000, 0x0000000100000000)
  region size 1024K, 148 young (151552K), 18 survivors (18432K)
 Metaspace       used 28928K, capacity 29506K, committed 29696K, reserved 1075200K
  class space    used 3086K, capacity 3305K, committed 3328K, reserved 1048576K
}

Deoptimization events (10 events):
Event: 26.473 Thread 0x00000147c712c800 Uncommon trap: reason=class_check action=maybe_recompile pc=0x00000147da10c698 method=org.apache.xmlbeans.impl.store.Xobj.compute_flags()I @ 29 c2
Event: 26.473 Thread 0x00000147c712c800 Uncommon trap: reason=unstable_if action=reinterpret pc=0x00000147da10c86c method=org.apache.xmlbeans.impl.values.XmlObjectBase.get_attributeflags(Ljavax/xml/namespace/QName;)I @ 32 c2
Event: 26.474 Thread 0x00000147c712c800 Uncommon trap: reason=class_check action=maybe_recompile pc=0x00000147da1303d4 method=org.apache.xmlbeans.impl.values.XmlObjectBase.get_wscanon_text()Ljava/lang/String; @ 30 c2
Event: 26.474 Thread 0x00000147c712c800 Uncommon trap: reason=class_check action=maybe_recompile pc=0x00000147da1303d4 method=org.apache.xmlbeans.impl.values.XmlObjectBase.get_wscanon_text()Ljava/lang/String; @ 30 c2
Event: 26.658 Thread 0x00000147c712c800 Uncommon trap: reason=intrinsic_or_type_checked_inlining action=make_not_entrant pc=0x00000147da189758 method=java.util.ArrayList.toArray([Ljava/lang/Object;)[Ljava/lang/Object; @ 36 c2
Event: 26.839 Thread 0x00000147c712c800 Uncommon trap: reason=unstable_if action=reinterpret pc=0x00000147da1ad994 method=org.apache.xmlbeans.impl.values.XmlObjectBase.check_element_dated()V @ 8 c2
Event: 26.841 Thread 0x00000147c712c800 Uncommon trap: reason=unstable_if action=reinterpret pc=0x00000147da191298 method=java.lang.String.codePointAt(I)I @ 4 c2
Event: 26.845 Thread 0x00000147c712c800 Uncommon trap: reason=bimorphic_or_optimized_type_check action=maybe_recompile pc=0x00000147da1a93ec method=org.apache.xmlbeans.impl.store.Xobj.compute_flags()I @ 29 c2
Event: 26.853 Thread 0x00000147c712c800 Uncommon trap: reason=bimorphic_or_optimized_type_check action=maybe_recompile pc=0x00000147da1a93ec method=org.apache.xmlbeans.impl.store.Xobj.compute_flags()I @ 29 c2
Event: 26.881 Thread 0x00000147c712c800 Uncommon trap: reason=unstable_if action=reinterpret pc=0x00000147da0b6f90 method=java.lang.ThreadLocal$ThreadLocalMap.getEntry(Ljava/lang/ThreadLocal;)Ljava/lang/ThreadLocal$ThreadLocalMap$Entry; @ 29 c2

Classes redefined (0 events):
No events

Internal exceptions (10 events):
Event: 22.879 Thread 0x00000147c712c800 Exception <a 'java/security/PrivilegedActionException'{0x0000000089080590}> (0x0000000089080590) thrown at [t:/workspace/open/src/hotspot/share/prims/jvm.cpp, line 1345]
Event: 22.879 Thread 0x00000147c712c800 Exception <a 'java/security/PrivilegedActionException'{0x0000000089080ff8}> (0x0000000089080ff8) thrown at [t:/workspace/open/src/hotspot/share/prims/jvm.cpp, line 1345]
Event: 22.880 Thread 0x00000147c712c800 Exception <a 'java/security/PrivilegedActionException'{0x0000000089089ec8}> (0x0000000089089ec8) thrown at [t:/workspace/open/src/hotspot/share/prims/jvm.cpp, line 1345]
Event: 22.880 Thread 0x00000147c712c800 Exception <a 'java/security/PrivilegedActionException'{0x000000008908a6e8}> (0x000000008908a6e8) thrown at [t:/workspace/open/src/hotspot/share/prims/jvm.cpp, line 1345]
Event: 22.880 Thread 0x00000147c712c800 Exception <a 'java/security/PrivilegedActionException'{0x000000008908ee20}> (0x000000008908ee20) thrown at [t:/workspace/open/src/hotspot/share/prims/jvm.cpp, line 1345]
Event: 22.880 Thread 0x00000147c712c800 Exception <a 'java/security/PrivilegedActionException'{0x000000008908f640}> (0x000000008908f640) thrown at [t:/workspace/open/src/hotspot/share/prims/jvm.cpp, line 1345]
Event: 22.881 Thread 0x00000147c712c800 Exception <a 'java/security/PrivilegedActionException'{0x0000000089098710}> (0x0000000089098710) thrown at [t:/workspace/open/src/hotspot/share/prims/jvm.cpp, line 1345]
Event: 22.881 Thread 0x00000147c712c800 Exception <a 'java/security/PrivilegedActionException'{0x0000000089098f30}> (0x0000000089098f30) thrown at [t:/workspace/open/src/hotspot/share/prims/jvm.cpp, line 1345]
Event: 24.029 Thread 0x00000147c712c800 Exception <a 'java/lang/NoSuchMethodError'{0x0000000086d30c28}: java.lang.Object.lambda$union$1(Ljava/util/regex/Pattern$CharPredicate;I)Z> (0x0000000086d30c28) thrown at [t:/workspace/open/src/hotspot/share/interpreter/linkResolver.cpp, line 741]
Event: 24.625 Thread 0x00000147c712c800 Implicit null exception at 0x00000147da07a995 to 0x00000147da07d9ec

Events (10 events):
Event: 27.745 Executing VM operation: CGC_Operation done
Event: 27.792 Executing VM operation: G1IncCollectionPause
Event: 27.889 Executing VM operation: G1IncCollectionPause done
Event: 28.076 Executing VM operation: G1IncCollectionPause
Event: 28.095 Executing VM operation: G1IncCollectionPause done
Event: 28.873 Executing VM operation: G1IncCollectionPause
Event: 28.933 Executing VM operation: G1IncCollectionPause done
Event: 29.623 Executing VM operation: G1IncCollectionPause
Event: 29.679 Executing VM operation: G1IncCollectionPause done
Event: 30.327 Executing VM operation: G1IncCollectionPause


Dynamic libraries:
0x00007ff6ce490000 - 0x00007ff6ce4ce000 	C:\Program Files\Java\jdk-10.0.1\bin\javaw.exe
0x00007fff8fea0000 - 0x00007fff90090000 	C:\WINDOWS\SYSTEM32\ntdll.dll
0x00007fff8e7e0000 - 0x00007fff8e892000 	C:\WINDOWS\System32\KERNEL32.DLL
0x00007fff8dca0000 - 0x00007fff8df43000 	C:\WINDOWS\System32\KERNELBASE.dll
0x00007fff8df50000 - 0x00007fff8dff3000 	C:\WINDOWS\System32\ADVAPI32.dll
0x00007fff8e000000 - 0x00007fff8e09e000 	C:\WINDOWS\System32\msvcrt.dll
0x00007fff8e180000 - 0x00007fff8e217000 	C:\WINDOWS\System32\sechost.dll
0x00007fff8fb60000 - 0x00007fff8fc80000 	C:\WINDOWS\System32\RPCRT4.dll
0x00007fff8e950000 - 0x00007fff8eae4000 	C:\WINDOWS\System32\USER32.dll
0x00007fff8cfd0000 - 0x00007fff8cff1000 	C:\WINDOWS\System32\win32u.dll
0x00007fff8ef90000 - 0x00007fff8efb6000 	C:\WINDOWS\System32\GDI32.dll
0x00007fff8da50000 - 0x00007fff8dbe4000 	C:\WINDOWS\System32\gdi32full.dll
0x00007fff8d150000 - 0x00007fff8d1ee000 	C:\WINDOWS\System32\msvcp_win.dll
0x00007fff8ce30000 - 0x00007fff8cf2a000 	C:\WINDOWS\System32\ucrtbase.dll
0x00007fff7b030000 - 0x00007fff7b2b5000 	C:\WINDOWS\WinSxS\amd64_microsoft.windows.common-controls_6595b64144ccf1df_6.0.18362.719_none_e6c7b883130c6729\COMCTL32.dll
0x00007fff8ec50000 - 0x00007fff8ef86000 	C:\WINDOWS\System32\combase.dll
0x00007fff8d1f0000 - 0x00007fff8d270000 	C:\WINDOWS\System32\bcryptPrimitives.dll
0x00007fff85140000 - 0x00007fff8514a000 	C:\WINDOWS\SYSTEM32\VERSION.dll
0x00007fff8f870000 - 0x00007fff8f89e000 	C:\WINDOWS\System32\IMM32.DLL
0x00007fff682c0000 - 0x00007fff683af000 	C:\Program Files\Java\jdk-10.0.1\bin\msvcr120.dll
0x00007fff68100000 - 0x00007fff681a6000 	C:\Program Files\Java\jdk-10.0.1\bin\msvcp120.dll
0x00000000699c0000 - 0x000000006a430000 	C:\Program Files\Java\jdk-10.0.1\bin\server\jvm.dll
0x00007fff8fad0000 - 0x00007fff8fad8000 	C:\WINDOWS\System32\PSAPI.DLL
0x00007fff78fa0000 - 0x00007fff78fa9000 	C:\WINDOWS\SYSTEM32\WSOCK32.dll
0x00007fff8fc80000 - 0x00007fff8fcef000 	C:\WINDOWS\System32\WS2_32.dll
0x00007fff89680000 - 0x00007fff896a4000 	C:\WINDOWS\SYSTEM32\WINMM.dll
0x00007fff89600000 - 0x00007fff8962d000 	C:\WINDOWS\SYSTEM32\WINMMBASE.dll
0x00007fff8cf30000 - 0x00007fff8cf7a000 	C:\WINDOWS\System32\cfgmgr32.dll
0x00007fff88f40000 - 0x00007fff88f4f000 	C:\Program Files\Java\jdk-10.0.1\bin\verify.dll
0x00007fff8b620000 - 0x00007fff8b814000 	C:\WINDOWS\SYSTEM32\DBGHELP.DLL
0x00007fff6df70000 - 0x00007fff6df9a000 	C:\WINDOWS\SYSTEM32\dbgcore.DLL
0x00007fff685f0000 - 0x00007fff68617000 	C:\Program Files\Java\jdk-10.0.1\bin\java.dll
0x00007fff689d0000 - 0x00007fff689e6000 	C:\Program Files\Java\jdk-10.0.1\bin\zip.dll
0x00007fff88f30000 - 0x00007fff88f3a000 	C:\Program Files\Java\jdk-10.0.1\bin\jimage.dll
0x00007fff8f030000 - 0x00007fff8f715000 	C:\WINDOWS\System32\SHELL32.dll
0x00007fff8e8a0000 - 0x00007fff8e949000 	C:\WINDOWS\System32\shcore.dll
0x00007fff8d270000 - 0x00007fff8d9f0000 	C:\WINDOWS\System32\windows.storage.dll
0x00007fff8cd70000 - 0x00007fff8cd93000 	C:\WINDOWS\System32\profapi.dll
0x00007fff8cdc0000 - 0x00007fff8ce0a000 	C:\WINDOWS\System32\powrprof.dll
0x00007fff8cd60000 - 0x00007fff8cd70000 	C:\WINDOWS\System32\UMPDC.dll
0x00007fff8fda0000 - 0x00007fff8fdf2000 	C:\WINDOWS\System32\shlwapi.dll
0x00007fff8cda0000 - 0x00007fff8cdb1000 	C:\WINDOWS\System32\kernel.appcore.dll
0x00007fff8cfb0000 - 0x00007fff8cfc7000 	C:\WINDOWS\System32\cryptsp.dll
0x00007fff68240000 - 0x00007fff6825a000 	C:\Program Files\Java\jdk-10.0.1\bin\net.dll
0x00007fff7aa50000 - 0x00007fff7ab41000 	C:\WINDOWS\SYSTEM32\WINHTTP.dll
0x00007fff8c570000 - 0x00007fff8c5d7000 	C:\WINDOWS\system32\mswsock.dll
0x00007fff68220000 - 0x00007fff68231000 	C:\Program Files\Java\jdk-10.0.1\bin\nio.dll
0x00007fff8c2c0000 - 0x00007fff8c38a000 	C:\WINDOWS\SYSTEM32\DNSAPI.dll
0x00007fff8f720000 - 0x00007fff8f728000 	C:\WINDOWS\System32\NSI.dll
0x00007fff8c280000 - 0x00007fff8c2ba000 	C:\WINDOWS\SYSTEM32\IPHLPAPI.DLL
0x00007fff84eb0000 - 0x00007fff84eba000 	C:\Windows\System32\rasadhlp.dll
0x00007fff82950000 - 0x00007fff829c7000 	C:\WINDOWS\System32\fwpuclnt.dll
0x00007fff8cf80000 - 0x00007fff8cfa6000 	C:\WINDOWS\System32\bcrypt.dll
0x00007fff8c0e0000 - 0x00007fff8c113000 	C:\WINDOWS\system32\rsaenh.dll
0x00007fff8cc80000 - 0x00007fff8cca5000 	C:\WINDOWS\SYSTEM32\USERENV.dll
0x00007fff8c740000 - 0x00007fff8c74c000 	C:\WINDOWS\SYSTEM32\CRYPTBASE.dll
0x00007fff83e60000 - 0x00007fff83e76000 	C:\WINDOWS\SYSTEM32\dhcpcsvc6.DLL
0x00007fff84390000 - 0x00007fff843ac000 	C:\WINDOWS\SYSTEM32\dhcpcsvc.DLL
0x00007fff680d0000 - 0x00007fff680f3000 	C:\Program Files\Java\jdk-10.0.1\bin\sunec.dll
0x00007fff86a80000 - 0x00007fff86a8b000 	C:\Program Files\Java\jdk-10.0.1\bin\sunmscapi.dll
0x00007fff8d000000 - 0x00007fff8d149000 	C:\WINDOWS\System32\CRYPT32.dll
0x00007fff8ce10000 - 0x00007fff8ce22000 	C:\WINDOWS\System32\MSASN1.dll

dbghelp: loaded successfully - version: 4.0.5 - missing functions: none
symbol engine: initialized successfully - sym options: 0x614 - pdb path: .;C:\Program Files\Java\jdk-10.0.1\bin;C:\WINDOWS\SYSTEM32;C:\WINDOWS\WinSxS\amd64_microsoft.windows.common-controls_6595b64144ccf1df_6.0.18362.719_none_e6c7b883130c6729;C:\Program Files\Java\jdk-10.0.1\bin\server

VM Arguments:
jvm_args: -ea -Dfile.encoding=Cp1252 
java_command: org.testng.remote.RemoteTestNG -serport 54796 -protocol json -d D:\Selenium-Project\Sample-Test\test-output C:\Users\sanky\AppData\Local\Temp\testng-eclipse--143496884\testng-customsuite.xml
java_class_path (initial): C:\Users\sanky\eclipse\jee-photon\eclipse\configuration\org.eclipse.osgi\999\0\.cp\lib\testng-remote.jar;D:\Selenium-Project\Sample-Test\target\test-classes;D:\Selenium-Project\Sample-Test\target\classes;C:\Users\sanky\.m2\repository\junit\junit\4.12\junit-4.12.jar;C:\Users\sanky\.m2\repository\org\hamcrest\hamcrest-core\1.3\hamcrest-core-1.3.jar;C:\Users\sanky\.m2\repository\org\seleniumhq\selenium\selenium-java\4.0.0-alpha-1\selenium-java-4.0.0-alpha-1.jar;C:\Users\sanky\.m2\repository\org\seleniumhq\selenium\selenium-edge-driver\4.0.0-alpha-1\selenium-edge-driver-4.0.0-alpha-1.jar;C:\Users\sanky\.m2\repository\org\seleniumhq\selenium\selenium-firefox-xpi-driver\4.0.0-alpha-1\selenium-firefox-xpi-driver-4.0.0-alpha-1.jar;C:\Users\sanky\.m2\repository\org\seleniumhq\selenium\selenium-firefox-driver\4.0.0-alpha-1\selenium-firefox-driver-4.0.0-alpha-1.jar;C:\Users\sanky\.m2\repository\org\seleniumhq\selenium\selenium-ie-driver\4.0.0-alpha-1\selenium-ie-driver-4.0.0-alpha-1.jar;C:\Users\sanky\.m2\repository\org\seleniumhq\selenium\selenium-opera-driver\4.0.0-alpha-1\selenium-opera-driver-4.0.0-alpha-1.jar;C:\Users\sanky\.m2\repository\org\seleniumhq\selenium\selenium-safari-driver\4.0.0-alpha-1\selenium-safari-driver-4.0.0-alpha-1.jar;C:\Users\sanky\.m2\repository\org\seleniumhq\selenium\selenium-support\4.0.0-alpha-1\selenium-support-4.0.0-alpha-1.jar;C:\Users\sanky\.m2\repository\org\testng\testng\6.14.3\testng-6.14.3.jar;C:\Users\sanky\.m2\repository\com\beust\jcommander\1.72\jcommander-1.72.jar;C:\Users\sanky\.m2\repository\org\apache-extras\beanshell\bsh\2.0b6\bsh-2.0b6.jar;C:\Users\sanky\.m2\repository\org\apache\poi\poi\3.17\poi-3.17.jar;C:\Users\sanky\.m2\repository\commons-codec\commons-codec\1.10\commons-codec-1.10.jar;C:\Users\sanky\.m2\repository\org\apache\commons\commons-collections4\4.1\commons-collections4-4.1.jar;C:\Users\sanky\.m2\repository\org\apache\poi\poi-ooxml\3.17\poi-ooxml-3.17.jar;C:\Users\sanky\.m2\repository\or
Launcher Type: SUN_STANDARD

Logging:
Log output configuration:
#0: stdout all=warning uptime,level,tags
#1: stderr all=off uptime,level,tags

Environment Variables:
JAVA_HOME=C:\Program Files\Java\jdk-10.0.1
PATH=C:/Program Files/Java/jre1.8.0_191/bin/server;C:/Program Files/Java/jre1.8.0_191/bin;C:/Program Files/Java/jre1.8.0_191/lib/amd64;C:\Program Files (x86)\Common Files\Oracle\Java\javapath;C:\Program Files (x86)\Intel\iCLS Client\;C:\Program Files\Intel\iCLS Client\;C:\Windows\system32;C:\Windows;C:\Windows\System32\Wbem;C:\Windows\System32\WindowsPowerShell\v1.0\;C:\Program Files (x86)\Intel\Intel(R) Management Engine Components\DAL;C:\Program Files\Intel\Intel(R) Management Engine Components\DAL;C:\Program Files (x86)\Intel\Intel(R) Management Engine Components\IPT;C:\Program Files\Intel\Intel(R) Management Engine Components\IPT;C:\Program Files (x86)\NVIDIA Corporation\PhysX\Common;C:\WINDOWS\system32;C:\WINDOWS;C:\WINDOWS\System32\Wbem;C:\WINDOWS\System32\WindowsPowerShell\v1.0\;C:\WINDOWS\System32\OpenSSH\;C:\Program Files\nodejs\;C:\Program Files\Java\jdk-10.0.1\bin;C:\Users\sanky\AppData\Local\Android\Sdk\tools;C:\Users\sanky\AppData\Local\Android\Sdk\platform-tools;C:\Users\sanky\AppData\Local\Android\Sdk\bin;C:\Program Files\apache-maven\apache-maven-3.5.4\bin;C:\apache-maven-3.6.0\bin;C:\Program Files\Intel\WiFi\bin\;C:\Program Files\Common Files\Intel\WirelessCommon\;C:\Users\sanky\AppData\Local\Microsoft\WindowsApps;C:\Users\sanky\AppData\Roaming\npm;C:\Users\sanky\AppData\Local\Android\Sdk\tools;C:\Users\sanky\AppData\Local\Android\Sdk\platform-tools;C:\Users\sanky\AppData\Local\Android\Sdk\bin;C:\Program Files\Java\jdk-10.0.1\bin;C:\Program Files\nodejs\node_modules\npm\bin;C:\Users\sanky\AppData\Local\GitHubDesktop\bin;C:\Users\sanky\Desktop;
USERNAME=sanky
OS=Windows_NT
PROCESSOR_IDENTIFIER=Intel64 Family 6 Model 158 Stepping 9, GenuineIntel



---------------  S Y S T E M  ---------------

OS: Windows 10 , 64 bit Build 18362 (10.0.18362.329)

CPU:total 8 (initial active 8) (4 cores per cpu, 2 threads per core) family 6 model 158 stepping 9, cmov, cx8, fxsr, mmx, sse, sse2, sse3, ssse3, sse4.1, sse4.2, popcnt, avx, avx2, aes, clmul, erms, 3dnowpref, lzcnt, ht, tsc, tscinvbit, bmi1, bmi2, adx, fma

Memory: 4k page, physical 8247248k(133664k free), swap 21973452k(19936k free)

vm_info: Java HotSpot(TM) 64-Bit Server VM (10.0.1+10) for windows-amd64 JRE (10.0.1+10), built on Mar 27 2018 02:27:48 by "mach5one" with MS VC++ 12.0 (VS2013)

END.
