#
# There is insufficient memory for the Java Runtime Environment to continue.
# Native memory allocation (mmap) failed to map 181403648 bytes for Failed to commit area from 0x000000008c800000 to 0x0000000097500000 of length 181403648.
# Possible reasons:
#   The system is out of physical RAM or swap space
#   The process is running with CompressedOops enabled, and the Java Heap may be blocking the growth of the native heap
# Possible solutions:
#   Reduce memory load on the system
#   Increase physical memory or swap space
#   Check if swap backing store is full
#   Decrease Java heap size (-Xmx/-Xms)
#   Decrease number of Java threads
#   Decrease Java thread stack sizes (-Xss)
#   Set larger code cache with -XX:ReservedCodeCacheSize=
#   JVM is running with Unscaled Compressed Oops mode in which the Java heap is
#     placed in the first 4GB address space. The Java Heap base address is the
#     maximum limit for the native heap growth. Please use -XX:HeapBaseMinAddress
#     to set the Java Heap base and to place the Java Heap above 4GB virtual address.
# This output file may be truncated or incomplete.
#
#  Out of Memory Error (t:/workspace/open/src/hotspot/os/windows/os_windows.cpp:3221), pid=20308, tid=8660
#
# JRE version: Java(TM) SE Runtime Environment (10.0.1+10) (build 10.0.1+10)
# Java VM: Java HotSpot(TM) 64-Bit Server VM (10.0.1+10, mixed mode, tiered, compressed oops, g1 gc, windows-amd64)
# No core dump will be written. Minidumps are not enabled by default on client versions of Windows
#

---------------  S U M M A R Y ------------

Command Line: -ea -Dfile.encoding=Cp1252 org.testng.remote.RemoteTestNG -serport 63162 -protocol json -d D:\Selenium-Project\Sample-Test\test-output C:\Users\sanky\AppData\Local\Temp\testng-eclipse--1624166658\testng-customsuite.xml

Host: Intel(R) Core(TM) i7-7700HQ CPU @ 2.80GHz, 8 cores, 7G,  Windows 10 , 64 bit Build 18362 (10.0.18362.329)
Time: Sat Mar 14 15:22:54 2020 India Standard Time elapsed time: 82 seconds (0d 0h 1m 22s)

---------------  T H R E A D  ---------------

Current thread (0x00000231da217800):  VMThread "VM Thread" [stack: 0x00000088b0800000,0x00000088b0900000] [id=8660]

Stack: [0x00000088b0800000,0x00000088b0900000]
[error occurred during error reporting (printing stack bounds), id 0xe0000002]

Native frames: (J=compiled Java code, j=interpreted, Vv=VM code, C=native code)
V  [jvm.dll+0x5a0369]
V  [jvm.dll+0x6bcf81]
V  [jvm.dll+0x6be176]
V  [jvm.dll+0x6be765]
V  [jvm.dll+0x6be71b]
V  [jvm.dll+0x59fb63]
V  [jvm.dll+0x59ff68]
C  [ntdll.dll+0xa121f]
C  [ntdll.dll+0x6a289]
C  [ntdll.dll+0x9fe8e]
C  0x00000231c3200ead

VM_Operation (0x00000088af3fced0): G1IncCollectionPause, mode: safepoint, requested by thread 0x00000231b66ac000


---------------  P R O C E S S  ---------------

Threads class SMR info:
_java_thread_list=0x00000231dbbbc800, length=18, elements={
0x00000231b66ac000, 0x00000231da21d000, 0x00000231da22a800, 0x00000231da234800,
0x00000231dab95800, 0x00000231dab9a000, 0x00000231da23d000, 0x00000231dabaf800,
0x00000231dabae000, 0x00000231dac06800, 0x00000231dada8000, 0x00000231dada1000,
0x00000231dada4000, 0x00000231dada1800, 0x00000231dada2800, 0x00000231dada3000,
0x00000231dada6800, 0x00000231dada7000
}

Java Threads: ( => current thread )
  0x00000231b66ac000 JavaThread "main" [_thread_blocked, id=10824, stack(0x00000088af300000,0x00000088af400000)]
  0x00000231da21d000 JavaThread "Reference Handler" daemon [_thread_blocked, id=4660, stack(0x00000088b0900000,0x00000088b0a00000)]
  0x00000231da22a800 JavaThread "Finalizer" daemon [_thread_blocked, id=9728, stack(0x00000088b0a00000,0x00000088b0b00000)]
  0x00000231da234800 JavaThread "Signal Dispatcher" daemon [_thread_blocked, id=20288, stack(0x00000088b0b00000,0x00000088b0c00000)]
  0x00000231dab95800 JavaThread "Attach Listener" daemon [_thread_blocked, id=11904, stack(0x00000088b0c00000,0x00000088b0d00000)]
  0x00000231dab9a000 JavaThread "C2 CompilerThread0" daemon [_thread_blocked, id=1904, stack(0x00000088b0d00000,0x00000088b0e00000)]
  0x00000231da23d000 JavaThread "C2 CompilerThread1" daemon [_thread_blocked, id=5608, stack(0x00000088b0e00000,0x00000088b0f00000)]
  0x00000231dabaf800 JavaThread "C2 CompilerThread2" daemon [_thread_blocked, id=9068, stack(0x00000088b0f00000,0x00000088b1000000)]
  0x00000231dabae000 JavaThread "C1 CompilerThread3" daemon [_thread_blocked, id=16432, stack(0x00000088b1000000,0x00000088b1100000)]
  0x00000231dac06800 JavaThread "Sweeper thread" daemon [_thread_blocked, id=20016, stack(0x00000088b1100000,0x00000088b1200000)]
  0x00000231dada8000 JavaThread "Service Thread" daemon [_thread_blocked, id=9036, stack(0x00000088b1200000,0x00000088b1300000)]
  0x00000231dada1000 JavaThread "Common-Cleaner" daemon [_thread_blocked, id=14440, stack(0x00000088b1300000,0x00000088b1400000)]
  0x00000231dada4000 JavaThread "ReaderThread" [_thread_in_native, id=6196, stack(0x00000088b1600000,0x00000088b1700000)]
  0x00000231dada1800 JavaThread "Exec Default Executor" daemon [_thread_in_native, id=16128, stack(0x00000088b1700000,0x00000088b1800000)]
  0x00000231dada2800 JavaThread "Exec Stream Pumper" daemon [_thread_in_native, id=11272, stack(0x00000088b1900000,0x00000088b1a00000)]
  0x00000231dada3000 JavaThread "Exec Stream Pumper" daemon [_thread_in_native, id=2196, stack(0x00000088b1a00000,0x00000088b1b00000)]
  0x00000231dada6800 JavaThread "OkHttp ConnectionPool" daemon [_thread_blocked, id=4496, stack(0x00000088b1c00000,0x00000088b1d00000)]
  0x00000231dada7000 JavaThread "Okio Watchdog" daemon [_thread_blocked, id=20144, stack(0x00000088b1d00000,0x00000088b1e00000)]

Other Threads:
=>0x00000231da217800 VMThread "VM Thread" [stack: 0x00000088b0800000,0x00000088b0900000] [id=8660]
  0x00000231dadb2800 WatcherThread [stack: 0x00000088b1400000,0x00000088b1500000] [id=3060]
  0x00000231b66c6800 GCTaskThread "GC Thread#0" [stack: 0x00000088af400000,0x00000088af500000] [id=19676]
  0x00000231b66c8000 GCTaskThread "GC Thread#1" [stack: 0x00000088af500000,0x00000088af600000] [id=3752]
  0x00000231b66c9800 GCTaskThread "GC Thread#2" [stack: 0x00000088af600000,0x00000088af700000] [id=18640]
  0x00000231b66cc000 GCTaskThread "GC Thread#3" [stack: 0x00000088af700000,0x00000088af800000] [id=11400]
  0x00000231b66cd000 GCTaskThread "GC Thread#4" [stack: 0x00000088af800000,0x00000088af900000] [id=15008]
  0x00000231b66d0800 GCTaskThread "GC Thread#5" [stack: 0x00000088af900000,0x00000088afa00000] [id=17496]
  0x00000231b66d2800 GCTaskThread "GC Thread#6" [stack: 0x00000088afa00000,0x00000088afb00000] [id=19664]
  0x00000231b66d5800 GCTaskThread "GC Thread#7" [stack: 0x00000088afb00000,0x00000088afc00000] [id=4156]
  0x00000231b6746800 ConcurrentGCThread "G1 Main Marker" [stack: 0x00000088afc00000,0x00000088afd00000] [id=21312]
  0x00000231b66d4000 ConcurrentGCThread "G1 Conc#0" [stack: 0x00000088afd00000,0x00000088afe00000] [id=2560]
  0x00000231b66d4800 ConcurrentGCThread "G1 Conc#1" [stack: 0x00000088afe00000,0x00000088aff00000] [id=21412]
  0x00000231da092000 ConcurrentGCThread "G1 Refine#0" [stack: 0x00000088aff00000,0x00000088b0000000] [id=1016]
  0x00000231da092800 ConcurrentGCThread "G1 Refine#1" [stack: 0x00000088b0000000,0x00000088b0100000] [id=3640]
  0x00000231da093800 ConcurrentGCThread "G1 Refine#2" [stack: 0x00000088b0100000,0x00000088b0200000] [id=4512]
  0x00000231da095800 ConcurrentGCThread "G1 Refine#3" [stack: 0x00000088b0200000,0x00000088b0300000] [id=20552]
  0x00000231da09b800 ConcurrentGCThread "G1 Refine#4" [stack: 0x00000088b0300000,0x00000088b0400000] [id=2668]
  0x00000231da09e000 ConcurrentGCThread "G1 Refine#5" [stack: 0x00000088b0400000,0x00000088b0500000] [id=18656]
  0x00000231da0a1000 ConcurrentGCThread "G1 Refine#6" [stack: 0x00000088b0500000,0x00000088b0600000] [id=20756]
  0x00000231da0ae800 ConcurrentGCThread "G1 Refine#7" [stack: 0x00000088b0600000,0x00000088b0700000] [id=13928]
  0x00000231da0af800 ConcurrentGCThread "G1 Young RemSet Sampling" [stack: 0x00000088b0700000,0x00000088b0800000] [id=20880]

Threads with active compile tasks:

VM state:at safepoint (normal execution)

VM Mutex/Monitor currently owned by a thread:  ([mutex/lock_event])
[0x00000231b66a83c0] Threads_lock - owner thread: 0x00000231da217800
[0x00000231b66a8720] Heap_lock - owner thread: 0x00000231b66ac000

Heap address: 0x0000000082200000, size: 2014 MB, Compressed Oops mode: 32-bit
Narrow klass base: 0x0000000000000000, Narrow klass shift: 3
Compressed class space size: 1073741824 Address: 0x0000000100000000

Heap:
 garbage-first heap   total 347136K, used 92160K [0x0000000082200000, 0x0000000100000000)
  region size 1024K, 4 young (4096K), 4 survivors (4096K)
 Metaspace       used 29378K, capacity 29906K, committed 30336K, reserved 1077248K
  class space    used 3146K, capacity 3378K, committed 3456K, reserved 1048576K
Heap Regions: E=young(eden), S=young(survivor), O=old, HS=humongous(starts), HC=humongous(continues), CS=collection set, F=free, A=archive, TS=gc time stamp, AC=allocation context, TAMS=top-at-mark-start (previous, next)
|   0|0x0000000082200000, 0x0000000082300000, 0x0000000082300000|100%|HS|  |TS  0|AC  0|TAMS 0x0000000082300000, 0x0000000082300000|
|   1|0x0000000082300000, 0x0000000082400000, 0x0000000082400000|100%| O|  |TS  0|AC  0|TAMS 0x0000000082400000, 0x0000000082400000|
|   2|0x0000000082400000, 0x0000000082500000, 0x0000000082500000|100%| O|  |TS  0|AC  0|TAMS 0x0000000082500000, 0x0000000082500000|
|   3|0x0000000082500000, 0x0000000082600000, 0x0000000082600000|100%| O|  |TS  0|AC  0|TAMS 0x0000000082600000, 0x0000000082600000|
|   4|0x0000000082600000, 0x0000000082700000, 0x0000000082700000|100%| O|  |TS  0|AC  0|TAMS 0x0000000082700000, 0x0000000082700000|
|   5|0x0000000082700000, 0x0000000082800000, 0x0000000082800000|100%| O|  |TS  3|AC  0|TAMS 0x0000000082700000, 0x0000000082700000|
|   6|0x0000000082800000, 0x0000000082900000, 0x0000000082900000|100%| O|  |TS  0|AC  0|TAMS 0x0000000082900000, 0x0000000082900000|
|   7|0x0000000082900000, 0x0000000082a00000, 0x0000000082a00000|100%| O|  |TS  0|AC  0|TAMS 0x0000000082a00000, 0x0000000082a00000|
|   8|0x0000000082a00000, 0x0000000082b00000, 0x0000000082b00000|100%| O|  |TS  0|AC  0|TAMS 0x0000000082b00000, 0x0000000082b00000|
|   9|0x0000000082b00000, 0x0000000082c00000, 0x0000000082c00000|100%|HS|  |TS  0|AC  0|TAMS 0x0000000082c00000, 0x0000000082c00000|
|  10|0x0000000082c00000, 0x0000000082d00000, 0x0000000082d00000|100%| O|  |TS  3|AC  0|TAMS 0x0000000082c00000, 0x0000000082c00000|
|  11|0x0000000082d00000, 0x0000000082e00000, 0x0000000082e00000|100%| O|  |TS  3|AC  0|TAMS 0x0000000082d00000, 0x0000000082d00000|
|  12|0x0000000082e00000, 0x0000000082f00000, 0x0000000082f00000|100%| O|  |TS  3|AC  0|TAMS 0x0000000082e00000, 0x0000000082e00000|
|  13|0x0000000082f00000, 0x0000000083000000, 0x0000000083000000|100%| O|  |TS  0|AC  0|TAMS 0x0000000083000000, 0x0000000083000000|
|  14|0x0000000083000000, 0x0000000083100000, 0x0000000083100000|100%| O|  |TS  0|AC  0|TAMS 0x0000000083100000, 0x0000000083100000|
|  15|0x0000000083100000, 0x0000000083200000, 0x0000000083200000|100%| O|  |TS  0|AC  0|TAMS 0x0000000083200000, 0x0000000083200000|
|  16|0x0000000083200000, 0x0000000083200000, 0x0000000083300000|  0%| F|  |TS  4|AC  0|TAMS 0x0000000083200000, 0x0000000083200000|
|  17|0x0000000083300000, 0x0000000083400000, 0x0000000083400000|100%|HS|  |TS  3|AC  0|TAMS 0x0000000083300000, 0x0000000083300000|
|  18|0x0000000083400000, 0x0000000083500000, 0x0000000083500000|100%| O|  |TS  3|AC  0|TAMS 0x0000000083400000, 0x0000000083400000|
|  19|0x0000000083500000, 0x0000000083600000, 0x0000000083600000|100%| O|  |TS  3|AC  0|TAMS 0x0000000083500000, 0x0000000083500000|
|  20|0x0000000083600000, 0x0000000083700000, 0x0000000083700000|100%| O|  |TS  0|AC  0|TAMS 0x0000000083700000, 0x0000000083700000|
|  21|0x0000000083700000, 0x0000000083800000, 0x0000000083800000|100%| O|  |TS  3|AC  0|TAMS 0x0000000083700000, 0x0000000083700000|
|  22|0x0000000083800000, 0x0000000083900000, 0x0000000083900000|100%| O|  |TS  4|AC  0|TAMS 0x0000000083800000, 0x0000000083800000|
|  23|0x0000000083900000, 0x0000000083a00000, 0x0000000083a00000|100%| O|  |TS  0|AC  0|TAMS 0x0000000083a00000, 0x0000000083a00000|
|  24|0x0000000083a00000, 0x0000000083b00000, 0x0000000083b00000|100%| O|  |TS  4|AC  0|TAMS 0x0000000083a00000, 0x0000000083a00000|
|  25|0x0000000083b00000, 0x0000000083c00000, 0x0000000083c00000|100%| O|  |TS  4|AC  0|TAMS 0x0000000083b00000, 0x0000000083b00000|
|  26|0x0000000083c00000, 0x0000000083d00000, 0x0000000083d00000|100%| O|  |TS  1|AC  0|TAMS 0x0000000083c00000, 0x0000000083c00000|
|  27|0x0000000083d00000, 0x0000000083e00000, 0x0000000083e00000|100%| O|  |TS  4|AC  0|TAMS 0x0000000083d00000, 0x0000000083d00000|
|  28|0x0000000083e00000, 0x0000000083f00000, 0x0000000083f00000|100%| O|  |TS  3|AC  0|TAMS 0x0000000083e00000, 0x0000000083e00000|
|  29|0x0000000083f00000, 0x0000000084000000, 0x0000000084000000|100%| O|  |TS  3|AC  0|TAMS 0x0000000083f00000, 0x0000000083f00000|
|  30|0x0000000084000000, 0x0000000084100000, 0x0000000084100000|100%| O|  |TS  3|AC  0|TAMS 0x0000000084000000, 0x0000000084000000|
|  31|0x0000000084100000, 0x0000000084200000, 0x0000000084200000|100%|HS|  |TS  0|AC  0|TAMS 0x0000000084200000, 0x0000000084200000|
|  32|0x0000000084200000, 0x0000000084300000, 0x0000000084300000|100%| O|  |TS  3|AC  0|TAMS 0x0000000084200000, 0x0000000084200000|
|  33|0x0000000084300000, 0x0000000084400000, 0x0000000084400000|100%| O|  |TS  4|AC  0|TAMS 0x0000000084300000, 0x0000000084300000|
|  34|0x0000000084400000, 0x0000000084500000, 0x0000000084500000|100%| O|  |TS  4|AC  0|TAMS 0x0000000084400000, 0x0000000084400000|
|  35|0x0000000084500000, 0x0000000084600000, 0x0000000084600000|100%| O|  |TS  4|AC  0|TAMS 0x0000000084500000, 0x0000000084500000|
|  36|0x0000000084600000, 0x0000000084600000, 0x0000000084700000|  0%| F|  |TS  3|AC  0|TAMS 0x0000000084600000, 0x0000000084600000|
|  37|0x0000000084700000, 0x0000000084800000, 0x0000000084800000|100%| O|  |TS  0|AC  0|TAMS 0x0000000084800000, 0x0000000084800000|
|  38|0x0000000084800000, 0x0000000084900000, 0x0000000084900000|100%| O|  |TS  3|AC  0|TAMS 0x0000000084800000, 0x0000000084800000|
|  39|0x0000000084900000, 0x0000000084a00000, 0x0000000084a00000|100%| O|  |TS  1|AC  0|TAMS 0x0000000084900000, 0x0000000084900000|
|  40|0x0000000084a00000, 0x0000000084b00000, 0x0000000084b00000|100%| O|  |TS  0|AC  0|TAMS 0x0000000084b00000, 0x0000000084b00000|
|  41|0x0000000084b00000, 0x0000000084c00000, 0x0000000084c00000|100%| O|  |TS  0|AC  0|TAMS 0x0000000084c00000, 0x0000000084c00000|
|  42|0x0000000084c00000, 0x0000000084d00000, 0x0000000084d00000|100%| O|  |TS  0|AC  0|TAMS 0x0000000084d00000, 0x0000000084d00000|
|  43|0x0000000084d00000, 0x0000000084e00000, 0x0000000084e00000|100%| O|  |TS  4|AC  0|TAMS 0x0000000084d00000, 0x0000000084d00000|
|  44|0x0000000084e00000, 0x0000000084f00000, 0x0000000084f00000|100%| O|  |TS  0|AC  0|TAMS 0x0000000084f00000, 0x0000000084f00000|
|  45|0x0000000084f00000, 0x0000000085000000, 0x0000000085000000|100%| O|  |TS  0|AC  0|TAMS 0x0000000085000000, 0x0000000085000000|
|  46|0x0000000085000000, 0x0000000085000000, 0x0000000085100000|  0%| F|  |TS  2|AC  0|TAMS 0x0000000085000000, 0x0000000085000000|
|  47|0x0000000085100000, 0x0000000085100000, 0x0000000085200000|  0%| F|  |TS  2|AC  0|TAMS 0x0000000085100000, 0x0000000085100000|
|  48|0x0000000085200000, 0x0000000085200000, 0x0000000085300000|  0%| F|  |TS  2|AC  0|TAMS 0x0000000085200000, 0x0000000085200000|
|  49|0x0000000085300000, 0x0000000085300000, 0x0000000085400000|  0%| F|  |TS  2|AC  0|TAMS 0x0000000085300000, 0x0000000085300000|
|  50|0x0000000085400000, 0x0000000085500000, 0x0000000085500000|100%| O|  |TS  0|AC  0|TAMS 0x0000000085500000, 0x0000000085500000|
|  51|0x0000000085500000, 0x0000000085500000, 0x0000000085600000|  0%| F|  |TS  3|AC  0|TAMS 0x0000000085500000, 0x0000000085500000|
|  52|0x0000000085600000, 0x0000000085700000, 0x0000000085700000|100%| O|  |TS  0|AC  0|TAMS 0x0000000085700000, 0x0000000085700000|
|  53|0x0000000085700000, 0x0000000085800000, 0x0000000085800000|100%| O|  |TS  0|AC  0|TAMS 0x0000000085800000, 0x0000000085800000|
|  54|0x0000000085800000, 0x0000000085900000, 0x0000000085900000|100%| O|  |TS  0|AC  0|TAMS 0x0000000085900000, 0x0000000085900000|
|  55|0x0000000085900000, 0x0000000085a00000, 0x0000000085a00000|100%| O|  |TS  0|AC  0|TAMS 0x0000000085a00000, 0x0000000085a00000|
|  56|0x0000000085a00000, 0x0000000085b00000, 0x0000000085b00000|100%| O|  |TS  0|AC  0|TAMS 0x0000000085b00000, 0x0000000085b00000|
|  57|0x0000000085b00000, 0x0000000085c00000, 0x0000000085c00000|100%| O|  |TS  0|AC  0|TAMS 0x0000000085c00000, 0x0000000085c00000|
|  58|0x0000000085c00000, 0x0000000085d00000, 0x0000000085d00000|100%| O|  |TS  0|AC  0|TAMS 0x0000000085d00000, 0x0000000085d00000|
|  59|0x0000000085d00000, 0x0000000085e00000, 0x0000000085e00000|100%| O|  |TS  0|AC  0|TAMS 0x0000000085e00000, 0x0000000085e00000|
|  60|0x0000000085e00000, 0x0000000085f00000, 0x0000000085f00000|100%| O|  |TS  0|AC  0|TAMS 0x0000000085f00000, 0x0000000085f00000|
|  61|0x0000000085f00000, 0x0000000086000000, 0x0000000086000000|100%| O|  |TS  0|AC  0|TAMS 0x0000000086000000, 0x0000000086000000|
|  62|0x0000000086000000, 0x0000000086100000, 0x0000000086100000|100%| O|  |TS  0|AC  0|TAMS 0x0000000086100000, 0x0000000086100000|
|  63|0x0000000086100000, 0x0000000086200000, 0x0000000086200000|100%| O|  |TS  0|AC  0|TAMS 0x0000000086200000, 0x0000000086200000|
|  64|0x0000000086200000, 0x0000000086300000, 0x0000000086300000|100%| O|  |TS  0|AC  0|TAMS 0x0000000086300000, 0x0000000086300000|
|  65|0x0000000086300000, 0x0000000086400000, 0x0000000086400000|100%| O|  |TS  0|AC  0|TAMS 0x0000000086400000, 0x0000000086400000|
|  66|0x0000000086400000, 0x0000000086500000, 0x0000000086500000|100%| O|  |TS  0|AC  0|TAMS 0x0000000086500000, 0x0000000086500000|
|  67|0x0000000086500000, 0x0000000086600000, 0x0000000086600000|100%| O|  |TS  0|AC  0|TAMS 0x0000000086600000, 0x0000000086600000|
|  68|0x0000000086600000, 0x0000000086700000, 0x0000000086700000|100%| O|  |TS  1|AC  0|TAMS 0x0000000086600000, 0x0000000086600000|
|  69|0x0000000086700000, 0x0000000086800000, 0x0000000086800000|100%| O|  |TS  0|AC  0|TAMS 0x0000000086800000, 0x0000000086800000|
|  70|0x0000000086800000, 0x0000000086900000, 0x0000000086900000|100%| O|  |TS  0|AC  0|TAMS 0x0000000086900000, 0x0000000086900000|
|  71|0x0000000086900000, 0x0000000086a00000, 0x0000000086a00000|100%| O|  |TS  0|AC  0|TAMS 0x0000000086a00000, 0x0000000086a00000|
|  72|0x0000000086a00000, 0x0000000086b00000, 0x0000000086b00000|100%| O|  |TS  0|AC  0|TAMS 0x0000000086b00000, 0x0000000086b00000|
|  73|0x0000000086b00000, 0x0000000086c00000, 0x0000000086c00000|100%| O|  |TS  1|AC  0|TAMS 0x0000000086b00000, 0x0000000086b00000|
|  74|0x0000000086c00000, 0x0000000086d00000, 0x0000000086d00000|100%| O|  |TS  1|AC  0|TAMS 0x0000000086c62400, 0x0000000086c62400|
|  75|0x0000000086d00000, 0x0000000086e00000, 0x0000000086e00000|100%| O|  |TS  2|AC  0|TAMS 0x0000000086d00000, 0x0000000086d00000|
|  76|0x0000000086e00000, 0x0000000086f00000, 0x0000000086f00000|100%|HS|  |TS  0|AC  0|TAMS 0x0000000086e00000, 0x0000000086e00000|
|  77|0x0000000086f00000, 0x0000000087000000, 0x0000000087000000|100%| O|  |TS  1|AC  0|TAMS 0x0000000086f00000, 0x0000000086f00000|
|  78|0x0000000087000000, 0x0000000087100000, 0x0000000087100000|100%| O|  |TS  1|AC  0|TAMS 0x0000000087000000, 0x0000000087000000|
|  79|0x0000000087100000, 0x0000000087200000, 0x0000000087200000|100%| O|  |TS  1|AC  0|TAMS 0x0000000087100000, 0x0000000087100000|
|  80|0x0000000087200000, 0x0000000087300000, 0x0000000087300000|100%| O|  |TS  1|AC  0|TAMS 0x0000000087200000, 0x0000000087200000|
|  81|0x0000000087300000, 0x0000000087400000, 0x0000000087400000|100%| O|  |TS  1|AC  0|TAMS 0x0000000087300000, 0x0000000087300000|
|  82|0x0000000087400000, 0x0000000087500000, 0x0000000087500000|100%| O|  |TS  1|AC  0|TAMS 0x0000000087400000, 0x0000000087400000|
|  83|0x0000000087500000, 0x0000000087600000, 0x0000000087600000|100%| O|  |TS  2|AC  0|TAMS 0x0000000087500000, 0x0000000087500000|
|  84|0x0000000087600000, 0x0000000087700000, 0x0000000087700000|100%| O|  |TS  2|AC  0|TAMS 0x0000000087600000, 0x0000000087600000|
|  85|0x0000000087700000, 0x0000000087800000, 0x0000000087800000|100%| O|  |TS  2|AC  0|TAMS 0x0000000087700000, 0x0000000087700000|
|  86|0x0000000087800000, 0x0000000087900000, 0x0000000087900000|100%| O|  |TS  2|AC  0|TAMS 0x0000000087800000, 0x0000000087800000|
|  87|0x0000000087900000, 0x0000000087a00000, 0x0000000087a00000|100%| O|  |TS  2|AC  0|TAMS 0x0000000087900000, 0x0000000087900000|
|  88|0x0000000087a00000, 0x0000000087b00000, 0x0000000087b00000|100%| O|  |TS  2|AC  0|TAMS 0x0000000087a00000, 0x0000000087a00000|
|  89|0x0000000087b00000, 0x0000000087c00000, 0x0000000087c00000|100%| O|  |TS  2|AC  0|TAMS 0x0000000087b00000, 0x0000000087b00000|
|  90|0x0000000087c00000, 0x0000000087d00000, 0x0000000087d00000|100%| O|  |TS  2|AC  0|TAMS 0x0000000087c00000, 0x0000000087c00000|
|  91|0x0000000087d00000, 0x0000000087e00000, 0x0000000087e00000|100%| O|  |TS  2|AC  0|TAMS 0x0000000087d00000, 0x0000000087d00000|
|  92|0x0000000087e00000, 0x0000000087f00000, 0x0000000087f00000|100%| O|  |TS  2|AC  0|TAMS 0x0000000087e00000, 0x0000000087e00000|
|  93|0x0000000087f00000, 0x0000000087f00000, 0x0000000088000000|  0%| F|  |TS  0|AC  0|TAMS 0x0000000087f00000, 0x0000000087f00000|
|  94|0x0000000088000000, 0x0000000088000000, 0x0000000088100000|  0%| F|  |TS  0|AC  0|TAMS 0x0000000088000000, 0x0000000088000000|
|  95|0x0000000088100000, 0x0000000088100000, 0x0000000088200000|  0%| F|  |TS  0|AC  0|TAMS 0x0000000088100000, 0x0000000088100000|
|  96|0x0000000088200000, 0x0000000088200000, 0x0000000088300000|  0%| F|  |TS  0|AC  0|TAMS 0x0000000088200000, 0x0000000088200000|
|  97|0x0000000088300000, 0x0000000088300000, 0x0000000088400000|  0%| F|  |TS  0|AC  0|TAMS 0x0000000088300000, 0x0000000088300000|
|  98|0x0000000088400000, 0x0000000088400000, 0x0000000088500000|  0%| F|  |TS  0|AC  0|TAMS 0x0000000088400000, 0x0000000088400000|
|  99|0x0000000088500000, 0x0000000088500000, 0x0000000088600000|  0%| F|  |TS  0|AC  0|TAMS 0x0000000088500000, 0x0000000088500000|
| 100|0x0000000088600000, 0x0000000088600000, 0x0000000088700000|  0%| F|  |TS  0|AC  0|TAMS 0x0000000088600000, 0x0000000088600000|
| 101|0x0000000088700000, 0x0000000088700000, 0x0000000088800000|  0%| F|  |TS  0|AC  0|TAMS 0x0000000088700000, 0x0000000088700000|
| 102|0x0000000088800000, 0x0000000088800000, 0x0000000088900000|  0%| F|  |TS  0|AC  0|TAMS 0x0000000088800000, 0x0000000088800000|
| 103|0x0000000088900000, 0x0000000088900000, 0x0000000088a00000|  0%| F|  |TS  0|AC  0|TAMS 0x0000000088900000, 0x0000000088900000|
| 104|0x0000000088a00000, 0x0000000088a00000, 0x0000000088b00000|  0%| F|  |TS  0|AC  0|TAMS 0x0000000088a00000, 0x0000000088a00000|
| 105|0x0000000088b00000, 0x0000000088b00000, 0x0000000088c00000|  0%| F|  |TS  0|AC  0|TAMS 0x0000000088b00000, 0x0000000088b00000|
| 106|0x0000000088c00000, 0x0000000088c00000, 0x0000000088d00000|  0%| F|  |TS  1|AC  0|TAMS 0x0000000088c00000, 0x0000000088c00000|
| 107|0x0000000088d00000, 0x0000000088d00000, 0x0000000088e00000|  0%| F|  |TS  1|AC  0|TAMS 0x0000000088d00000, 0x0000000088d00000|
| 108|0x0000000088e00000, 0x0000000088e00000, 0x0000000088f00000|  0%| F|  |TS  1|AC  0|TAMS 0x0000000088e00000, 0x0000000088e00000|
| 109|0x0000000088f00000, 0x0000000088f00000, 0x0000000089000000|  0%| F|  |TS  0|AC  0|TAMS 0x0000000088f00000, 0x0000000088f00000|
| 110|0x0000000089000000, 0x0000000089000000, 0x0000000089100000|  0%| F|  |TS  0|AC  0|TAMS 0x0000000089000000, 0x0000000089000000|
| 111|0x0000000089100000, 0x0000000089100000, 0x0000000089200000|  0%| F|  |TS  0|AC  0|TAMS 0x0000000089100000, 0x0000000089100000|
| 112|0x0000000089200000, 0x0000000089200000, 0x0000000089300000|  0%| F|  |TS  0|AC  0|TAMS 0x0000000089200000, 0x0000000089200000|
| 113|0x0000000089300000, 0x0000000089300000, 0x0000000089400000|  0%| F|  |TS  0|AC  0|TAMS 0x0000000089300000, 0x0000000089300000|
| 114|0x0000000089400000, 0x0000000089400000, 0x0000000089500000|  0%| F|  |TS  0|AC  0|TAMS 0x0000000089400000, 0x0000000089400000|
| 115|0x0000000089500000, 0x0000000089500000, 0x0000000089600000|  0%| F|  |TS  0|AC  0|TAMS 0x0000000089500000, 0x0000000089500000|
| 116|0x0000000089600000, 0x0000000089600000, 0x0000000089700000|  0%| F|  |TS  0|AC  0|TAMS 0x0000000089600000, 0x0000000089600000|
| 117|0x0000000089700000, 0x0000000089700000, 0x0000000089800000|  0%| F|  |TS  0|AC  0|TAMS 0x0000000089700000, 0x0000000089700000|
| 118|0x0000000089800000, 0x0000000089800000, 0x0000000089900000|  0%| F|  |TS  0|AC  0|TAMS 0x0000000089800000, 0x0000000089800000|
| 119|0x0000000089900000, 0x0000000089900000, 0x0000000089a00000|  0%| F|  |TS  0|AC  0|TAMS 0x0000000089900000, 0x0000000089900000|
| 120|0x0000000089a00000, 0x0000000089a00000, 0x0000000089b00000|  0%| F|  |TS  0|AC  0|TAMS 0x0000000089a00000, 0x0000000089a00000|
| 121|0x0000000089b00000, 0x0000000089b00000, 0x0000000089c00000|  0%| F|  |TS  0|AC  0|TAMS 0x0000000089b00000, 0x0000000089b00000|
| 122|0x0000000089c00000, 0x0000000089c00000, 0x0000000089d00000|  0%| F|  |TS  0|AC  0|TAMS 0x0000000089c00000, 0x0000000089c00000|
| 123|0x0000000089d00000, 0x0000000089d00000, 0x0000000089e00000|  0%| F|  |TS  0|AC  0|TAMS 0x0000000089d00000, 0x0000000089d00000|
| 124|0x0000000089e00000, 0x0000000089e00000, 0x0000000089f00000|  0%| F|  |TS  0|AC  0|TAMS 0x0000000089e00000, 0x0000000089e00000|
| 125|0x0000000089f00000, 0x0000000089f00000, 0x000000008a000000|  0%| F|  |TS  0|AC  0|TAMS 0x0000000089f00000, 0x0000000089f00000|
| 126|0x000000008a000000, 0x000000008a000000, 0x000000008a100000|  0%| F|  |TS  0|AC  0|TAMS 0x000000008a000000, 0x000000008a000000|
| 127|0x000000008a100000, 0x000000008a100000, 0x000000008a200000|  0%| F|  |TS  0|AC  0|TAMS 0x000000008a100000, 0x000000008a100000|
| 128|0x000000008a200000, 0x000000008a200000, 0x000000008a300000|  0%| F|  |TS  0|AC  0|TAMS 0x000000008a200000, 0x000000008a200000|
| 129|0x000000008a300000, 0x000000008a300000, 0x000000008a400000|  0%| F|  |TS  0|AC  0|TAMS 0x000000008a300000, 0x000000008a300000|
| 130|0x000000008a400000, 0x000000008a400000, 0x000000008a500000|  0%| F|  |TS  0|AC  0|TAMS 0x000000008a400000, 0x000000008a400000|
| 131|0x000000008a500000, 0x000000008a500000, 0x000000008a600000|  0%| F|  |TS  0|AC  0|TAMS 0x000000008a500000, 0x000000008a500000|
| 132|0x000000008a600000, 0x000000008a600000, 0x000000008a700000|  0%| F|  |TS  0|AC  0|TAMS 0x000000008a600000, 0x000000008a600000|
| 133|0x000000008a700000, 0x000000008a700000, 0x000000008a800000|  0%| F|  |TS  0|AC  0|TAMS 0x000000008a700000, 0x000000008a700000|
| 134|0x000000008a800000, 0x000000008a800000, 0x000000008a900000|  0%| F|  |TS  0|AC  0|TAMS 0x000000008a800000, 0x000000008a800000|
| 135|0x000000008a900000, 0x000000008a900000, 0x000000008aa00000|  0%| F|  |TS  0|AC  0|TAMS 0x000000008a900000, 0x000000008a900000|
| 136|0x000000008aa00000, 0x000000008aa00000, 0x000000008ab00000|  0%| F|  |TS  0|AC  0|TAMS 0x000000008aa00000, 0x000000008aa00000|
| 137|0x000000008ab00000, 0x000000008ac00000, 0x000000008ac00000|100%| S|CS|TS  4|AC  0|TAMS 0x000000008ab00000, 0x000000008ab00000|
| 138|0x000000008ac00000, 0x000000008ad00000, 0x000000008ad00000|100%| S|CS|TS  4|AC  0|TAMS 0x000000008ac00000, 0x000000008ac00000|
| 139|0x000000008ad00000, 0x000000008ae00000, 0x000000008ae00000|100%| S|CS|TS  4|AC  0|TAMS 0x000000008ad00000, 0x000000008ad00000|
| 140|0x000000008ae00000, 0x000000008af00000, 0x000000008af00000|100%| S|CS|TS  4|AC  0|TAMS 0x000000008ae00000, 0x000000008ae00000|
| 141|0x000000008af00000, 0x000000008af00000, 0x000000008b000000|  0%| F|  |TS  4|AC  0|TAMS 0x000000008af00000, 0x000000008af00000|
| 142|0x000000008b000000, 0x000000008b000000, 0x000000008b100000|  0%| F|  |TS  4|AC  0|TAMS 0x000000008b000000, 0x000000008b000000|
| 143|0x000000008b100000, 0x000000008b100000, 0x000000008b200000|  0%| F|  |TS  4|AC  0|TAMS 0x000000008b100000, 0x000000008b100000|
| 144|0x000000008b200000, 0x000000008b200000, 0x000000008b300000|  0%| F|  |TS  4|AC  0|TAMS 0x000000008b200000, 0x000000008b200000|
| 145|0x000000008b300000, 0x000000008b300000, 0x000000008b400000|  0%| F|  |TS  4|AC  0|TAMS 0x000000008b300000, 0x000000008b300000|
| 146|0x000000008b400000, 0x000000008b400000, 0x000000008b500000|  0%| F|  |TS  4|AC  0|TAMS 0x000000008b400000, 0x000000008b400000|
| 147|0x000000008b500000, 0x000000008b500000, 0x000000008b600000|  0%| F|  |TS  4|AC  0|TAMS 0x000000008b500000, 0x000000008b500000|
| 148|0x000000008b600000, 0x000000008b600000, 0x000000008b700000|  0%| F|  |TS  4|AC  0|TAMS 0x000000008b600000, 0x000000008b600000|
| 149|0x000000008b700000, 0x000000008b700000, 0x000000008b800000|  0%| F|  |TS  4|AC  0|TAMS 0x000000008b700000, 0x000000008b700000|
| 150|0x000000008b800000, 0x000000008b800000, 0x000000008b900000|  0%| F|  |TS  4|AC  0|TAMS 0x000000008b800000, 0x000000008b800000|
| 151|0x000000008b900000, 0x000000008b900000, 0x000000008ba00000|  0%| F|  |TS  4|AC  0|TAMS 0x000000008b900000, 0x000000008b900000|
| 152|0x000000008ba00000, 0x000000008ba00000, 0x000000008bb00000|  0%| F|  |TS  4|AC  0|TAMS 0x000000008ba00000, 0x000000008ba00000|
| 153|0x000000008bb00000, 0x000000008bb00000, 0x000000008bc00000|  0%| F|  |TS  4|AC  0|TAMS 0x000000008bb00000, 0x000000008bb00000|
| 154|0x000000008bc00000, 0x000000008bc00000, 0x000000008bd00000|  0%| F|  |TS  4|AC  0|TAMS 0x000000008bc00000, 0x000000008bc00000|
| 155|0x000000008bd00000, 0x000000008bd00000, 0x000000008be00000|  0%| F|  |TS  4|AC  0|TAMS 0x000000008bd00000, 0x000000008bd00000|
| 156|0x000000008be00000, 0x000000008be00000, 0x000000008bf00000|  0%| F|  |TS  4|AC  0|TAMS 0x000000008be00000, 0x000000008be00000|
| 157|0x000000008bf00000, 0x000000008bf00000, 0x000000008c000000|  0%| F|  |TS  4|AC  0|TAMS 0x000000008bf00000, 0x000000008bf00000|
| 158|0x000000008c000000, 0x000000008c000000, 0x000000008c100000|  0%| F|  |TS  4|AC  0|TAMS 0x000000008c000000, 0x000000008c000000|
| 159|0x000000008c100000, 0x000000008c100000, 0x000000008c200000|  0%| F|  |TS  4|AC  0|TAMS 0x000000008c100000, 0x000000008c100000|
| 160|0x000000008c200000, 0x000000008c200000, 0x000000008c300000|  0%| F|  |TS  4|AC  0|TAMS 0x000000008c200000, 0x000000008c200000|
| 161|0x000000008c300000, 0x000000008c300000, 0x000000008c400000|  0%| F|  |TS  4|AC  0|TAMS 0x000000008c300000, 0x000000008c300000|
| 162|0x000000008c400000, 0x000000008c400000, 0x000000008c500000|  0%| F|  |TS  4|AC  0|TAMS 0x000000008c400000, 0x000000008c400000|
| 163|0x000000008c500000, 0x000000008c500000, 0x000000008c600000|  0%| F|  |TS  4|AC  0|TAMS 0x000000008c500000, 0x000000008c500000|
| 164|0x000000008c600000, 0x000000008c600000, 0x000000008c700000|  0%| F|  |TS  4|AC  0|TAMS 0x000000008c600000, 0x000000008c600000|
| 165|0x000000008c700000, 0x000000008c700000, 0x000000008c800000|  0%| F|  |TS  4|AC  0|TAMS 0x000000008c700000, 0x000000008c700000|

Card table byte_map: [0x00000231d3050000,0x00000231d3440000] byte_map_base: 0x00000231d2c3f000

Marking Bits (Prev, Next): (CMBitMap*) 0x00000231b6744a80, (CMBitMap*) 0x00000231b6744ab8
 Prev Bits: [0x00000231d3830000, 0x00000231d57a8000)
 Next Bits: [0x00000231d57b0000, 0x00000231d7728000)

Polling page: 0x00000231b64d0000

CodeHeap 'non-profiled nmethods': size=120000Kb used=2616Kb max_used=2616Kb free=117383Kb
 bounds [0x00000231cacd0000, 0x00000231caf60000, 0x00000231d2200000]
CodeHeap 'profiled nmethods': size=120000Kb used=7291Kb max_used=7291Kb free=112708Kb
 bounds [0x00000231c37a0000, 0x00000231c3ec0000, 0x00000231cacd0000]
CodeHeap 'non-nmethods': size=5760Kb used=1170Kb max_used=1254Kb free=4589Kb
 bounds [0x00000231c3200000, 0x00000231c3470000, 0x00000231c37a0000]
 total_blobs=5363 nmethods=3610 adapters=427
 compilation: enabled

Compilation events (10 events):
Event: 81.973 Thread 0x00000231dabae000 nmethod 3630 0x00000231c3ebcf10 code [0x00000231c3ebd0e0, 0x00000231c3ebd3e0]
Event: 81.973 Thread 0x00000231dabae000 3633       3       org.apache.xmlbeans.impl.store.Saver$FragSaveCur::next (207 bytes)
Event: 81.973 Thread 0x00000231da23d000 nmethod 3634 0x00000231caf5db90 code [0x00000231caf5dd20, 0x00000231caf5def8]
Event: 81.974 Thread 0x00000231dabae000 nmethod 3633 0x00000231c3ebd510 code [0x00000231c3ebd7a0, 0x00000231c3ebe030]
Event: 81.974 Thread 0x00000231dabae000 3636       3       com.sun.org.apache.xerces.internal.util.XMLStringBuffer::clear (11 bytes)
Event: 81.974 Thread 0x00000231dabae000 nmethod 3636 0x00000231c3ebe390 code [0x00000231c3ebe540, 0x00000231c3ebe6b8]
Event: 81.974 Thread 0x00000231dabae000 3629       3       com.sun.org.apache.xerces.internal.impl.XMLScanner::scanPseudoAttributeName (97 bytes)
Event: 81.974 Thread 0x00000231dabae000 nmethod 3629 0x00000231c3ebe790 code [0x00000231c3ebe9a0, 0x00000231c3ebed40]
Event: 81.974 Thread 0x00000231dabae000 3635       1       org.apache.poi.POIXMLDocumentPart::getPackagePart (5 bytes)
Event: 81.974 Thread 0x00000231dabae000 nmethod 3635 0x00000231caf5df90 code [0x00000231caf5e140, 0x00000231caf5e258]

GC Heap History (10 events):
Event: 81.519 GC heap after
{Heap after GC invocations=20 (full 0):
 garbage-first heap   total 129024K, used 66319K [0x0000000082200000, 0x0000000100000000)
  region size 1024K, 3 young (3072K), 3 survivors (3072K)
 Metaspace       used 29320K, capacity 29894K, committed 30336K, reserved 1077248K
  class space    used 3145K, capacity 3376K, committed 3456K, reserved 1048576K
}
Event: 81.593 GC heap before
{Heap before GC invocations=20 (full 0):
 garbage-first heap   total 129024K, used 83727K [0x0000000082200000, 0x0000000100000000)
  region size 1024K, 20 young (20480K), 3 survivors (3072K)
 Metaspace       used 29320K, capacity 29894K, committed 30336K, reserved 1077248K
  class space    used 3145K, capacity 3376K, committed 3456K, reserved 1048576K
}
Event: 81.629 GC heap after
{Heap after GC invocations=21 (full 0):
 garbage-first heap   total 169984K, used 81289K [0x0000000082200000, 0x0000000100000000)
  region size 1024K, 3 young (3072K), 3 survivors (3072K)
 Metaspace       used 29320K, capacity 29894K, committed 30336K, reserved 1077248K
  class space    used 3145K, capacity 3376K, committed 3456K, reserved 1048576K
}
Event: 81.773 GC heap before
{Heap before GC invocations=22 (full 0):
 garbage-first heap   total 169984K, used 100745K [0x0000000082200000, 0x0000000100000000)
  region size 1024K, 26 young (26624K), 3 survivors (3072K)
 Metaspace       used 29348K, capacity 29900K, committed 30336K, reserved 1077248K
  class space    used 3146K, capacity 3377K, committed 3456K, reserved 1048576K
}
Event: 81.789 GC heap after
{Heap after GC invocations=23 (full 0):
 garbage-first heap   total 169984K, used 88374K [0x0000000082200000, 0x0000000100000000)
  region size 1024K, 4 young (4096K), 4 survivors (4096K)
 Metaspace       used 29348K, capacity 29900K, committed 30336K, reserved 1077248K
  class space    used 3146K, capacity 3377K, committed 3456K, reserved 1048576K
}
Event: 81.807 GC heap before
{Heap before GC invocations=23 (full 0):
 garbage-first heap   total 169984K, used 92470K [0x0000000082200000, 0x0000000100000000)
  region size 1024K, 8 young (8192K), 4 survivors (4096K)
 Metaspace       used 29348K, capacity 29900K, committed 30336K, reserved 1077248K
  class space    used 3146K, capacity 3377K, committed 3456K, reserved 1048576K
}
Event: 81.820 GC heap after
{Heap after GC invocations=24 (full 0):
 garbage-first heap   total 169984K, used 78848K [0x0000000082200000, 0x0000000100000000)
  region size 1024K, 1 young (1024K), 1 survivors (1024K)
 Metaspace       used 29348K, capacity 29900K, committed 30336K, reserved 1077248K
  class space    used 3146K, capacity 3377K, committed 3456K, reserved 1048576K
}
Event: 81.847 GC heap before
{Heap before GC invocations=24 (full 0):
 garbage-first heap   total 169984K, used 86016K [0x0000000082200000, 0x0000000100000000)
  region size 1024K, 8 young (8192K), 1 survivors (1024K)
 Metaspace       used 29348K, capacity 29900K, committed 30336K, reserved 1077248K
  class space    used 3146K, capacity 3377K, committed 3456K, reserved 1048576K
}
Event: 81.862 GC heap after
{Heap after GC invocations=25 (full 0):
 garbage-first heap   total 169984K, used 80638K [0x0000000082200000, 0x0000000100000000)
  region size 1024K, 1 young (1024K), 1 survivors (1024K)
 Metaspace       used 29348K, capacity 29900K, committed 30336K, reserved 1077248K
  class space    used 3146K, capacity 3377K, committed 3456K, reserved 1048576K
}
Event: 81.992 GC heap before
{Heap before GC invocations=25 (full 0):
 garbage-first heap   total 169984K, used 107262K [0x0000000082200000, 0x0000000100000000)
  region size 1024K, 25 young (25600K), 1 survivors (1024K)
 Metaspace       used 29378K, capacity 29906K, committed 30336K, reserved 1077248K
  class space    used 3146K, capacity 3378K, committed 3456K, reserved 1048576K
}

Deoptimization events (10 events):
Event: 80.768 Thread 0x00000231b66ac000 Uncommon trap: reason=speculate_class_check action=maybe_recompile pc=0x00000231caf49f34 method=org.apache.xmlbeans.impl.values.XmlObjectBase.get_wscanon_text()Ljava/lang/String; @ 27 c2
Event: 80.768 Thread 0x00000231b66ac000 Uncommon trap: reason=speculate_class_check action=maybe_recompile pc=0x00000231caf49f34 method=org.apache.xmlbeans.impl.values.XmlObjectBase.get_wscanon_text()Ljava/lang/String; @ 27 c2
Event: 80.872 Thread 0x00000231b66ac000 Uncommon trap: reason=speculate_class_check action=maybe_recompile pc=0x00000231caf49f34 method=org.apache.xmlbeans.impl.values.XmlObjectBase.get_wscanon_text()Ljava/lang/String; @ 27 c2
Event: 81.375 Thread 0x00000231b66ac000 Uncommon trap: reason=unstable_if action=reinterpret pc=0x00000231caebc764 method=org.apache.xmlbeans.impl.values.XmlObjectBase.has_store()Z @ 7 c2
Event: 81.375 Thread 0x00000231b66ac000 Uncommon trap: reason=unstable_if action=reinterpret pc=0x00000231caf439d8 method=org.apache.xmlbeans.impl.values.XmlObjectBase.check_element_dated()V @ 8 c2
Event: 81.379 Thread 0x00000231b66ac000 Uncommon trap: reason=unstable_if action=reinterpret pc=0x00000231cada7518 method=java.lang.String.codePointAt(I)I @ 4 c2
Event: 81.386 Thread 0x00000231b66ac000 Uncommon trap: reason=bimorphic_or_optimized_type_check action=maybe_recompile pc=0x00000231caf39d88 method=org.apache.xmlbeans.impl.store.Xobj.compute_flags()I @ 29 c2
Event: 81.387 Thread 0x00000231b66ac000 Uncommon trap: reason=bimorphic_or_optimized_type_check action=maybe_recompile pc=0x00000231caf3e1e8 method=org.apache.xmlbeans.impl.values.XmlObjectBase.get_attributeflags(Ljavax/xml/namespace/QName;)I @ 10 c2
Event: 81.436 Thread 0x00000231b66ac000 Uncommon trap: reason=bimorphic_or_optimized_type_check action=maybe_recompile pc=0x00000231caf39d88 method=org.apache.xmlbeans.impl.store.Xobj.compute_flags()I @ 29 c2
Event: 81.436 Thread 0x00000231b66ac000 Uncommon trap: reason=bimorphic_or_optimized_type_check action=maybe_recompile pc=0x00000231caf3e1e8 method=org.apache.xmlbeans.impl.values.XmlObjectBase.get_attributeflags(Ljavax/xml/namespace/QName;)I @ 10 c2

Classes redefined (0 events):
No events

Internal exceptions (10 events):
Event: 74.442 Thread 0x00000231b66ac000 Exception <a 'java/security/PrivilegedActionException'{0x00000000882f5460}> (0x00000000882f5460) thrown at [t:/workspace/open/src/hotspot/share/prims/jvm.cpp, line 1345]
Event: 74.442 Thread 0x00000231b66ac000 Exception <a 'java/security/PrivilegedActionException'{0x00000000882f5c80}> (0x00000000882f5c80) thrown at [t:/workspace/open/src/hotspot/share/prims/jvm.cpp, line 1345]
Event: 74.443 Thread 0x00000231b66ac000 Exception <a 'java/security/PrivilegedActionException'{0x00000000882feb50}> (0x00000000882feb50) thrown at [t:/workspace/open/src/hotspot/share/prims/jvm.cpp, line 1345]
Event: 74.443 Thread 0x00000231b66ac000 Exception <a 'java/security/PrivilegedActionException'{0x00000000882ff370}> (0x00000000882ff370) thrown at [t:/workspace/open/src/hotspot/share/prims/jvm.cpp, line 1345]
Event: 74.444 Thread 0x00000231b66ac000 Exception <a 'java/security/PrivilegedActionException'{0x0000000088103f40}> (0x0000000088103f40) thrown at [t:/workspace/open/src/hotspot/share/prims/jvm.cpp, line 1345]
Event: 74.444 Thread 0x00000231b66ac000 Exception <a 'java/security/PrivilegedActionException'{0x0000000088104760}> (0x0000000088104760) thrown at [t:/workspace/open/src/hotspot/share/prims/jvm.cpp, line 1345]
Event: 74.444 Thread 0x00000231b66ac000 Exception <a 'java/security/PrivilegedActionException'{0x000000008810d830}> (0x000000008810d830) thrown at [t:/workspace/open/src/hotspot/share/prims/jvm.cpp, line 1345]
Event: 74.444 Thread 0x00000231b66ac000 Exception <a 'java/security/PrivilegedActionException'{0x000000008810e050}> (0x000000008810e050) thrown at [t:/workspace/open/src/hotspot/share/prims/jvm.cpp, line 1345]
Event: 76.276 Thread 0x00000231b66ac000 Exception <a 'java/lang/NoSuchMethodError'{0x00000000893e0270}: java.lang.Object.lambda$union$1(Ljava/util/regex/Pattern$CharPredicate;I)Z> (0x00000000893e0270) thrown at [t:/workspace/open/src/hotspot/share/interpreter/linkResolver.cpp, line 741]
Event: 77.777 Thread 0x00000231b66ac000 Implicit null exception at 0x00000231cade98b5 to 0x00000231cadebcb8

Events (10 events):
Event: 81.695 Executing VM operation: CGC_Operation done
Event: 81.704 Executing VM operation: CGC_Operation
Event: 81.704 Executing VM operation: CGC_Operation done
Event: 81.773 Executing VM operation: G1IncCollectionPause
Event: 81.789 Executing VM operation: G1IncCollectionPause done
Event: 81.806 Executing VM operation: G1IncCollectionPause
Event: 81.820 Executing VM operation: G1IncCollectionPause done
Event: 81.847 Executing VM operation: G1IncCollectionPause
Event: 81.862 Executing VM operation: G1IncCollectionPause done
Event: 81.992 Executing VM operation: G1IncCollectionPause


Dynamic libraries:
0x00007ff752660000 - 0x00007ff75269e000 	C:\Program Files\Java\jdk-10.0.1\bin\javaw.exe
0x00007fff4be60000 - 0x00007fff4c050000 	C:\WINDOWS\SYSTEM32\ntdll.dll
0x00007fff4a640000 - 0x00007fff4a6f2000 	C:\WINDOWS\System32\KERNEL32.DLL
0x00007fff48e70000 - 0x00007fff49113000 	C:\WINDOWS\System32\KERNELBASE.dll
0x00007fff4bbd0000 - 0x00007fff4bc73000 	C:\WINDOWS\System32\ADVAPI32.dll
0x00007fff4b8f0000 - 0x00007fff4b98e000 	C:\WINDOWS\System32\msvcrt.dll
0x00007fff4a7e0000 - 0x00007fff4a877000 	C:\WINDOWS\System32\sechost.dll
0x00007fff4b170000 - 0x00007fff4b290000 	C:\WINDOWS\System32\RPCRT4.dll
0x00007fff4bc80000 - 0x00007fff4be14000 	C:\WINDOWS\System32\USER32.dll
0x00007fff49ee0000 - 0x00007fff49f01000 	C:\WINDOWS\System32\win32u.dll
0x00007fff4b140000 - 0x00007fff4b166000 	C:\WINDOWS\System32\GDI32.dll
0x00007fff49120000 - 0x00007fff492b4000 	C:\WINDOWS\System32\gdi32full.dll
0x00007fff49e40000 - 0x00007fff49ede000 	C:\WINDOWS\System32\msvcp_win.dll
0x00007fff492c0000 - 0x00007fff493ba000 	C:\WINDOWS\System32\ucrtbase.dll
0x00007fff36510000 - 0x00007fff36795000 	C:\WINDOWS\WinSxS\amd64_microsoft.windows.common-controls_6595b64144ccf1df_6.0.18362.720_none_e6beb5c51314836b\COMCTL32.dll
0x00007fff41520000 - 0x00007fff4152a000 	C:\WINDOWS\SYSTEM32\VERSION.dll
0x00007fff4b5b0000 - 0x00007fff4b8e6000 	C:\WINDOWS\System32\combase.dll
0x00007fff48df0000 - 0x00007fff48e70000 	C:\WINDOWS\System32\bcryptPrimitives.dll
0x00007fff4b370000 - 0x00007fff4b39e000 	C:\WINDOWS\System32\IMM32.DLL
0x00007ffee3e80000 - 0x00007ffee3f6f000 	C:\Program Files\Java\jdk-10.0.1\bin\msvcr120.dll
0x00007ffee1ef0000 - 0x00007ffee1f96000 	C:\Program Files\Java\jdk-10.0.1\bin\msvcp120.dll
0x00000000687d0000 - 0x0000000069240000 	C:\Program Files\Java\jdk-10.0.1\bin\server\jvm.dll
0x00007fff4a880000 - 0x00007fff4a888000 	C:\WINDOWS\System32\PSAPI.DLL
0x00007fff31d10000 - 0x00007fff31d19000 	C:\WINDOWS\SYSTEM32\WSOCK32.dll
0x00007fff4a5d0000 - 0x00007fff4a63f000 	C:\WINDOWS\System32\WS2_32.dll
0x00007fff455d0000 - 0x00007fff455f4000 	C:\WINDOWS\SYSTEM32\WINMM.dll
0x00007fff455a0000 - 0x00007fff455cd000 	C:\WINDOWS\SYSTEM32\winmmbase.dll
0x00007fff49bc0000 - 0x00007fff49c0a000 	C:\WINDOWS\System32\cfgmgr32.dll
0x00007fff40230000 - 0x00007fff4023f000 	C:\Program Files\Java\jdk-10.0.1\bin\verify.dll
0x00007fff475e0000 - 0x00007fff477d4000 	C:\WINDOWS\SYSTEM32\DBGHELP.DLL
0x00007fff40130000 - 0x00007fff4015a000 	C:\WINDOWS\SYSTEM32\dbgcore.DLL
0x00007fff2f910000 - 0x00007fff2f937000 	C:\Program Files\Java\jdk-10.0.1\bin\java.dll
0x00007fff2f8f0000 - 0x00007fff2f906000 	C:\Program Files\Java\jdk-10.0.1\bin\zip.dll
0x00007fff40220000 - 0x00007fff4022a000 	C:\Program Files\Java\jdk-10.0.1\bin\jimage.dll
0x00007fff4a890000 - 0x00007fff4af75000 	C:\WINDOWS\System32\SHELL32.dll
0x00007fff49f10000 - 0x00007fff49fb9000 	C:\WINDOWS\System32\shcore.dll
0x00007fff493c0000 - 0x00007fff49b40000 	C:\WINDOWS\System32\windows.storage.dll
0x00007fff48d30000 - 0x00007fff48d53000 	C:\WINDOWS\System32\profapi.dll
0x00007fff48d60000 - 0x00007fff48daa000 	C:\WINDOWS\System32\powrprof.dll
0x00007fff48d20000 - 0x00007fff48d30000 	C:\WINDOWS\System32\UMPDC.dll
0x00007fff4a780000 - 0x00007fff4a7d2000 	C:\WINDOWS\System32\shlwapi.dll
0x00007fff48db0000 - 0x00007fff48dc1000 	C:\WINDOWS\System32\kernel.appcore.dll
0x00007fff49b40000 - 0x00007fff49b57000 	C:\WINDOWS\System32\cryptsp.dll
0x00007fff20770000 - 0x00007fff2078a000 	C:\Program Files\Java\jdk-10.0.1\bin\net.dll
0x00007fff37d40000 - 0x00007fff37e31000 	C:\WINDOWS\SYSTEM32\WINHTTP.dll
0x00007fff48590000 - 0x00007fff485f7000 	C:\WINDOWS\system32\mswsock.dll
0x00007fff1ae40000 - 0x00007fff1ae51000 	C:\Program Files\Java\jdk-10.0.1\bin\nio.dll
0x00007fff482e0000 - 0x00007fff483aa000 	C:\WINDOWS\SYSTEM32\DNSAPI.dll
0x00007fff4b130000 - 0x00007fff4b138000 	C:\WINDOWS\System32\NSI.dll
0x00007fff482a0000 - 0x00007fff482da000 	C:\WINDOWS\SYSTEM32\IPHLPAPI.DLL
0x00007fff41530000 - 0x00007fff4153a000 	C:\Windows\System32\rasadhlp.dll
0x00007fff3efb0000 - 0x00007fff3f027000 	C:\WINDOWS\System32\fwpuclnt.dll
0x00007fff49e10000 - 0x00007fff49e36000 	C:\WINDOWS\System32\bcrypt.dll
0x00007fff480a0000 - 0x00007fff480d3000 	C:\WINDOWS\system32\rsaenh.dll
0x00007fff48c40000 - 0x00007fff48c65000 	C:\WINDOWS\SYSTEM32\USERENV.dll
0x00007fff48760000 - 0x00007fff4876c000 	C:\WINDOWS\SYSTEM32\CRYPTBASE.dll
0x00007fff40200000 - 0x00007fff40216000 	C:\WINDOWS\SYSTEM32\dhcpcsvc6.DLL
0x00007fff40bf0000 - 0x00007fff40c0c000 	C:\WINDOWS\SYSTEM32\dhcpcsvc.DLL
0x00007fff1a940000 - 0x00007fff1a963000 	C:\Program Files\Java\jdk-10.0.1\bin\sunec.dll
0x00007fff38350000 - 0x00007fff3835b000 	C:\Program Files\Java\jdk-10.0.1\bin\sunmscapi.dll
0x00007fff49c10000 - 0x00007fff49d59000 	C:\WINDOWS\System32\CRYPT32.dll
0x00007fff48dd0000 - 0x00007fff48de2000 	C:\WINDOWS\System32\MSASN1.dll

dbghelp: loaded successfully - version: 4.0.5 - missing functions: none
symbol engine: initialized successfully - sym options: 0x614 - pdb path: .;C:\Program Files\Java\jdk-10.0.1\bin;C:\WINDOWS\SYSTEM32;C:\WINDOWS\WinSxS\amd64_microsoft.windows.common-controls_6595b64144ccf1df_6.0.18362.720_none_e6beb5c51314836b;C:\Program Files\Java\jdk-10.0.1\bin\server

VM Arguments:
jvm_args: -ea -Dfile.encoding=Cp1252 
java_command: org.testng.remote.RemoteTestNG -serport 63162 -protocol json -d D:\Selenium-Project\Sample-Test\test-output C:\Users\sanky\AppData\Local\Temp\testng-eclipse--1624166658\testng-customsuite.xml
java_class_path (initial): C:\Users\sanky\eclipse\jee-photon\eclipse\configuration\org.eclipse.osgi\999\0\.cp\lib\testng-remote.jar;D:\Selenium-Project\Sample-Test\target\test-classes;D:\Selenium-Project\Sample-Test\target\classes;C:\Users\sanky\.m2\repository\junit\junit\4.12\junit-4.12.jar;C:\Users\sanky\.m2\repository\org\hamcrest\hamcrest-core\1.3\hamcrest-core-1.3.jar;C:\Users\sanky\.m2\repository\org\seleniumhq\selenium\selenium-java\4.0.0-alpha-1\selenium-java-4.0.0-alpha-1.jar;C:\Users\sanky\.m2\repository\org\seleniumhq\selenium\selenium-edge-driver\4.0.0-alpha-1\selenium-edge-driver-4.0.0-alpha-1.jar;C:\Users\sanky\.m2\repository\org\seleniumhq\selenium\selenium-firefox-xpi-driver\4.0.0-alpha-1\selenium-firefox-xpi-driver-4.0.0-alpha-1.jar;C:\Users\sanky\.m2\repository\org\seleniumhq\selenium\selenium-firefox-driver\4.0.0-alpha-1\selenium-firefox-driver-4.0.0-alpha-1.jar;C:\Users\sanky\.m2\repository\org\seleniumhq\selenium\selenium-ie-driver\4.0.0-alpha-1\selenium-ie-driver-4.0.0-alpha-1.jar;C:\Users\sanky\.m2\repository\org\seleniumhq\selenium\selenium-opera-driver\4.0.0-alpha-1\selenium-opera-driver-4.0.0-alpha-1.jar;C:\Users\sanky\.m2\repository\org\seleniumhq\selenium\selenium-safari-driver\4.0.0-alpha-1\selenium-safari-driver-4.0.0-alpha-1.jar;C:\Users\sanky\.m2\repository\org\seleniumhq\selenium\selenium-support\4.0.0-alpha-1\selenium-support-4.0.0-alpha-1.jar;C:\Users\sanky\.m2\repository\org\testng\testng\6.14.3\testng-6.14.3.jar;C:\Users\sanky\.m2\repository\com\beust\jcommander\1.72\jcommander-1.72.jar;C:\Users\sanky\.m2\repository\org\apache-extras\beanshell\bsh\2.0b6\bsh-2.0b6.jar;C:\Users\sanky\.m2\repository\org\apache\poi\poi\3.17\poi-3.17.jar;C:\Users\sanky\.m2\repository\commons-codec\commons-codec\1.10\commons-codec-1.10.jar;C:\Users\sanky\.m2\repository\org\apache\commons\commons-collections4\4.1\commons-collections4-4.1.jar;C:\Users\sanky\.m2\repository\org\apache\poi\poi-ooxml\3.17\poi-ooxml-3.17.jar;C:\Users\sanky\.m2\repository\or
Launcher Type: SUN_STANDARD

Logging:
Log output configuration:
#0: stdout all=warning uptime,level,tags
#1: stderr all=off uptime,level,tags

Environment Variables:
JAVA_HOME=C:\Program Files\Java\jdk-10.0.1
PATH=C:/Program Files/Java/jre1.8.0_191/bin/server;C:/Program Files/Java/jre1.8.0_191/bin;C:/Program Files/Java/jre1.8.0_191/lib/amd64;C:\Program Files (x86)\Common Files\Oracle\Java\javapath;C:\Program Files (x86)\Intel\iCLS Client\;C:\Program Files\Intel\iCLS Client\;C:\Windows\system32;C:\Windows;C:\Windows\System32\Wbem;C:\Windows\System32\WindowsPowerShell\v1.0\;C:\Program Files (x86)\Intel\Intel(R) Management Engine Components\DAL;C:\Program Files\Intel\Intel(R) Management Engine Components\DAL;C:\Program Files (x86)\Intel\Intel(R) Management Engine Components\IPT;C:\Program Files\Intel\Intel(R) Management Engine Components\IPT;C:\Program Files (x86)\NVIDIA Corporation\PhysX\Common;C:\WINDOWS\system32;C:\WINDOWS;C:\WINDOWS\System32\Wbem;C:\WINDOWS\System32\WindowsPowerShell\v1.0\;C:\WINDOWS\System32\OpenSSH\;C:\Program Files\nodejs\;C:\Program Files\Java\jdk-10.0.1\bin;C:\Users\sanky\AppData\Local\Android\Sdk\tools;C:\Users\sanky\AppData\Local\Android\Sdk\platform-tools;C:\Users\sanky\AppData\Local\Android\Sdk\bin;C:\Program Files\apache-maven\apache-maven-3.5.4\bin;C:\apache-maven-3.6.0\bin;C:\Program Files\Intel\WiFi\bin\;C:\Program Files\Common Files\Intel\WirelessCommon\;C:\Users\sanky\AppData\Local\Microsoft\WindowsApps;C:\Users\sanky\AppData\Roaming\npm;C:\Users\sanky\AppData\Local\Android\Sdk\tools;C:\Users\sanky\AppData\Local\Android\Sdk\platform-tools;C:\Users\sanky\AppData\Local\Android\Sdk\bin;C:\Program Files\Java\jdk-10.0.1\bin;C:\Program Files\nodejs\node_modules\npm\bin;C:\Users\sanky\AppData\Local\GitHubDesktop\bin;C:\Users\sanky\Desktop;
USERNAME=sanky
OS=Windows_NT
PROCESSOR_IDENTIFIER=Intel64 Family 6 Model 158 Stepping 9, GenuineIntel



---------------  S Y S T E M  ---------------

OS: Windows 10 , 64 bit Build 18362 (10.0.18362.329)

CPU:total 8 (initial active 8) (4 cores per cpu, 2 threads per core) family 6 model 158 stepping 9, cmov, cx8, fxsr, mmx, sse, sse2, sse3, ssse3, sse4.1, sse4.2, popcnt, avx, avx2, aes, clmul, erms, 3dnowpref, lzcnt, ht, tsc, tscinvbit, bmi1, bmi2, adx, fma

Memory: 4k page, physical 8247248k(14028k free), swap 21973452k(96860k free)

vm_info: Java HotSpot(TM) 64-Bit Server VM (10.0.1+10) for windows-amd64 JRE (10.0.1+10), built on Mar 27 2018 02:27:48 by "mach5one" with MS VC++ 12.0 (VS2013)

END.
